{"numTotalTestSuites":256,"numPassedTestSuites":213,"numFailedTestSuites":43,"numPendingTestSuites":0,"numTotalTests":557,"numPassedTests":516,"numFailedTests":39,"numPendingTests":2,"numTodoTests":0,"snapshot":{"added":0,"failure":false,"filesAdded":0,"filesRemoved":0,"filesRemovedList":[],"filesUnmatched":0,"filesUpdated":0,"matched":0,"total":0,"unchecked":0,"uncheckedKeysByFile":[],"unmatched":0,"updated":0,"didUpdate":false},"startTime":1775644937987,"success":false,"testResults":[{"assertionResults":[{"ancestorTitles":["Debug Aging"],"fullName":"Debug Aging should age after 52 weeks","status":"failed","title":"should age after 52 weeks","duration":352.02420800000004,"failureMessages":["TypeError: Cannot read properties of undefined (reading 'age')\n    at /Users/amauricia/Documents/GitHub/stable-lords/debug_aging.test.ts:19:28\n    at file:///Users/amauricia/Documents/GitHub/stable-lords/node_modules/@vitest/runner/dist/chunk-hooks.js:155:11\n    at file:///Users/amauricia/Documents/GitHub/stable-lords/node_modules/@vitest/runner/dist/chunk-hooks.js:752:26\n    at file:///Users/amauricia/Documents/GitHub/stable-lords/node_modules/@vitest/runner/dist/chunk-hooks.js:1897:20\n    at new Promise (<anonymous>)\n    at runWithTimeout (file:///Users/amauricia/Documents/GitHub/stable-lords/node_modules/@vitest/runner/dist/chunk-hooks.js:1863:10)\n    at runTest (file:///Users/amauricia/Documents/GitHub/stable-lords/node_modules/@vitest/runner/dist/chunk-hooks.js:1574:12)\n    at processTicksAndRejections (node:internal/process/task_queues:105:5)\n    at runSuite (file:///Users/amauricia/Documents/GitHub/stable-lords/node_modules/@vitest/runner/dist/chunk-hooks.js:1729:8)\n    at runSuite (file:///Users/amauricia/Documents/GitHub/stable-lords/node_modules/@vitest/runner/dist/chunk-hooks.js:1729:8)"],"meta":{}}],"startTime":1775644939655,"endTime":1775644940007.0242,"status":"failed","message":"","name":"/Users/amauricia/Documents/GitHub/stable-lords/debug_aging.test.ts"},{"assertionResults":[{"ancestorTitles":["Headless Simulation Harness"],"fullName":"Headless Simulation Harness runs a long-term balance check (104 weeks)","status":"passed","title":"runs a long-term balance check (104 weeks)","duration":2246.910625,"failureMessages":[],"meta":{}}],"startTime":1775644941342,"endTime":1775644943588.9106,"status":"passed","message":"","name":"/Users/amauricia/Documents/GitHub/stable-lords/src/scripts/simulation.test.ts"},{"assertionResults":[{"ancestorTitles":["advanceWeek pipeline orchestration"],"fullName":"advanceWeek pipeline orchestration calls all impact computation functions","status":"passed","title":"calls all impact computation functions","duration":6.694875000000025,"failureMessages":[],"meta":{}},{"ancestorTitles":["advanceWeek pipeline orchestration"],"fullName":"advanceWeek pipeline orchestration resolves collected impacts using resolveImpacts","status":"passed","title":"resolves collected impacts using resolveImpacts","duration":0.8906670000000076,"failureMessages":[],"meta":{}},{"ancestorTitles":["advanceWeek pipeline orchestration"],"fullName":"advanceWeek pipeline orchestration advances the week counter and returns a new state","status":"passed","title":"advances the week counter and returns a new state","duration":2.6717499999999745,"failureMessages":[],"meta":{}}],"startTime":1775644943806,"endTime":1775644943815.6716,"status":"passed","message":"","name":"/Users/amauricia/Documents/GitHub/stable-lords/src/test/advanceWeek.test.ts"},{"assertionResults":[{"ancestorTitles":["Style Balance"],"fullName":"Style Balance should have no style with >65% overall win rate","status":"passed","title":"should have no style with >65% overall win rate","duration":0.7756670000001122,"failureMessages":[],"meta":{}},{"ancestorTitles":["Style Balance"],"fullName":"Style Balance should have no style with <35% overall win rate (too weak)","status":"passed","title":"should have no style with <35% overall win rate (too weak)","duration":0.16391700000008314,"failureMessages":[],"meta":{}},{"ancestorTitles":["Style Balance"],"fullName":"Style Balance should have no single matchup worse than 80/20","status":"passed","title":"should have no single matchup worse than 80/20","duration":0.1019579999999678,"failureMessages":[],"meta":{}}],"startTime":1775644947832,"endTime":1775644947833.1638,"status":"passed","message":"","name":"/Users/amauricia/Documents/GitHub/stable-lords/src/test/balance.test.ts"},{"assertionResults":[{"ancestorTitles":["simulateFight — determinism"],"fullName":"simulateFight — determinism produces identical results with the same seed","status":"passed","title":"produces identical results with the same seed","duration":14.03495799999996,"failureMessages":[],"meta":{}},{"ancestorTitles":["simulateFight — determinism"],"fullName":"simulateFight — determinism produces different results with different seeds","status":"passed","title":"produces different results with different seeds","duration":6.555666999999971,"failureMessages":[],"meta":{}},{"ancestorTitles":["simulateFight — outcome structure"],"fullName":"simulateFight — outcome structure always returns a valid FightOutcome","status":"passed","title":"always returns a valid FightOutcome","duration":1.8967499999999973,"failureMessages":[],"meta":{}},{"ancestorTitles":["simulateFight — outcome structure"],"fullName":"simulateFight — outcome structure log entries have valid minute and text","status":"passed","title":"log entries have valid minute and text","duration":1.83725000000004,"failureMessages":[],"meta":{}},{"ancestorTitles":["simulateFight — outcome structure"],"fullName":"simulateFight — outcome structure post stats are consistent with outcome","status":"passed","title":"post stats are consistent with outcome","duration":0.45783400000004804,"failureMessages":[],"meta":{}},{"ancestorTitles":["simulateFight — kill logic"],"fullName":"simulateFight — kill logic kills are more likely with high killDesire and OE","status":"passed","title":"kills are more likely with high killDesire and OE","duration":7.757040999999958,"failureMessages":[],"meta":{}},{"ancestorTitles":["simulateFight — kill logic"],"fullName":"simulateFight — kill logic low killDesire reduces kill frequency","status":"passed","title":"low killDesire reduces kill frequency","duration":8.942916999999966,"failureMessages":[],"meta":{}},{"ancestorTitles":["simulateFight — style matchups"],"fullName":"simulateFight — style matchups Wall of Steel has defensive advantage over aggressive styles","status":"passed","title":"Wall of Steel has defensive advantage over aggressive styles","duration":2.5299159999999574,"failureMessages":[],"meta":{}},{"ancestorTitles":["simulateFight — style matchups"],"fullName":"simulateFight — style matchups defaultPlanForWarrior returns sensible defaults per style","status":"passed","title":"defaultPlanForWarrior returns sensible defaults per style","duration":0.37958400000002257,"failureMessages":[],"meta":{}},{"ancestorTitles":["simulateFight — phase strategies"],"fullName":"simulateFight — phase strategies respects per-phase OE/AL overrides","status":"passed","title":"respects per-phase OE/AL overrides","duration":0.36075000000005275,"failureMessages":[],"meta":{}},{"ancestorTitles":["simulateFight — endurance and exhaustion"],"fullName":"simulateFight — endurance and exhaustion high OE+AL drains endurance faster","status":"passed","title":"high OE+AL drains endurance faster","duration":0.2269579999999678,"failureMessages":[],"meta":{}},{"ancestorTitles":["fameFromTags"],"fullName":"fameFromTags returns zero for no tags","status":"passed","title":"returns zero for no tags","duration":0.13241699999991852,"failureMessages":[],"meta":{}},{"ancestorTitles":["fameFromTags"],"fullName":"fameFromTags awards fame for Kill","status":"passed","title":"awards fame for Kill","duration":0.14491700000007768,"failureMessages":[],"meta":{}},{"ancestorTitles":["fameFromTags"],"fullName":"fameFromTags awards fame and pop for KO","status":"passed","title":"awards fame and pop for KO","duration":0.04362500000002001,"failureMessages":[],"meta":{}},{"ancestorTitles":["fameFromTags"],"fullName":"fameFromTags awards pop for Flashy","status":"passed","title":"awards pop for Flashy","duration":0.030666999999994005,"failureMessages":[],"meta":{}},{"ancestorTitles":["fameFromTags"],"fullName":"fameFromTags stacks multiple tags","status":"passed","title":"stacks multiple tags","duration":0.03787499999998545,"failureMessages":[],"meta":{}},{"ancestorTitles":["fameFromTags"],"fullName":"fameFromTags applies dampener above 5","status":"passed","title":"applies dampener above 5","duration":0.03012499999999818,"failureMessages":[],"meta":{}},{"ancestorTitles":["fameFromTags"],"fullName":"fameFromTags handles undefined tags gracefully","status":"passed","title":"handles undefined tags gracefully","duration":0.0369589999999107,"failureMessages":[],"meta":{}},{"ancestorTitles":["simulateFight — hit-location lethality"],"fullName":"simulateFight — hit-location lethality targeting head produces more kills than targeting limbs","status":"passed","title":"targeting head produces more kills than targeting limbs","duration":9.624000000000024,"failureMessages":[],"meta":{}},{"ancestorTitles":["simulateFight — hit-location lethality"],"fullName":"simulateFight — hit-location lethality head armor reduces lethality of head-targeted attacks","status":"passed","title":"head armor reduces lethality of head-targeted attacks","duration":12.211208000000056,"failureMessages":[],"meta":{}},{"ancestorTitles":["simulateFight — hit-location lethality"],"fullName":"simulateFight — hit-location lethality chest/torso attacks are a reliable kill path compared to legs","status":"passed","title":"chest/torso attacks are a reliable kill path compared to legs","duration":17.958166000000006,"failureMessages":[],"meta":{}}],"startTime":1775644942697,"endTime":1775644942783.9583,"status":"passed","message":"","name":"/Users/amauricia/Documents/GitHub/stable-lords/src/test/combat.test.ts"},{"assertionResults":[{"ancestorTitles":["example"],"fullName":"example should pass","status":"passed","title":"should pass","duration":0.6280000000000427,"failureMessages":[],"meta":{}}],"startTime":1775644947516,"endTime":1775644947516.628,"status":"passed","message":"","name":"/Users/amauricia/Documents/GitHub/stable-lords/src/test/example.test.ts"},{"assertionResults":[{"ancestorTitles":["Stable Lords 1.0 Rivalry Growth Audit"],"fullName":"Stable Lords 1.0 Rivalry Growth Audit verifies that rivalry intensity scales correctly with fame outcomes","status":"passed","title":"verifies that rivalry intensity scales correctly with fame outcomes","duration":1.2275829999999814,"failureMessages":[],"meta":{}},{"ancestorTitles":["Stable Lords 1.0 Rivalry Growth Audit"],"fullName":"Stable Lords 1.0 Rivalry Growth Audit verifies that rivalries reach Stage 5 (Blood Feud) over repeated bouts","status":"passed","title":"verifies that rivalries reach Stage 5 (Blood Feud) over repeated bouts","duration":0.7461250000000064,"failureMessages":[],"meta":{}}],"startTime":1775644946107,"endTime":1775644946109.746,"status":"passed","message":"","name":"/Users/amauricia/Documents/GitHub/stable-lords/src/test/rivalryGrowth.test.ts"},{"assertionResults":[{"ancestorTitles":["Scheduling Assistant Engine"],"fullName":"Scheduling Assistant Engine should correctly score a favorable style matchup (e.g. TP vs AB)","status":"passed","title":"should correctly score a favorable style matchup (e.g. TP vs AB)","duration":1.1573750000000018,"failureMessages":[],"meta":{}},{"ancestorTitles":["Scheduling Assistant Engine"],"fullName":"Scheduling Assistant Engine should correctly score an unfavorable style matchup (e.g. AB vs PR)","status":"passed","title":"should correctly score an unfavorable style matchup (e.g. AB vs PR)","duration":0.18287499999996726,"failureMessages":[],"meta":{}},{"ancestorTitles":["Scheduling Assistant Engine"],"fullName":"Scheduling Assistant Engine should return a sorted list of top challenges for a warrior","status":"passed","title":"should return a sorted list of top challenges for a warrior","duration":0.3139170000000604,"failureMessages":[],"meta":{}},{"ancestorTitles":["Scheduling Assistant Engine"],"fullName":"Scheduling Assistant Engine should penalize matchups where fame difference is too high","status":"passed","title":"should penalize matchups where fame difference is too high","duration":0.16733399999998255,"failureMessages":[],"meta":{}},{"ancestorTitles":["Scheduling Assistant Engine"],"fullName":"Scheduling Assistant Engine should return a sorted list of matchups to avoid","status":"passed","title":"should return a sorted list of matchups to avoid","duration":1.4161660000000893,"failureMessages":[],"meta":{}}],"startTime":1775644945840,"endTime":1775644945843.4163,"status":"passed","message":"","name":"/Users/amauricia/Documents/GitHub/stable-lords/src/test/schedulingAssistant.test.ts"},{"assertionResults":[{"ancestorTitles":["simulateFight — resolution phases"],"fullName":"simulateFight — resolution phases generates log entries across multiple phases","status":"passed","title":"generates log entries across multiple phases","duration":9.423999999999978,"failureMessages":[],"meta":{}},{"ancestorTitles":["simulateFight — resolution phases"],"fullName":"simulateFight — resolution phases phase-specific OE/AL overrides are respected","status":"passed","title":"phase-specific OE/AL overrides are respected","duration":3.2649160000000848,"failureMessages":[],"meta":{}},{"ancestorTitles":["simulateFight — tactic resolution"],"fullName":"simulateFight — tactic resolution Bash tactic bypasses parry more often","status":"passed","title":"Bash tactic bypasses parry more often","duration":17.977499999999964,"failureMessages":[],"meta":{}},{"ancestorTitles":["simulateFight — tactic resolution"],"fullName":"simulateFight — tactic resolution Dodge tactic skips parry and uses DEF","status":"passed","title":"Dodge tactic skips parry and uses DEF","duration":0.5264999999999418,"failureMessages":[],"meta":{}},{"ancestorTitles":["simulateFight — tactic resolution"],"fullName":"simulateFight — tactic resolution Lunge tactic increases attack at cost of defense","status":"passed","title":"Lunge tactic increases attack at cost of defense","duration":12.046666000000187,"failureMessages":[],"meta":{}},{"ancestorTitles":["simulateFight — tactic resolution"],"fullName":"simulateFight — tactic resolution Riposte tactic increases counter-attack frequency","status":"failed","title":"Riposte tactic increases counter-attack frequency","duration":7.495457999999871,"failureMessages":["AssertionError: expected 58 to be greater than or equal to 59\n    at /Users/amauricia/Documents/GitHub/stable-lords/src/test/simulate.test.ts:187:25\n    at file:///Users/amauricia/Documents/GitHub/stable-lords/node_modules/@vitest/runner/dist/chunk-hooks.js:155:11\n    at file:///Users/amauricia/Documents/GitHub/stable-lords/node_modules/@vitest/runner/dist/chunk-hooks.js:752:26\n    at file:///Users/amauricia/Documents/GitHub/stable-lords/node_modules/@vitest/runner/dist/chunk-hooks.js:1897:20\n    at new Promise (<anonymous>)\n    at runWithTimeout (file:///Users/amauricia/Documents/GitHub/stable-lords/node_modules/@vitest/runner/dist/chunk-hooks.js:1863:10)\n    at runTest (file:///Users/amauricia/Documents/GitHub/stable-lords/node_modules/@vitest/runner/dist/chunk-hooks.js:1574:12)\n    at processTicksAndRejections (node:internal/process/task_queues:105:5)\n    at runSuite (file:///Users/amauricia/Documents/GitHub/stable-lords/node_modules/@vitest/runner/dist/chunk-hooks.js:1729:8)\n    at runSuite (file:///Users/amauricia/Documents/GitHub/stable-lords/node_modules/@vitest/runner/dist/chunk-hooks.js:1729:8)"],"meta":{}},{"ancestorTitles":["simulateFight — tactic overuse penalty"],"fullName":"simulateFight — tactic overuse penalty continuous tactic use degrades effectiveness","status":"passed","title":"continuous tactic use degrades effectiveness","duration":0.4109169999999267,"failureMessages":[],"meta":{}},{"ancestorTitles":["simulateFight — target and protect mechanics"],"fullName":"simulateFight — target and protect mechanics targeted attacks hit the specified location more often","status":"passed","title":"targeted attacks hit the specified location more often","duration":2.7260000000001128,"failureMessages":[],"meta":{}},{"ancestorTitles":["simulateFight — target and protect mechanics"],"fullName":"simulateFight — target and protect mechanics protect reduces damage to covered locations","status":"passed","title":"protect reduces damage to covered locations","duration":0.4648339999998825,"failureMessages":[],"meta":{}},{"ancestorTitles":["simulateFight — outcome termination types"],"fullName":"simulateFight — outcome termination types can produce Kill outcomes","status":"passed","title":"can produce Kill outcomes","duration":6.757916999999907,"failureMessages":[],"meta":{}},{"ancestorTitles":["simulateFight — outcome termination types"],"fullName":"simulateFight — outcome termination types can produce KO outcomes","status":"passed","title":"can produce KO outcomes","duration":3.2569169999999303,"failureMessages":[],"meta":{}},{"ancestorTitles":["simulateFight — outcome termination types"],"fullName":"simulateFight — outcome termination types can produce Exhaustion outcomes","status":"passed","title":"can produce Exhaustion outcomes","duration":1.8600840000001426,"failureMessages":[],"meta":{}},{"ancestorTitles":["simulateFight — outcome termination types"],"fullName":"simulateFight — outcome termination types can produce Stoppage outcomes","status":"passed","title":"can produce Stoppage outcomes","duration":1.6331660000000738,"failureMessages":[],"meta":{}},{"ancestorTitles":["simulateFight — outcome termination types"],"fullName":"simulateFight — outcome termination types can produce Draw outcomes","status":"passed","title":"can produce Draw outcomes","duration":11.73262499999987,"failureMessages":[],"meta":{}},{"ancestorTitles":["simulateFight — initiative and tempo"],"fullName":"simulateFight — initiative and tempo high AL improves initiative","status":"failed","title":"high AL improves initiative","duration":2.81450000000018,"failureMessages":["AssertionError: expected 0 to be greater than or equal to 7.5\n    at /Users/amauricia/Documents/GitHub/stable-lords/src/test/simulate.test.ts:355:25\n    at file:///Users/amauricia/Documents/GitHub/stable-lords/node_modules/@vitest/runner/dist/chunk-hooks.js:155:11\n    at file:///Users/amauricia/Documents/GitHub/stable-lords/node_modules/@vitest/runner/dist/chunk-hooks.js:752:26\n    at file:///Users/amauricia/Documents/GitHub/stable-lords/node_modules/@vitest/runner/dist/chunk-hooks.js:1897:20\n    at new Promise (<anonymous>)\n    at runWithTimeout (file:///Users/amauricia/Documents/GitHub/stable-lords/node_modules/@vitest/runner/dist/chunk-hooks.js:1863:10)\n    at runTest (file:///Users/amauricia/Documents/GitHub/stable-lords/node_modules/@vitest/runner/dist/chunk-hooks.js:1574:12)\n    at processTicksAndRejections (node:internal/process/task_queues:105:5)\n    at runSuite (file:///Users/amauricia/Documents/GitHub/stable-lords/node_modules/@vitest/runner/dist/chunk-hooks.js:1729:8)\n    at runSuite (file:///Users/amauricia/Documents/GitHub/stable-lords/node_modules/@vitest/runner/dist/chunk-hooks.js:1729:8)"],"meta":{}},{"ancestorTitles":["simulateFight — style passives integration"],"fullName":"simulateFight — style passives integration Basher consecutive hits build momentum","status":"passed","title":"Basher consecutive hits build momentum","duration":1.5702909999999974,"failureMessages":[],"meta":{}},{"ancestorTitles":["simulateFight — style passives integration"],"fullName":"simulateFight — style passives integration Total Parry has endurance efficiency advantage","status":"passed","title":"Total Parry has endurance efficiency advantage","duration":1.2931250000001455,"failureMessages":[],"meta":{}},{"ancestorTitles":["simulateFight — equipment modifiers"],"fullName":"simulateFight — equipment modifiers heavy weapons increase damage","status":"passed","title":"heavy weapons increase damage","duration":0.18916600000011385,"failureMessages":[],"meta":{}},{"ancestorTitles":["simulateFight — equipment modifiers"],"fullName":"simulateFight — equipment modifiers shields improve defense","status":"passed","title":"shields improve defense","duration":1.7529590000001463,"failureMessages":[],"meta":{}},{"ancestorTitles":["simulateFight — narrative log quality"],"fullName":"simulateFight — narrative log quality generates warrior introductions at minute 0","status":"passed","title":"generates warrior introductions at minute 0","duration":0.1552079999999023,"failureMessages":[],"meta":{}},{"ancestorTitles":["simulateFight — narrative log quality"],"fullName":"simulateFight — narrative log quality includes bout ending narration","status":"passed","title":"includes bout ending narration","duration":0.17441699999994853,"failureMessages":[],"meta":{}},{"ancestorTitles":["simulateFight — narrative log quality"],"fullName":"simulateFight — narrative log quality log entries have increasing or stable minutes","status":"passed","title":"log entries have increasing or stable minutes","duration":1.2984589999998661,"failureMessages":[],"meta":{}},{"ancestorTitles":["defaultPlanForWarrior"],"fullName":"defaultPlanForWarrior returns appropriate defaults for each style","status":"passed","title":"returns appropriate defaults for each style","duration":0.9629999999999654,"failureMessages":[],"meta":{}},{"ancestorTitles":["defaultPlanForWarrior"],"fullName":"defaultPlanForWarrior Total Parry has low offensive defaults","status":"passed","title":"Total Parry has low offensive defaults","duration":0.06024999999999636,"failureMessages":[],"meta":{}},{"ancestorTitles":["defaultPlanForWarrior"],"fullName":"defaultPlanForWarrior Bashing Attack has high offensive defaults","status":"passed","title":"Bashing Attack has high offensive defaults","duration":0.06041699999991579,"failureMessages":[],"meta":{}},{"ancestorTitles":["simulateFight — determinism"],"fullName":"simulateFight — determinism identical seeds produce identical results","status":"passed","title":"identical seeds produce identical results","duration":0.29833399999984067,"failureMessages":[],"meta":{}},{"ancestorTitles":["simulateFight — determinism"],"fullName":"simulateFight — determinism different seeds produce varied results","status":"passed","title":"different seeds produce varied results","duration":1.338416000000052,"failureMessages":[],"meta":{}},{"ancestorTitles":["simulateFight — post-fight stats"],"fullName":"simulateFight — post-fight stats post.tags contains outcome tags","status":"passed","title":"post.tags contains outcome tags","duration":0.24633399999993344,"failureMessages":[],"meta":{}},{"ancestorTitles":["simulateFight — post-fight stats"],"fullName":"simulateFight — post-fight stats post.gotKillA/D matches outcome","status":"passed","title":"post.gotKillA/D matches outcome","duration":0.1019579999999678,"failureMessages":[],"meta":{}},{"ancestorTitles":["simulateFight — post-fight stats"],"fullName":"simulateFight — post-fight stats hit counts are non-negative","status":"passed","title":"hit counts are non-negative","duration":0.18091599999979735,"failureMessages":[],"meta":{}},{"ancestorTitles":["simulateFight — post-fight stats"],"fullName":"simulateFight — post-fight stats xp values are assigned","status":"passed","title":"xp values are assigned","duration":0.1702500000001237,"failureMessages":[],"meta":{}}],"startTime":1775644939338,"endTime":1775644939431.181,"status":"failed","message":"","name":"/Users/amauricia/Documents/GitHub/stable-lords/src/test/simulate.test.ts"},{"assertionResults":[{"ancestorTitles":["Stable Lords 1.0 Simulation Hardening Audit"],"fullName":"Stable Lords 1.0 Simulation Hardening Audit runs a 104-week high-stakes career simulation","status":"failed","title":"runs a 104-week high-stakes career simulation","duration":8894.774209,"failureMessages":["AssertionError: expected 0.024804177545691905 to be greater than 0.05\n    at /Users/amauricia/Documents/GitHub/stable-lords/src/test/simulation_hardening.test.ts:35:29\n    at file:///Users/amauricia/Documents/GitHub/stable-lords/node_modules/@vitest/runner/dist/chunk-hooks.js:155:11\n    at file:///Users/amauricia/Documents/GitHub/stable-lords/node_modules/@vitest/runner/dist/chunk-hooks.js:752:26\n    at file:///Users/amauricia/Documents/GitHub/stable-lords/node_modules/@vitest/runner/dist/chunk-hooks.js:1897:20\n    at new Promise (<anonymous>)\n    at runWithTimeout (file:///Users/amauricia/Documents/GitHub/stable-lords/node_modules/@vitest/runner/dist/chunk-hooks.js:1863:10)\n    at runTest (file:///Users/amauricia/Documents/GitHub/stable-lords/node_modules/@vitest/runner/dist/chunk-hooks.js:1574:12)\n    at processTicksAndRejections (node:internal/process/task_queues:105:5)\n    at runSuite (file:///Users/amauricia/Documents/GitHub/stable-lords/node_modules/@vitest/runner/dist/chunk-hooks.js:1729:8)\n    at runSuite (file:///Users/amauricia/Documents/GitHub/stable-lords/node_modules/@vitest/runner/dist/chunk-hooks.js:1729:8)"],"meta":{}}],"startTime":1775644939670,"endTime":1775644948564.7742,"status":"failed","message":"","name":"/Users/amauricia/Documents/GitHub/stable-lords/src/test/simulation_hardening.test.ts"},{"assertionResults":[{"ancestorTitles":["BoutVisualizer"],"fullName":"BoutVisualizer renders the initial state","status":"failed","title":"renders the initial state","duration":60.81495799999993,"failureMessages":["Error: `Tooltip` must be used within `TooltipProvider`\n    at useContext2 (file:///Users/amauricia/Documents/GitHub/stable-lords/node_modules/@radix-ui/react-context/src/create-context.tsx:75:13)\n    at Tooltip (file:///Users/amauricia/Documents/GitHub/stable-lords/node_modules/@radix-ui/react-tooltip/src/tooltip.tsx:162:27)\n    at renderWithHooks (/Users/amauricia/Documents/GitHub/stable-lords/node_modules/react-dom/cjs/react-dom.development.js:15486:18)\n    at mountIndeterminateComponent (/Users/amauricia/Documents/GitHub/stable-lords/node_modules/react-dom/cjs/react-dom.development.js:20103:13)\n    at beginWork (/Users/amauricia/Documents/GitHub/stable-lords/node_modules/react-dom/cjs/react-dom.development.js:21626:16)\n    at beginWork$1 (/Users/amauricia/Documents/GitHub/stable-lords/node_modules/react-dom/cjs/react-dom.development.js:27465:14)\n    at performUnitOfWork (/Users/amauricia/Documents/GitHub/stable-lords/node_modules/react-dom/cjs/react-dom.development.js:26599:12)\n    at workLoopSync (/Users/amauricia/Documents/GitHub/stable-lords/node_modules/react-dom/cjs/react-dom.development.js:26505:5)\n    at renderRootSync (/Users/amauricia/Documents/GitHub/stable-lords/node_modules/react-dom/cjs/react-dom.development.js:26473:7)\n    at recoverFromConcurrentError (/Users/amauricia/Documents/GitHub/stable-lords/node_modules/react-dom/cjs/react-dom.development.js:25889:20)"],"meta":{}},{"ancestorTitles":["BoutVisualizer"],"fullName":"BoutVisualizer advances the timeline when play is pressed","status":"skipped","title":"advances the timeline when play is pressed","failureMessages":[],"meta":{}},{"ancestorTitles":["BoutVisualizer"],"fullName":"BoutVisualizer renders critical strike animations/indicators","status":"failed","title":"renders critical strike animations/indicators","duration":13.070332999999664,"failureMessages":["Error: `Tooltip` must be used within `TooltipProvider`\n    at useContext2 (file:///Users/amauricia/Documents/GitHub/stable-lords/node_modules/@radix-ui/react-context/src/create-context.tsx:75:13)\n    at Tooltip (file:///Users/amauricia/Documents/GitHub/stable-lords/node_modules/@radix-ui/react-tooltip/src/tooltip.tsx:162:27)\n    at renderWithHooks (/Users/amauricia/Documents/GitHub/stable-lords/node_modules/react-dom/cjs/react-dom.development.js:15486:18)\n    at mountIndeterminateComponent (/Users/amauricia/Documents/GitHub/stable-lords/node_modules/react-dom/cjs/react-dom.development.js:20103:13)\n    at beginWork (/Users/amauricia/Documents/GitHub/stable-lords/node_modules/react-dom/cjs/react-dom.development.js:21626:16)\n    at beginWork$1 (/Users/amauricia/Documents/GitHub/stable-lords/node_modules/react-dom/cjs/react-dom.development.js:27465:14)\n    at performUnitOfWork (/Users/amauricia/Documents/GitHub/stable-lords/node_modules/react-dom/cjs/react-dom.development.js:26599:12)\n    at workLoopSync (/Users/amauricia/Documents/GitHub/stable-lords/node_modules/react-dom/cjs/react-dom.development.js:26505:5)\n    at renderRootSync (/Users/amauricia/Documents/GitHub/stable-lords/node_modules/react-dom/cjs/react-dom.development.js:26473:7)\n    at recoverFromConcurrentError (/Users/amauricia/Documents/GitHub/stable-lords/node_modules/react-dom/cjs/react-dom.development.js:25889:20)"],"meta":{}}],"startTime":1775644940327,"endTime":1775644940401.0703,"status":"failed","message":"","name":"/Users/amauricia/Documents/GitHub/stable-lords/src/test/components/BoutVisualizer.test.tsx"},{"assertionResults":[{"ancestorTitles":[],"fullName":"pass","status":"passed","title":"pass","duration":0.5052499999999327,"failureMessages":[],"meta":{}}],"startTime":1775644944205,"endTime":1775644944205.5054,"status":"passed","message":"","name":"/Users/amauricia/Documents/GitHub/stable-lords/src/test/components/MarkdownReader.test.tsx"},{"assertionResults":[{"ancestorTitles":["PaperDoll"],"fullName":"PaperDoll renders all body parts","status":"passed","title":"renders all body parts","duration":27.88575000000003,"failureMessages":[],"meta":{}},{"ancestorTitles":["PaperDoll"],"fullName":"PaperDoll applies red color for critical health","status":"passed","title":"applies red color for critical health","duration":3.208291000000031,"failureMessages":[],"meta":{}},{"ancestorTitles":["PaperDoll"],"fullName":"PaperDoll applies yellow color for moderate health","status":"passed","title":"applies yellow color for moderate health","duration":1.5940840000000662,"failureMessages":[],"meta":{}},{"ancestorTitles":["PaperDoll"],"fullName":"PaperDoll applies green color for full health","status":"passed","title":"applies green color for full health","duration":1.4240419999999858,"failureMessages":[],"meta":{}}],"startTime":1775644942973,"endTime":1775644943007.424,"status":"passed","message":"","name":"/Users/amauricia/Documents/GitHub/stable-lords/src/test/components/PaperDoll.test.tsx"},{"assertionResults":[{"ancestorTitles":["PlanBuilder Matchup Rendering"],"fullName":"PlanBuilder Matchup Rendering renders MATCHUP_ADV when player has a style advantage","status":"passed","title":"renders MATCHUP_ADV when player has a style advantage","duration":67.68733300000008,"failureMessages":[],"meta":{}},{"ancestorTitles":["PlanBuilder Matchup Rendering"],"fullName":"PlanBuilder Matchup Rendering renders MATCHUP_PENALTY when player has a style disadvantage","status":"passed","title":"renders MATCHUP_PENALTY when player has a style disadvantage","duration":19.20891699999993,"failureMessages":[],"meta":{}},{"ancestorTitles":["PlanBuilder Matchup Rendering"],"fullName":"PlanBuilder Matchup Rendering renders no badge when matchup is neutral","status":"passed","title":"renders no badge when matchup is neutral","duration":20.027000000000044,"failureMessages":[],"meta":{}}],"startTime":1775644942858,"endTime":1775644942965.027,"status":"passed","message":"","name":"/Users/amauricia/Documents/GitHub/stable-lords/src/test/components/PlanBuilder.test.tsx"},{"assertionResults":[{"ancestorTitles":["AI Agent Architecture - Skeptical Intent"],"fullName":"AI Agent Architecture - Skeptical Intent should approve a valid plan","status":"passed","title":"should approve a valid plan","duration":0.7508750000000646,"failureMessages":[],"meta":{}},{"ancestorTitles":["AI Agent Architecture - Skeptical Intent"],"fullName":"AI Agent Architecture - Skeptical Intent should disprove a plan due to financial crisis","status":"failed","title":"should disprove a plan due to financial crisis","duration":4.068207999999913,"failureMessages":["AssertionError: expected false to be true // Object.is equality\n    at /Users/amauricia/Documents/GitHub/stable-lords/src/test/engine/agentArchitecture.test.ts:27:25\n    at file:///Users/amauricia/Documents/GitHub/stable-lords/node_modules/@vitest/runner/dist/chunk-hooks.js:155:11\n    at file:///Users/amauricia/Documents/GitHub/stable-lords/node_modules/@vitest/runner/dist/chunk-hooks.js:752:26\n    at file:///Users/amauricia/Documents/GitHub/stable-lords/node_modules/@vitest/runner/dist/chunk-hooks.js:1897:20\n    at new Promise (<anonymous>)\n    at runWithTimeout (file:///Users/amauricia/Documents/GitHub/stable-lords/node_modules/@vitest/runner/dist/chunk-hooks.js:1863:10)\n    at runTest (file:///Users/amauricia/Documents/GitHub/stable-lords/node_modules/@vitest/runner/dist/chunk-hooks.js:1574:12)\n    at processTicksAndRejections (node:internal/process/task_queues:105:5)\n    at runSuite (file:///Users/amauricia/Documents/GitHub/stable-lords/node_modules/@vitest/runner/dist/chunk-hooks.js:1729:8)\n    at runSuite (file:///Users/amauricia/Documents/GitHub/stable-lords/node_modules/@vitest/runner/dist/chunk-hooks.js:1729:8)"],"meta":{}},{"ancestorTitles":["AI Agent Architecture - Skeptical Intent"],"fullName":"AI Agent Architecture - Skeptical Intent should disprove a VENDETTA due to low active roster","status":"passed","title":"should disprove a VENDETTA due to low active roster","duration":0.12874999999996817,"failureMessages":[],"meta":{}},{"ancestorTitles":["AI Agent Architecture - Skeptical Intent"],"fullName":"AI Agent Architecture - Skeptical Intent should NOT disprove if personality is Aggressive despite low gold (higher risk tolerance)","status":"failed","title":"should NOT disprove if personality is Aggressive despite low gold (higher risk tolerance)","duration":0.4636249999999791,"failureMessages":["AssertionError: expected false to be true // Object.is equality\n    at /Users/amauricia/Documents/GitHub/stable-lords/src/test/engine/agentArchitecture.test.ts:46:25\n    at file:///Users/amauricia/Documents/GitHub/stable-lords/node_modules/@vitest/runner/dist/chunk-hooks.js:155:11\n    at file:///Users/amauricia/Documents/GitHub/stable-lords/node_modules/@vitest/runner/dist/chunk-hooks.js:752:26\n    at file:///Users/amauricia/Documents/GitHub/stable-lords/node_modules/@vitest/runner/dist/chunk-hooks.js:1897:20\n    at new Promise (<anonymous>)\n    at runWithTimeout (file:///Users/amauricia/Documents/GitHub/stable-lords/node_modules/@vitest/runner/dist/chunk-hooks.js:1863:10)\n    at runTest (file:///Users/amauricia/Documents/GitHub/stable-lords/node_modules/@vitest/runner/dist/chunk-hooks.js:1574:12)\n    at processTicksAndRejections (node:internal/process/task_queues:105:5)\n    at runSuite (file:///Users/amauricia/Documents/GitHub/stable-lords/node_modules/@vitest/runner/dist/chunk-hooks.js:1729:8)\n    at runSuite (file:///Users/amauricia/Documents/GitHub/stable-lords/node_modules/@vitest/runner/dist/chunk-hooks.js:1729:8)"],"meta":{}},{"ancestorTitles":["AI Agent Architecture - Weather Skepticism"],"fullName":"AI Agent Architecture - Weather Skepticism should decline a bout for LungingAttack in Rainy weather","status":"failed","title":"should decline a bout for LungingAttack in Rainy weather","duration":1.403458999999998,"failureMessages":["AssertionError: expected 'Precision penalty in rain.' to contain 'disadvantage in Rainy conditions'\n    at /Users/amauricia/Documents/GitHub/stable-lords/src/test/engine/agentArchitecture.test.ts:74:29\n    at file:///Users/amauricia/Documents/GitHub/stable-lords/node_modules/@vitest/runner/dist/chunk-hooks.js:155:11\n    at file:///Users/amauricia/Documents/GitHub/stable-lords/node_modules/@vitest/runner/dist/chunk-hooks.js:752:26\n    at file:///Users/amauricia/Documents/GitHub/stable-lords/node_modules/@vitest/runner/dist/chunk-hooks.js:1897:20\n    at new Promise (<anonymous>)\n    at runWithTimeout (file:///Users/amauricia/Documents/GitHub/stable-lords/node_modules/@vitest/runner/dist/chunk-hooks.js:1863:10)\n    at runTest (file:///Users/amauricia/Documents/GitHub/stable-lords/node_modules/@vitest/runner/dist/chunk-hooks.js:1574:12)\n    at processTicksAndRejections (node:internal/process/task_queues:105:5)\n    at runSuite (file:///Users/amauricia/Documents/GitHub/stable-lords/node_modules/@vitest/runner/dist/chunk-hooks.js:1729:8)\n    at runSuite (file:///Users/amauricia/Documents/GitHub/stable-lords/node_modules/@vitest/runner/dist/chunk-hooks.js:1729:8)"],"meta":{}},{"ancestorTitles":["AI Agent Architecture - Weather Skepticism"],"fullName":"AI Agent Architecture - Weather Skepticism should accept a bout for LungingAttack in Clear weather","status":"passed","title":"should accept a bout for LungingAttack in Clear weather","duration":0.09874999999999545,"failureMessages":[],"meta":{}},{"ancestorTitles":["AI Agent Architecture - Weather Skepticism"],"fullName":"AI Agent Architecture - Weather Skepticism should decline a bout for low CON warrior in Scalding weather","status":"failed","title":"should decline a bout for low CON warrior in Scalding weather","duration":0.4647499999999809,"failureMessages":["AssertionError: expected 'Heatstroke risk too high.' to contain 'dangerous for this unit'\n    at /Users/amauricia/Documents/GitHub/stable-lords/src/test/engine/agentArchitecture.test.ts:87:29\n    at file:///Users/amauricia/Documents/GitHub/stable-lords/node_modules/@vitest/runner/dist/chunk-hooks.js:155:11\n    at file:///Users/amauricia/Documents/GitHub/stable-lords/node_modules/@vitest/runner/dist/chunk-hooks.js:752:26\n    at file:///Users/amauricia/Documents/GitHub/stable-lords/node_modules/@vitest/runner/dist/chunk-hooks.js:1897:20\n    at new Promise (<anonymous>)\n    at runWithTimeout (file:///Users/amauricia/Documents/GitHub/stable-lords/node_modules/@vitest/runner/dist/chunk-hooks.js:1863:10)\n    at runTest (file:///Users/amauricia/Documents/GitHub/stable-lords/node_modules/@vitest/runner/dist/chunk-hooks.js:1574:12)\n    at processTicksAndRejections (node:internal/process/task_queues:105:5)\n    at runSuite (file:///Users/amauricia/Documents/GitHub/stable-lords/node_modules/@vitest/runner/dist/chunk-hooks.js:1729:8)\n    at runSuite (file:///Users/amauricia/Documents/GitHub/stable-lords/node_modules/@vitest/runner/dist/chunk-hooks.js:1729:8)"],"meta":{}},{"ancestorTitles":["AI Agent Architecture - Weather Skepticism"],"fullName":"AI Agent Architecture - Weather Skepticism should accept a bout for high CON warrior in Scalding weather","status":"passed","title":"should accept a bout for high CON warrior in Scalding weather","duration":0.06787499999995816,"failureMessages":[],"meta":{}}],"startTime":1775644940491,"endTime":1775644940499.0679,"status":"failed","message":"","name":"/Users/amauricia/Documents/GitHub/stable-lords/src/test/engine/agentArchitecture.test.ts"},{"assertionResults":[{"ancestorTitles":["processAging — basic aging"],"fullName":"processAging — basic aging increments age by 1 on multiples of 52 weeks","status":"passed","title":"increments age by 1 on multiples of 52 weeks","duration":1.0540829999999914,"failureMessages":[],"meta":{}},{"ancestorTitles":["processAging — basic aging"],"fullName":"processAging — basic aging does not increment age on non-multiples of 52 weeks","status":"passed","title":"does not increment age on non-multiples of 52 weeks","duration":0.23616699999990942,"failureMessages":[],"meta":{}},{"ancestorTitles":["processAging — aging penalties"],"fullName":"processAging — aging penalties does not apply penalties to a warrior under the age penalty start limit","status":"passed","title":"does not apply penalties to a warrior under the age penalty start limit","duration":0.6651659999999993,"failureMessages":[],"meta":{}},{"ancestorTitles":["processAging — aging penalties"],"fullName":"processAging — aging penalties applies penalty to SP and DF when age exceeds AGING_PENALTY_START","status":"passed","title":"applies penalty to SP and DF when age exceeds AGING_PENALTY_START","duration":0.3517500000000382,"failureMessages":[],"meta":{}},{"ancestorTitles":["processAging — aging penalties"],"fullName":"processAging — aging penalties adds a newsletter event when aging penalties are applied","status":"passed","title":"adds a newsletter event when aging penalties are applied","duration":0.21758299999999053,"failureMessages":[],"meta":{}},{"ancestorTitles":["processAging — forced retirement"],"fullName":"processAging — forced retirement guarantees retirement for a warrior at FORCED_RETIRE_MAX (40+)","status":"passed","title":"guarantees retirement for a warrior at FORCED_RETIRE_MAX (40+)","duration":0.2724590000000262,"failureMessages":[],"meta":{}},{"ancestorTitles":["processAging — forced retirement"],"fullName":"processAging — forced retirement can force retirement with a low random roll","status":"passed","title":"can force retirement with a low random roll","duration":0.24479199999996126,"failureMessages":[],"meta":{}},{"ancestorTitles":["processAging — forced retirement"],"fullName":"processAging — forced retirement does not force retirement with a high random roll","status":"passed","title":"does not force retirement with a high random roll","duration":0.10687499999994543,"failureMessages":[],"meta":{}}],"startTime":1775644944098,"endTime":1775644944101.2725,"status":"passed","message":"","name":"/Users/amauricia/Documents/GitHub/stable-lords/src/test/engine/aging.test.ts"},{"assertionResults":[{"ancestorTitles":["Blood Moon Feature"],"fullName":"Blood Moon Feature should return a 1.1 multiplier for Blood Moon stamina drain","status":"passed","title":"should return a 1.1 multiplier for Blood Moon stamina drain","duration":0.6307500000000346,"failureMessages":[],"meta":{}},{"ancestorTitles":["Blood Moon Feature"],"fullName":"Blood Moon Feature should roll Blood Moon weather when rng yields high enough value","status":"passed","title":"should roll Blood Moon weather when rng yields high enough value","duration":0.22441600000001927,"failureMessages":[],"meta":{}}],"startTime":1775644947533,"endTime":1775644947534.2244,"status":"passed","message":"","name":"/Users/amauricia/Documents/GitHub/stable-lords/src/test/engine/bloodMoon.test.ts"},{"assertionResults":[{"ancestorTitles":["boutProcessor - generatePairings"],"fullName":"boutProcessor - generatePairings should generate pairings for player and rival","status":"passed","title":"should generate pairings for player and rival","duration":0.9015829999999596,"failureMessages":[],"meta":{}},{"ancestorTitles":["boutProcessor - resolveBout"],"fullName":"boutProcessor - resolveBout should update records after a bout","status":"passed","title":"should update records after a bout","duration":6.590125000000057,"failureMessages":[],"meta":{}}],"startTime":1775644947988,"endTime":1775644947995.59,"status":"passed","message":"","name":"/Users/amauricia/Documents/GitHub/stable-lords/src/test/engine/boutProcessor.test.ts"},{"assertionResults":[{"ancestorTitles":["combatDamage engine","protectCovers"],"fullName":"combatDamage engine protectCovers returns empty array for no protection","status":"passed","title":"returns empty array for no protection","duration":2.5984170000000404,"failureMessages":[],"meta":{}},{"ancestorTitles":["combatDamage engine","protectCovers"],"fullName":"combatDamage engine protectCovers returns chest and abdomen for body armor","status":"passed","title":"returns chest and abdomen for body armor","duration":0.25308399999994435,"failureMessages":[],"meta":{}},{"ancestorTitles":["combatDamage engine","protectCovers"],"fullName":"combatDamage engine protectCovers returns head for head protection","status":"passed","title":"returns head for head protection","duration":0.29104099999995015,"failureMessages":[],"meta":{}},{"ancestorTitles":["combatDamage engine","protectCovers"],"fullName":"combatDamage engine protectCovers returns empty array for unknown protection","status":"passed","title":"returns empty array for unknown protection","duration":0.07004099999994651,"failureMessages":[],"meta":{}},{"ancestorTitles":["combatDamage engine","rollHitLocation"],"fullName":"combatDamage engine rollHitLocation returns target if rng < TARGET_HIT_CHANCE","status":"passed","title":"returns target if rng < TARGET_HIT_CHANCE","duration":0.6881670000000213,"failureMessages":[],"meta":{}},{"ancestorTitles":["combatDamage engine","rollHitLocation"],"fullName":"combatDamage engine rollHitLocation ignores target 'any'","status":"passed","title":"ignores target 'any'","duration":0.5014580000000706,"failureMessages":[],"meta":{}},{"ancestorTitles":["combatDamage engine","rollHitLocation"],"fullName":"combatDamage engine rollHitLocation falls through to random when targeted hit fails (rng >= 0.6)","status":"passed","title":"falls through to random when targeted hit fails (rng >= 0.6)","duration":0.11108300000000781,"failureMessages":[],"meta":{}},{"ancestorTitles":["combatDamage engine","rollHitLocation"],"fullName":"combatDamage engine rollHitLocation prefers exposed locations when rng < 0.3 after missing target","status":"passed","title":"prefers exposed locations when rng < 0.3 after missing target","duration":0.30883300000004965,"failureMessages":[],"meta":{}},{"ancestorTitles":["combatDamage engine","rollHitLocation"],"fullName":"combatDamage engine rollHitLocation falls back to completely random if no target and rng >= 0.3 for exposed","status":"passed","title":"falls back to completely random if no target and rng >= 0.3 for exposed","duration":0.759584000000018,"failureMessages":[],"meta":{}},{"ancestorTitles":["combatDamage engine","applyProtectMod"],"fullName":"combatDamage engine applyProtectMod applies penalty if no protection is provided","status":"passed","title":"applies penalty if no protection is provided","duration":0.12762499999996635,"failureMessages":[],"meta":{}},{"ancestorTitles":["combatDamage engine","applyProtectMod"],"fullName":"combatDamage engine applyProtectMod applies penalty if protection is 'none_armor'","status":"passed","title":"applies penalty if protection is 'none_armor'","duration":0.04874999999992724,"failureMessages":[],"meta":{}},{"ancestorTitles":["combatDamage engine","applyProtectMod"],"fullName":"combatDamage engine applyProtectMod applies reduction if location is covered by protection","status":"passed","title":"applies reduction if location is covered by protection","duration":0.06983299999990322,"failureMessages":[],"meta":{}},{"ancestorTitles":["combatDamage engine","applyProtectMod"],"fullName":"combatDamage engine applyProtectMod applies penalty if location is NOT covered by protection","status":"passed","title":"applies penalty if location is NOT covered by protection","duration":0.05966699999999037,"failureMessages":[],"meta":{}},{"ancestorTitles":["combatDamage engine","applyProtectMod"],"fullName":"combatDamage engine applyProtectMod correctly applies Math.floor to ensure integer damage values","status":"passed","title":"correctly applies Math.floor to ensure integer damage values","duration":0.05920800000001236,"failureMessages":[],"meta":{}},{"ancestorTitles":["combatDamage engine","applyProtectMod"],"fullName":"combatDamage engine applyProtectMod handles zero damage correctly","status":"passed","title":"handles zero damage correctly","duration":0.04387500000007094,"failureMessages":[],"meta":{}},{"ancestorTitles":["combatDamage engine","applyProtectMod"],"fullName":"combatDamage engine applyProtectMod handles negative damage correctly (though rare in engine)","status":"passed","title":"handles negative damage correctly (though rare in engine)","duration":0.04837500000007822,"failureMessages":[],"meta":{}},{"ancestorTitles":["combatDamage engine","computeHitDamage"],"fullName":"combatDamage engine computeHitDamage applies head multiplier","status":"failed","title":"applies head multiplier","duration":8.350166999999942,"failureMessages":["AssertionError: expected 21 to be 18 // Object.is equality\n    at /Users/amauricia/Documents/GitHub/stable-lords/src/test/engine/combatDamage.test.ts:163:22\n    at file:///Users/amauricia/Documents/GitHub/stable-lords/node_modules/@vitest/runner/dist/chunk-hooks.js:155:11\n    at file:///Users/amauricia/Documents/GitHub/stable-lords/node_modules/@vitest/runner/dist/chunk-hooks.js:752:26\n    at file:///Users/amauricia/Documents/GitHub/stable-lords/node_modules/@vitest/runner/dist/chunk-hooks.js:1897:20\n    at new Promise (<anonymous>)\n    at runWithTimeout (file:///Users/amauricia/Documents/GitHub/stable-lords/node_modules/@vitest/runner/dist/chunk-hooks.js:1863:10)\n    at runTest (file:///Users/amauricia/Documents/GitHub/stable-lords/node_modules/@vitest/runner/dist/chunk-hooks.js:1574:12)\n    at processTicksAndRejections (node:internal/process/task_queues:105:5)\n    at runSuite (file:///Users/amauricia/Documents/GitHub/stable-lords/node_modules/@vitest/runner/dist/chunk-hooks.js:1729:8)\n    at runSuite (file:///Users/amauricia/Documents/GitHub/stable-lords/node_modules/@vitest/runner/dist/chunk-hooks.js:1729:8)"],"meta":{}},{"ancestorTitles":["combatDamage engine","computeHitDamage"],"fullName":"combatDamage engine computeHitDamage applies chest multiplier","status":"failed","title":"applies chest multiplier","duration":0.6587919999999485,"failureMessages":["AssertionError: expected 17 to be 14 // Object.is equality\n    at /Users/amauricia/Documents/GitHub/stable-lords/src/test/engine/combatDamage.test.ts:172:22\n    at file:///Users/amauricia/Documents/GitHub/stable-lords/node_modules/@vitest/runner/dist/chunk-hooks.js:155:11\n    at file:///Users/amauricia/Documents/GitHub/stable-lords/node_modules/@vitest/runner/dist/chunk-hooks.js:752:26\n    at file:///Users/amauricia/Documents/GitHub/stable-lords/node_modules/@vitest/runner/dist/chunk-hooks.js:1897:20\n    at new Promise (<anonymous>)\n    at runWithTimeout (file:///Users/amauricia/Documents/GitHub/stable-lords/node_modules/@vitest/runner/dist/chunk-hooks.js:1863:10)\n    at runTest (file:///Users/amauricia/Documents/GitHub/stable-lords/node_modules/@vitest/runner/dist/chunk-hooks.js:1574:12)\n    at processTicksAndRejections (node:internal/process/task_queues:105:5)\n    at runSuite (file:///Users/amauricia/Documents/GitHub/stable-lords/node_modules/@vitest/runner/dist/chunk-hooks.js:1729:8)\n    at runSuite (file:///Users/amauricia/Documents/GitHub/stable-lords/node_modules/@vitest/runner/dist/chunk-hooks.js:1729:8)"],"meta":{}},{"ancestorTitles":["combatDamage engine","computeHitDamage"],"fullName":"combatDamage engine computeHitDamage applies abdomen multiplier","status":"failed","title":"applies abdomen multiplier","duration":0.4740000000000464,"failureMessages":["AssertionError: expected 15 to be 13 // Object.is equality\n    at /Users/amauricia/Documents/GitHub/stable-lords/src/test/engine/combatDamage.test.ts:181:22\n    at file:///Users/amauricia/Documents/GitHub/stable-lords/node_modules/@vitest/runner/dist/chunk-hooks.js:155:11\n    at file:///Users/amauricia/Documents/GitHub/stable-lords/node_modules/@vitest/runner/dist/chunk-hooks.js:752:26\n    at file:///Users/amauricia/Documents/GitHub/stable-lords/node_modules/@vitest/runner/dist/chunk-hooks.js:1897:20\n    at new Promise (<anonymous>)\n    at runWithTimeout (file:///Users/amauricia/Documents/GitHub/stable-lords/node_modules/@vitest/runner/dist/chunk-hooks.js:1863:10)\n    at runTest (file:///Users/amauricia/Documents/GitHub/stable-lords/node_modules/@vitest/runner/dist/chunk-hooks.js:1574:12)\n    at processTicksAndRejections (node:internal/process/task_queues:105:5)\n    at runSuite (file:///Users/amauricia/Documents/GitHub/stable-lords/node_modules/@vitest/runner/dist/chunk-hooks.js:1729:8)\n    at runSuite (file:///Users/amauricia/Documents/GitHub/stable-lords/node_modules/@vitest/runner/dist/chunk-hooks.js:1729:8)"],"meta":{}},{"ancestorTitles":["combatDamage engine","computeHitDamage"],"fullName":"combatDamage engine computeHitDamage applies limb multiplier","status":"failed","title":"applies limb multiplier","duration":0.5077919999999949,"failureMessages":["AssertionError: expected 14 to be 12 // Object.is equality\n    at /Users/amauricia/Documents/GitHub/stable-lords/src/test/engine/combatDamage.test.ts:190:22\n    at file:///Users/amauricia/Documents/GitHub/stable-lords/node_modules/@vitest/runner/dist/chunk-hooks.js:155:11\n    at file:///Users/amauricia/Documents/GitHub/stable-lords/node_modules/@vitest/runner/dist/chunk-hooks.js:752:26\n    at file:///Users/amauricia/Documents/GitHub/stable-lords/node_modules/@vitest/runner/dist/chunk-hooks.js:1897:20\n    at new Promise (<anonymous>)\n    at runWithTimeout (file:///Users/amauricia/Documents/GitHub/stable-lords/node_modules/@vitest/runner/dist/chunk-hooks.js:1863:10)\n    at runTest (file:///Users/amauricia/Documents/GitHub/stable-lords/node_modules/@vitest/runner/dist/chunk-hooks.js:1574:12)\n    at processTicksAndRejections (node:internal/process/task_queues:105:5)\n    at runSuite (file:///Users/amauricia/Documents/GitHub/stable-lords/node_modules/@vitest/runner/dist/chunk-hooks.js:1729:8)\n    at runSuite (file:///Users/amauricia/Documents/GitHub/stable-lords/node_modules/@vitest/runner/dist/chunk-hooks.js:1729:8)"],"meta":{}},{"ancestorTitles":["combatDamage engine","computeHitDamage"],"fullName":"combatDamage engine computeHitDamage respects variance range","status":"failed","title":"respects variance range","duration":0.5256249999999909,"failureMessages":["AssertionError: expected 10 to be 8 // Object.is equality\n    at /Users/amauricia/Documents/GitHub/stable-lords/src/test/engine/combatDamage.test.ts:200:22\n    at file:///Users/amauricia/Documents/GitHub/stable-lords/node_modules/@vitest/runner/dist/chunk-hooks.js:155:11\n    at file:///Users/amauricia/Documents/GitHub/stable-lords/node_modules/@vitest/runner/dist/chunk-hooks.js:752:26\n    at file:///Users/amauricia/Documents/GitHub/stable-lords/node_modules/@vitest/runner/dist/chunk-hooks.js:1897:20\n    at new Promise (<anonymous>)\n    at runWithTimeout (file:///Users/amauricia/Documents/GitHub/stable-lords/node_modules/@vitest/runner/dist/chunk-hooks.js:1863:10)\n    at runTest (file:///Users/amauricia/Documents/GitHub/stable-lords/node_modules/@vitest/runner/dist/chunk-hooks.js:1574:12)\n    at processTicksAndRejections (node:internal/process/task_queues:105:5)\n    at runSuite (file:///Users/amauricia/Documents/GitHub/stable-lords/node_modules/@vitest/runner/dist/chunk-hooks.js:1729:8)\n    at runSuite (file:///Users/amauricia/Documents/GitHub/stable-lords/node_modules/@vitest/runner/dist/chunk-hooks.js:1729:8)"],"meta":{}},{"ancestorTitles":["combatDamage engine","computeHitDamage"],"fullName":"combatDamage engine computeHitDamage minimum damage is 1","status":"passed","title":"minimum damage is 1","duration":0.07637499999998454,"failureMessages":[],"meta":{}}],"startTime":1775644940403,"endTime":1775644940421.0764,"status":"failed","message":"","name":"/Users/amauricia/Documents/GitHub/stable-lords/src/test/engine/combatDamage.test.ts"},{"assertionResults":[{"ancestorTitles":["combatFatigue engine","fatiguePenalty"],"fullName":"combatFatigue engine fatiguePenalty returns 0 penalty when endurance is high (> 65%)","status":"passed","title":"returns 0 penalty when endurance is high (> 65%)","duration":0.9642910000000029,"failureMessages":[],"meta":{}},{"ancestorTitles":["combatFatigue engine","fatiguePenalty"],"fullName":"combatFatigue engine fatiguePenalty returns -6 moderate penalty when endurance is <= 65% and > 45%","status":"passed","title":"returns -6 moderate penalty when endurance is <= 65% and > 45%","duration":0.6192909999999756,"failureMessages":[],"meta":{}},{"ancestorTitles":["combatFatigue engine","fatiguePenalty"],"fullName":"combatFatigue engine fatiguePenalty returns -15 heavy penalty when endurance is <= 45%","status":"passed","title":"returns -15 heavy penalty when endurance is <= 45%","duration":0.11104199999999764,"failureMessages":[],"meta":{}},{"ancestorTitles":["combatFatigue engine","fatiguePenalty"],"fullName":"combatFatigue engine fatiguePenalty handles zero or negative maxEndurance gracefully (div by zero prevention)","status":"passed","title":"handles zero or negative maxEndurance gracefully (div by zero prevention)","duration":0.22862500000007913,"failureMessages":[],"meta":{}},{"ancestorTitles":["combatFatigue engine","enduranceCost"],"fullName":"combatFatigue engine enduranceCost calculates cost based on OE (0.4) and AL (0.2) and floors the result","status":"passed","title":"calculates cost based on OE (0.4) and AL (0.2) and floors the result","duration":0.36687499999993634,"failureMessages":[],"meta":{}},{"ancestorTitles":["combatFatigue engine","enduranceCost"],"fullName":"combatFatigue engine enduranceCost returns 0 if inputs are 0","status":"passed","title":"returns 0 if inputs are 0","duration":0.6268749999999272,"failureMessages":[],"meta":{}}],"startTime":1775644946691,"endTime":1775644946695.627,"status":"passed","message":"","name":"/Users/amauricia/Documents/GitHub/stable-lords/src/test/engine/combatFatigue.test.ts"},{"assertionResults":[{"ancestorTitles":["Contract System Cycle"],"fullName":"Contract System Cycle should generate bout offers in PromoterPass","status":"passed","title":"should generate bout offers in PromoterPass","duration":4.313457999999969,"failureMessages":[],"meta":{}},{"ancestorTitles":["Contract System Cycle"],"fullName":"Contract System Cycle should transition offer to 'Signed' when accepted by player","status":"passed","title":"should transition offer to 'Signed' when accepted by player","duration":1.211541000000011,"failureMessages":[],"meta":{}},{"ancestorTitles":["Contract System Cycle"],"fullName":"Contract System Cycle should payout the purse upon bout resolution via processWeekBouts","status":"passed","title":"should payout the purse upon bout resolution via processWeekBouts","duration":0.8570000000000846,"failureMessages":[],"meta":{}}],"startTime":1775644944461,"endTime":1775644944467.857,"status":"passed","message":"","name":"/Users/amauricia/Documents/GitHub/stable-lords/src/test/engine/contractCycle.test.ts"},{"assertionResults":[{"ancestorTitles":["crowdMood system","getMoodModifiers"],"fullName":"crowdMood system getMoodModifiers returns correct modifiers for Bloodthirsty","status":"passed","title":"returns correct modifiers for Bloodthirsty","duration":1.010332999999946,"failureMessages":[],"meta":{}},{"ancestorTitles":["crowdMood system","getMoodModifiers"],"fullName":"crowdMood system getMoodModifiers returns correct modifiers for Theatrical","status":"passed","title":"returns correct modifiers for Theatrical","duration":0.10283400000002985,"failureMessages":[],"meta":{}},{"ancestorTitles":["crowdMood system","getMoodModifiers"],"fullName":"crowdMood system getMoodModifiers returns correct modifiers for Solemn","status":"passed","title":"returns correct modifiers for Solemn","duration":0.07479200000000219,"failureMessages":[],"meta":{}},{"ancestorTitles":["crowdMood system","getMoodModifiers"],"fullName":"crowdMood system getMoodModifiers returns correct modifiers for Festive","status":"passed","title":"returns correct modifiers for Festive","duration":0.0715420000000222,"failureMessages":[],"meta":{}},{"ancestorTitles":["crowdMood system","getMoodModifiers"],"fullName":"crowdMood system getMoodModifiers returns correct modifiers for Calm (and as default)","status":"passed","title":"returns correct modifiers for Calm (and as default)","duration":0.18537500000002183,"failureMessages":[],"meta":{}},{"ancestorTitles":["crowdMood system","computeCrowdMood"],"fullName":"crowdMood system computeCrowdMood returns Calm if there are no recent fights","status":"passed","title":"returns Calm if there are no recent fights","duration":0.12633299999993142,"failureMessages":[],"meta":{}},{"ancestorTitles":["crowdMood system","computeCrowdMood"],"fullName":"crowdMood system computeCrowdMood returns Bloodthirsty if there are >= 2 kills in the last 5 fights","status":"passed","title":"returns Bloodthirsty if there are >= 2 kills in the last 5 fights","duration":0.2415000000000873,"failureMessages":[],"meta":{}},{"ancestorTitles":["crowdMood system","computeCrowdMood"],"fullName":"crowdMood system computeCrowdMood returns Solemn if there is >= 1 kill and >= 2 draws in the last 5 fights","status":"passed","title":"returns Solemn if there is >= 1 kill and >= 2 draws in the last 5 fights","duration":0.12008299999990868,"failureMessages":[],"meta":{}},{"ancestorTitles":["crowdMood system","computeCrowdMood"],"fullName":"crowdMood system computeCrowdMood returns Theatrical if there are >= 3 flashy fights in the last 5","status":"passed","title":"returns Theatrical if there are >= 3 flashy fights in the last 5","duration":0.247333000000026,"failureMessages":[],"meta":{}},{"ancestorTitles":["crowdMood system","computeCrowdMood"],"fullName":"crowdMood system computeCrowdMood returns Festive if there are >= 4 fights with 0 kills in the last 5","status":"passed","title":"returns Festive if there are >= 4 fights with 0 kills in the last 5","duration":0.12087499999995543,"failureMessages":[],"meta":{}},{"ancestorTitles":["crowdMood system","computeCrowdMood"],"fullName":"crowdMood system computeCrowdMood only considers the last 5 fights","status":"passed","title":"only considers the last 5 fights","duration":0.053167000000030384,"failureMessages":[],"meta":{}},{"ancestorTitles":["crowdMood system","computeCrowdMood"],"fullName":"crowdMood system computeCrowdMood prioritizes conditions correctly (Bloodthirsty > Solemn > Theatrical > Festive > Calm)","status":"passed","title":"prioritizes conditions correctly (Bloodthirsty > Solemn > Theatrical > Festive > Calm)","duration":0.04691600000001017,"failureMessages":[],"meta":{}},{"ancestorTitles":["crowdMood system","computeCrowdMood"],"fullName":"crowdMood system computeCrowdMood returns Calm if no other conditions are met","status":"passed","title":"returns Calm if no other conditions are met","duration":0.040665999999987434,"failureMessages":[],"meta":{}},{"ancestorTitles":["crowdMood system","crowd mood state transitions over time"],"fullName":"crowdMood system crowd mood state transitions over time transitions from Calm to Theatrical to Festive to Bloodthirsty as fights progress","status":"passed","title":"transitions from Calm to Theatrical to Festive to Bloodthirsty as fights progress","duration":0.2130410000000893,"failureMessages":[],"meta":{}}],"startTime":1775644943425,"endTime":1775644943428.2131,"status":"passed","message":"","name":"/Users/amauricia/Documents/GitHub/stable-lords/src/test/engine/crowdMood.test.ts"},{"assertionResults":[{"ancestorTitles":["Simulation Determinism"],"fullName":"Simulation Determinism should produce identical results from a fresh state over 5 weeks","status":"passed","title":"should produce identical results from a fresh state over 5 weeks","duration":12.481083000000012,"failureMessages":[],"meta":{}},{"ancestorTitles":["Simulation Determinism"],"fullName":"Simulation Determinism should remain deterministic even when branching (cloning RNG)","status":"passed","title":"should remain deterministic even when branching (cloning RNG)","duration":1.127999999999929,"failureMessages":[],"meta":{}},{"ancestorTitles":["Simulation Determinism"],"fullName":"Simulation Determinism should produce different results for different seeds","status":"passed","title":"should produce different results for different seeds","duration":1.681459000000018,"failureMessages":[],"meta":{}}],"startTime":1775644942886,"endTime":1775644942901.6814,"status":"passed","message":"","name":"/Users/amauricia/Documents/GitHub/stable-lords/src/test/engine/determinism.test.ts"},{"assertionResults":[{"ancestorTitles":["Economy Engine","computeWeeklyBreakdown"],"fullName":"Economy Engine computeWeeklyBreakdown should calculate zero net when there is no activity and no warriors","status":"passed","title":"should calculate zero net when there is no activity and no warriors","duration":0.9492079999999987,"failureMessages":[],"meta":{}},{"ancestorTitles":["Economy Engine","computeWeeklyBreakdown"],"fullName":"Economy Engine computeWeeklyBreakdown should calculate correct expenses for warrior upkeep, trainers, and training","status":"passed","title":"should calculate correct expenses for warrior upkeep, trainers, and training","duration":0.20799999999997,"failureMessages":[],"meta":{}},{"ancestorTitles":["Economy Engine","computeWeeklyBreakdown"],"fullName":"Economy Engine computeWeeklyBreakdown should calculate correct income for fight purses, win bonuses, and fame","status":"passed","title":"should calculate correct income for fight purses, win bonuses, and fame","duration":0.09583400000008169,"failureMessages":[],"meta":{}},{"ancestorTitles":["Economy Engine","processEconomy"],"fullName":"Economy Engine processEconomy should update game state treasury and add ledger entries immutably","status":"passed","title":"should update game state treasury and add ledger entries immutably","duration":0.24545800000009876,"failureMessages":[],"meta":{}}],"startTime":1775644947457,"endTime":1775644947458.2454,"status":"passed","message":"","name":"/Users/amauricia/Documents/GitHub/stable-lords/src/test/engine/economy.test.ts"},{"assertionResults":[{"ancestorTitles":["fameFromTags"],"fullName":"fameFromTags returns zero for no tags","status":"passed","title":"returns zero for no tags","duration":1.0096669999999222,"failureMessages":[],"meta":{}},{"ancestorTitles":["fameFromTags"],"fullName":"fameFromTags awards fame for Kill","status":"passed","title":"awards fame for Kill","duration":0.29933299999993324,"failureMessages":[],"meta":{}},{"ancestorTitles":["fameFromTags"],"fullName":"fameFromTags awards fame and pop for KO","status":"passed","title":"awards fame and pop for KO","duration":0.08608300000003055,"failureMessages":[],"meta":{}},{"ancestorTitles":["fameFromTags"],"fullName":"fameFromTags awards pop for Flashy","status":"passed","title":"awards pop for Flashy","duration":0.18862499999988813,"failureMessages":[],"meta":{}},{"ancestorTitles":["fameFromTags"],"fullName":"fameFromTags stacks multiple tags","status":"passed","title":"stacks multiple tags","duration":0.17233299999998053,"failureMessages":[],"meta":{}},{"ancestorTitles":["fameFromTags"],"fullName":"fameFromTags applies dampener above 5","status":"passed","title":"applies dampener above 5","duration":0.12470799999994142,"failureMessages":[],"meta":{}},{"ancestorTitles":["fameFromTags"],"fullName":"fameFromTags handles undefined tags gracefully","status":"passed","title":"handles undefined tags gracefully","duration":0.06625000000008185,"failureMessages":[],"meta":{}},{"ancestorTitles":["fameFromTags"],"fullName":"fameFromTags awards pop for bloody","status":"passed","title":"awards pop for bloody","duration":0.44137499999999363,"failureMessages":[],"meta":{}},{"ancestorTitles":["fameFromTags"],"fullName":"fameFromTags awards pop for upset","status":"passed","title":"awards pop for upset","duration":0.32295799999997143,"failureMessages":[],"meta":{}},{"ancestorTitles":["fameFromTags"],"fullName":"fameFromTags decreases pop for quick","status":"passed","title":"decreases pop for quick","duration":0.10958399999992707,"failureMessages":[],"meta":{}},{"ancestorTitles":["fameFromTags"],"fullName":"fameFromTags awards pop for epic with dampener","status":"passed","title":"awards pop for epic with dampener","duration":0.08245799999997416,"failureMessages":[],"meta":{}},{"ancestorTitles":["fameFromTags"],"fullName":"fameFromTags stacks new tags with existing tags","status":"passed","title":"stacks new tags with existing tags","duration":0.2889590000000908,"failureMessages":[],"meta":{}}],"startTime":1775644945120,"endTime":1775644945123.323,"status":"passed","message":"","name":"/Users/amauricia/Documents/GitHub/stable-lords/src/test/engine/fame.test.ts"},{"assertionResults":[{"ancestorTitles":[],"fullName":"pass","status":"passed","title":"pass","duration":0.5692500000000109,"failureMessages":[],"meta":{}}],"startTime":1775644947716,"endTime":1775644947716.5693,"status":"passed","message":"","name":"/Users/amauricia/Documents/GitHub/stable-lords/src/test/engine/gameStoreSecurity.test.ts"},{"assertionResults":[{"ancestorTitles":["computeStreaks"],"fullName":"computeStreaks returns an empty map for empty history","status":"passed","title":"returns an empty map for empty history","duration":1.8580839999999625,"failureMessages":[],"meta":{}},{"ancestorTitles":["computeStreaks"],"fullName":"computeStreaks sets correct initial streaks for a single fight","status":"passed","title":"sets correct initial streaks for a single fight","duration":0.42495900000005804,"failureMessages":[],"meta":{}},{"ancestorTitles":["computeStreaks"],"fullName":"computeStreaks increments streaks for consecutive wins","status":"passed","title":"increments streaks for consecutive wins","duration":0.16916600000001836,"failureMessages":[],"meta":{}},{"ancestorTitles":["computeStreaks"],"fullName":"computeStreaks decrements streaks for consecutive losses","status":"passed","title":"decrements streaks for consecutive losses","duration":0.11683300000004238,"failureMessages":[],"meta":{}},{"ancestorTitles":["computeStreaks"],"fullName":"computeStreaks resets a winning streak to -1 on a loss","status":"passed","title":"resets a winning streak to -1 on a loss","duration":0.20437500000002728,"failureMessages":[],"meta":{}},{"ancestorTitles":["computeStreaks"],"fullName":"computeStreaks resets a losing streak to 1 on a win","status":"passed","title":"resets a losing streak to 1 on a win","duration":0.11108400000000529,"failureMessages":[],"meta":{}},{"ancestorTitles":["computeStreaks"],"fullName":"computeStreaks resets streaks to 0 on a draw","status":"passed","title":"resets streaks to 0 on a draw","duration":0.07079099999998562,"failureMessages":[],"meta":{}},{"ancestorTitles":["computeStreaks"],"fullName":"computeStreaks processes fights in chronological order regardless of input order","status":"passed","title":"processes fights in chronological order regardless of input order","duration":0.0494579999999587,"failureMessages":[],"meta":{}},{"ancestorTitles":["computeStreaks"],"fullName":"computeStreaks handles complex multi-character scenarios correctly","status":"passed","title":"handles complex multi-character scenarios correctly","duration":0.2549580000001015,"failureMessages":[],"meta":{}}],"startTime":1775644946395,"endTime":1775644946398.255,"status":"passed","message":"","name":"/Users/amauricia/Documents/GitHub/stable-lords/src/test/engine/gazetteNarrative.test.ts"},{"assertionResults":[{"ancestorTitles":["Health System (Boundary Testing)"],"fullName":"Health System (Boundary Testing) should handle warrior health / injuries correctly at boundaries","status":"passed","title":"should handle warrior health / injuries correctly at boundaries","duration":1.7317910000000438,"failureMessages":[],"meta":{}},{"ancestorTitles":["Health System (Boundary Testing)"],"fullName":"Health System (Boundary Testing) should handle empty injuries array safely","status":"passed","title":"should handle empty injuries array safely","duration":0.21908299999995506,"failureMessages":[],"meta":{}}],"startTime":1775644946801,"endTime":1775644946803.219,"status":"passed","message":"","name":"/Users/amauricia/Documents/GitHub/stable-lords/src/test/engine/health.test.ts"},{"assertionResults":[{"ancestorTitles":["rollForInjury"],"fullName":"rollForInjury should generate an ID for an injury","status":"failed","title":"should generate an ID for an injury","duration":3.9157500000000027,"failureMessages":["AssertionError: expected 'injury-fd973cd87086' to match /^[0-9a-f]{8}-[0-9a-f]{4}-[0-9a-f]{4}…/i\n    at /Users/amauricia/Documents/GitHub/stable-lords/src/test/engine/injuries.test.ts:53:24\n    at file:///Users/amauricia/Documents/GitHub/stable-lords/node_modules/@vitest/runner/dist/chunk-hooks.js:155:11\n    at file:///Users/amauricia/Documents/GitHub/stable-lords/node_modules/@vitest/runner/dist/chunk-hooks.js:752:26\n    at file:///Users/amauricia/Documents/GitHub/stable-lords/node_modules/@vitest/runner/dist/chunk-hooks.js:1897:20\n    at new Promise (<anonymous>)\n    at runWithTimeout (file:///Users/amauricia/Documents/GitHub/stable-lords/node_modules/@vitest/runner/dist/chunk-hooks.js:1863:10)\n    at runTest (file:///Users/amauricia/Documents/GitHub/stable-lords/node_modules/@vitest/runner/dist/chunk-hooks.js:1574:12)\n    at processTicksAndRejections (node:internal/process/task_queues:105:5)\n    at runSuite (file:///Users/amauricia/Documents/GitHub/stable-lords/node_modules/@vitest/runner/dist/chunk-hooks.js:1729:8)\n    at runSuite (file:///Users/amauricia/Documents/GitHub/stable-lords/node_modules/@vitest/runner/dist/chunk-hooks.js:1729:8)"],"meta":{}}],"startTime":1775644941086,"endTime":1775644941089.9158,"status":"failed","message":"","name":"/Users/amauricia/Documents/GitHub/stable-lords/src/test/engine/injuries.test.ts"},{"assertionResults":[{"ancestorTitles":["Meta Drift","createDefaultMeta"],"fullName":"Meta Drift createDefaultMeta should initialize all styles with 0 drift","status":"passed","title":"should initialize all styles with 0 drift","duration":1.13087500000006,"failureMessages":[],"meta":{}},{"ancestorTitles":["Meta Drift","computeMetaDrift"],"fullName":"Meta Drift computeMetaDrift should return default meta for empty history","status":"passed","title":"should return default meta for empty history","duration":1.3537089999999807,"failureMessages":[],"meta":{}},{"ancestorTitles":["Meta Drift","computeMetaDrift"],"fullName":"Meta Drift computeMetaDrift should calculate +10 drift for 100% win rate","status":"passed","title":"should calculate +10 drift for 100% win rate","duration":1.6557500000000118,"failureMessages":[],"meta":{}},{"ancestorTitles":["Meta Drift","computeMetaDrift"],"fullName":"Meta Drift computeMetaDrift should calculate -10 drift for 0% win rate","status":"passed","title":"should calculate -10 drift for 0% win rate","duration":0.20341599999994742,"failureMessages":[],"meta":{}},{"ancestorTitles":["Meta Drift","computeMetaDrift"],"fullName":"Meta Drift computeMetaDrift should calculate 0 drift for 50% win rate","status":"passed","title":"should calculate 0 drift for 50% win rate","duration":0.09541600000000017,"failureMessages":[],"meta":{}},{"ancestorTitles":["Meta Drift","computeMetaDrift"],"fullName":"Meta Drift computeMetaDrift should calculate +5 drift for 75% win rate","status":"passed","title":"should calculate +5 drift for 75% win rate","duration":0.09912500000007185,"failureMessages":[],"meta":{}},{"ancestorTitles":["Meta Drift","computeMetaDrift"],"fullName":"Meta Drift computeMetaDrift should respect the window parameter","status":"passed","title":"should respect the window parameter","duration":0.10225000000002638,"failureMessages":[],"meta":{}},{"ancestorTitles":["Meta Drift","getMetaLabel"],"fullName":"Meta Drift getMetaLabel should return correct labels for various drift values","status":"passed","title":"should return correct labels for various drift values","duration":0.15729099999998652,"failureMessages":[],"meta":{}},{"ancestorTitles":["Meta Drift","getMetaColor"],"fullName":"Meta Drift getMetaColor should return correct color classes for various drift values","status":"passed","title":"should return correct color classes for various drift values","duration":0.2523750000000291,"failureMessages":[],"meta":{}}],"startTime":1775644944784,"endTime":1775644944790.2524,"status":"passed","message":"","name":"/Users/amauricia/Documents/GitHub/stable-lords/src/test/engine/metaDrift.test.ts"},{"assertionResults":[{"ancestorTitles":["NCAA-style Tournament Selection Committee"],"fullName":"NCAA-style Tournament Selection Committee should select 64 warriors for the Gold Tier","status":"passed","title":"should select 64 warriors for the Gold Tier","duration":3.665124999999989,"failureMessages":[],"meta":{}},{"ancestorTitles":["NCAA-style Tournament Selection Committee"],"fullName":"NCAA-style Tournament Selection Committee should prevent double-booking across tiers","status":"passed","title":"should prevent double-booking across tiers","duration":1.7126250000000027,"failureMessages":[],"meta":{}},{"ancestorTitles":["NCAA-style Tournament Selection Committee"],"fullName":"NCAA-style Tournament Selection Committee should generate all 4 seasonal tournaments","status":"passed","title":"should generate all 4 seasonal tournaments","duration":2.203583999999978,"failureMessages":[],"meta":{}}],"startTime":1775644945125,"endTime":1775644945132.2036,"status":"passed","message":"","name":"/Users/amauricia/Documents/GitHub/stable-lords/src/test/engine/ncaaCommittee.test.ts"},{"assertionResults":[{"ancestorTitles":["ownerAI - aiPlanForWarrior"],"fullName":"ownerAI - aiPlanForWarrior should apply personality and philosophy modifiers","status":"passed","title":"should apply personality and philosophy modifiers","duration":0.8588330000000042,"failureMessages":[],"meta":{}},{"ancestorTitles":["ownerAI - aiPlanForWarrior"],"fullName":"ownerAI - aiPlanForWarrior should clamp values between 1 and 10","status":"passed","title":"should clamp values between 1 and 10","duration":0.2240409999999997,"failureMessages":[],"meta":{}},{"ancestorTitles":["ownerAI - getStyleMatchupMods"],"fullName":"ownerAI - getStyleMatchupMods return correct mods for known match-ups","status":"passed","title":"return correct mods for known match-ups","duration":0.10904199999998809,"failureMessages":[],"meta":{}},{"ancestorTitles":["ownerAI - getStyleMatchupMods"],"fullName":"ownerAI - getStyleMatchupMods return zero mods for unknown match-ups","status":"passed","title":"return zero mods for unknown match-ups","duration":0.14220899999997982,"failureMessages":[],"meta":{}}],"startTime":1775644947899,"endTime":1775644947900.224,"status":"passed","message":"","name":"/Users/amauricia/Documents/GitHub/stable-lords/src/test/engine/ownerAI.test.ts"},{"assertionResults":[{"ancestorTitles":["ownerGrudges - processOwnerGrudges"],"fullName":"ownerGrudges - processOwnerGrudges should create a new grudge when personalities clash and blood is spilled","status":"passed","title":"should create a new grudge when personalities clash and blood is spilled","duration":0.9549170000000231,"failureMessages":[],"meta":{}},{"ancestorTitles":["ownerGrudges - processOwnerGrudges"],"fullName":"ownerGrudges - processOwnerGrudges should escalate existing grudges on further kills","status":"passed","title":"should escalate existing grudges on further kills","duration":1.2296670000000063,"failureMessages":[],"meta":{}},{"ancestorTitles":["ownerGrudges - calculateRivalryScore"],"fullName":"ownerGrudges - calculateRivalryScore should calculate score correctly","status":"passed","title":"should calculate score correctly","duration":0.11870799999999804,"failureMessages":[],"meta":{}}],"startTime":1775644947813,"endTime":1775644947816.1187,"status":"passed","message":"","name":"/Users/amauricia/Documents/GitHub/stable-lords/src/test/engine/ownerGrudges.test.ts"},{"assertionResults":[{"ancestorTitles":["ownerPhilosophy - evolvePhilosophies"],"fullName":"ownerPhilosophy - evolvePhilosophies should evolve philosophy on season change if performance is poor","status":"passed","title":"should evolve philosophy on season change if performance is poor","duration":1.3151249999999663,"failureMessages":[],"meta":{}},{"ancestorTitles":["ownerPhilosophy - evolvePhilosophies"],"fullName":"ownerPhilosophy - evolvePhilosophies should double down (no change) on season change if winning","status":"passed","title":
[...]
adWeek (via getWeekRollup)"],"fullName":"StyleRollups loadWeek (via getWeekRollup) returns {} if localStorage.getItem throws an Error","status":"passed","title":"returns {} if localStorage.getItem throws an Error","duration":0.28587500000003274,"failureMessages":[],"meta":{}},{"ancestorTitles":["StyleRollups","loadWeek (via getWeekRollup)"],"fullName":"StyleRollups loadWeek (via getWeekRollup) returns valid records if localStorage has valid data","status":"passed","title":"returns valid records if localStorage has valid data","duration":0.30225000000007185,"failureMessages":[],"meta":{}},{"ancestorTitles":["StyleRollups","loadWeek (via getWeekRollup)"],"fullName":"StyleRollups loadWeek (via getWeekRollup) filters out invalid records","status":"passed","title":"filters out invalid records","duration":0.17454099999997652,"failureMessages":[],"meta":{}},{"ancestorTitles":["StyleRollups","loadRolling (via last10)"],"fullName":"StyleRollups loadRolling (via last10) returns [] if localStorage is undefined","status":"passed","title":"returns [] if localStorage is undefined","duration":0.2307499999999436,"failureMessages":[],"meta":{}},{"ancestorTitles":["StyleRollups","loadRolling (via last10)"],"fullName":"StyleRollups loadRolling (via last10) returns [] if localStorage.getItem returns null","status":"passed","title":"returns [] if localStorage.getItem returns null","duration":1.3231670000000122,"failureMessages":[],"meta":{}},{"ancestorTitles":["StyleRollups","loadRolling (via last10)"],"fullName":"StyleRollups loadRolling (via last10) returns [] if localStorage.getItem returns invalid JSON","status":"passed","title":"returns [] if localStorage.getItem returns invalid JSON","duration":0.58725000000004,"failureMessages":[],"meta":{}},{"ancestorTitles":["StyleRollups","loadRolling (via last10)"],"fullName":"StyleRollups loadRolling (via last10) returns [] if localStorage.getItem throws an Error","status":"passed","title":"returns [] if localStorage.getItem throws an Error","duration":0.7303329999999733,"failureMessages":[],"meta":{}},{"ancestorTitles":["StyleRollups","loadRolling (via last10)"],"fullName":"StyleRollups loadRolling (via last10) returns valid records if localStorage has valid data","status":"passed","title":"returns valid records if localStorage has valid data","duration":1.2733749999999873,"failureMessages":[],"meta":{}},{"ancestorTitles":["StyleRollups","loadRolling (via last10)"],"fullName":"StyleRollups loadRolling (via last10) filters out invalid records","status":"passed","title":"filters out invalid records","duration":0.9640840000000708,"failureMessages":[],"meta":{}},{"ancestorTitles":["StyleRollups","loadTour (via tournament)"],"fullName":"StyleRollups loadTour (via tournament) returns [] if localStorage is undefined","status":"passed","title":"returns [] if localStorage is undefined","duration":0.24383399999999256,"failureMessages":[],"meta":{}},{"ancestorTitles":["StyleRollups","loadTour (via tournament)"],"fullName":"StyleRollups loadTour (via tournament) returns [] if localStorage.getItem returns null","status":"passed","title":"returns [] if localStorage.getItem returns null","duration":0.14216699999997218,"failureMessages":[],"meta":{}},{"ancestorTitles":["StyleRollups","loadTour (via tournament)"],"fullName":"StyleRollups loadTour (via tournament) returns [] if localStorage.getItem returns invalid JSON","status":"passed","title":"returns [] if localStorage.getItem returns invalid JSON","duration":0.14495900000008533,"failureMessages":[],"meta":{}},{"ancestorTitles":["StyleRollups","loadTour (via tournament)"],"fullName":"StyleRollups loadTour (via tournament) returns [] if localStorage.getItem throws an Error","status":"passed","title":"returns [] if localStorage.getItem throws an Error","duration":0.1596670000000131,"failureMessages":[],"meta":{}},{"ancestorTitles":["StyleRollups","loadTour (via tournament)"],"fullName":"StyleRollups loadTour (via tournament) returns valid records if localStorage has valid data","status":"passed","title":"returns valid records if localStorage has valid data","duration":0.2902920000000222,"failureMessages":[],"meta":{}},{"ancestorTitles":["StyleRollups","loadTour (via tournament)"],"fullName":"StyleRollups loadTour (via tournament) filters out invalid records","status":"passed","title":"filters out invalid records","duration":0.2151250000000573,"failureMessages":[],"meta":{}}],"startTime":1775644944294,"endTime":1775644944306.2903,"status":"passed","message":"","name":"/Users/amauricia/Documents/GitHub/stable-lords/src/test/engine/stats/styleRollups.test.ts"},{"assertionResults":[{"ancestorTitles":["OPFS Archival System","Suite 1: Initialization & Support Checking"],"fullName":"OPFS Archival System Suite 1: Initialization & Support Checking Test 1.1: isSupported() returns true in modern environments","status":"passed","title":"Test 1.1: isSupported() returns true in modern environments","duration":1.482167000000004,"failureMessages":[],"meta":{}},{"ancestorTitles":["OPFS Archival System","Suite 1: Initialization & Support Checking"],"fullName":"OPFS Archival System Suite 1: Initialization & Support Checking Test 1.2: isSupported() returns false when API is missing","status":"passed","title":"Test 1.2: isSupported() returns false when API is missing","duration":0.22008299999993142,"failureMessages":[],"meta":{}},{"ancestorTitles":["OPFS Archival System","Suite 2: Archiving Play-by-Play (PBP) Logs (Append-Only)"],"fullName":"OPFS Archival System Suite 2: Archiving Play-by-Play (PBP) Logs (Append-Only) Test 2.1: archiveBoutLog creates the correct directory structure","status":"passed","title":"Test 2.1: archiveBoutLog creates the correct directory structure","duration":1.8447499999999764,"failureMessages":[],"meta":{}},{"ancestorTitles":["OPFS Archival System","Suite 2: Archiving Play-by-Play (PBP) Logs (Append-Only)"],"fullName":"OPFS Archival System Suite 2: Archiving Play-by-Play (PBP) Logs (Append-Only) Test 2.2: archiveBoutLog successfully writes stringified JSON","status":"passed","title":"Test 2.2: archiveBoutLog successfully writes stringified JSON","duration":0.5577500000000555,"failureMessages":[],"meta":{}},{"ancestorTitles":["OPFS Archival System","Suite 2: Archiving Play-by-Play (PBP) Logs (Append-Only)"],"fullName":"OPFS Archival System Suite 2: Archiving Play-by-Play (PBP) Logs (Append-Only) Test 2.3: Overwrite Protection","status":"passed","title":"Test 2.3: Overwrite Protection","duration":0.5886249999999791,"failureMessages":[],"meta":{}},{"ancestorTitles":["OPFS Archival System","Suite 3: Retrieval & Hydration"],"fullName":"OPFS Archival System Suite 3: Retrieval & Hydration Test 3.1: retrieveBoutLog returns parsed JSON","status":"passed","title":"Test 3.1: retrieveBoutLog returns parsed JSON","duration":0.3735420000000431,"failureMessages":[],"meta":{}},{"ancestorTitles":["OPFS Archival System","Suite 3: Retrieval & Hydration"],"fullName":"OPFS Archival System Suite 3: Retrieval & Hydration Test 3.2: retrieveBoutLog handles missing files gracefully","status":"passed","title":"Test 3.2: retrieveBoutLog handles missing files gracefully","duration":0.23529199999995853,"failureMessages":[],"meta":{}},{"ancestorTitles":["OPFS Archival System","Suite 4: Seasonal Gazette Archiving"],"fullName":"OPFS Archival System Suite 4: Seasonal Gazette Archiving Test 4.1: archiveGazette saves text files natively","status":"passed","title":"Test 4.1: archiveGazette saves text files natively","duration":0.758083000000056,"failureMessages":[],"meta":{}},{"ancestorTitles":["OPFS Archival System","Suite 5: Fallback & Quota Management"],"fullName":"OPFS Archival System Suite 5: Fallback & Quota Management Test 5.1: Graceful degradation on QuotaExceededError","status":"passed","title":"Test 5.1: Graceful degradation on QuotaExceededError","duration":1.3257500000000846,"failureMessages":[],"meta":{}},{"ancestorTitles":["OPFS Archival System","Suite 5: Fallback & Quota Management"],"fullName":"OPFS Archival System Suite 5: Fallback & Quota Management Test 5.2: archiveBoutLog throws ArchiveConflictError on NoModificationAllowedError","status":"passed","title":"Test 5.2: archiveBoutLog throws ArchiveConflictError on NoModificationAllowedError","duration":0.44545800000003055,"failureMessages":[],"meta":{}},{"ancestorTitles":["OPFS Archival System","Suite 5: Fallback & Quota Management"],"fullName":"OPFS Archival System Suite 5: Fallback & Quota Management Test 5.3: archiveBoutLog fails gracefully on unknown generic errors","status":"passed","title":"Test 5.3: archiveBoutLog fails gracefully on unknown generic errors","duration":0.3077090000000453,"failureMessages":[],"meta":{}},{"ancestorTitles":["OPFS Archival System","Suite 6: Hot State Storage"],"fullName":"OPFS Archival System Suite 6: Hot State Storage Test 6.1: retrieveHotState handles missing files gracefully","status":"passed","title":"Test 6.1: retrieveHotState handles missing files gracefully","duration":0.2556250000000091,"failureMessages":[],"meta":{}}],"startTime":1775644944099,"endTime":1775644944107.4456,"status":"passed","message":"","name":"/Users/amauricia/Documents/GitHub/stable-lords/src/test/engine/storage/opfsArchive.test.ts"},{"assertionResults":[{"ancestorTitles":["truncateState"],"fullName":"truncateState handles empty state and undefined arrays gracefully","status":"passed","title":"handles empty state and undefined arrays gracefully","duration":1.0328339999999798,"failureMessages":[],"meta":{}},{"ancestorTitles":["truncateState"],"fullName":"truncateState truncates arrays to their respective limits","status":"passed","title":"truncates arrays to their respective limits","duration":0.9530419999999822,"failureMessages":[],"meta":{}},{"ancestorTitles":["truncateState"],"fullName":"truncateState removes transcripts from arenaHistory for flights older than the last 20","status":"passed","title":"removes transcripts from arenaHistory for flights older than the last 20","duration":0.9059999999999491,"failureMessages":[],"meta":{}},{"ancestorTitles":["truncateState"],"fullName":"truncateState slices keeping the most recent items (tail of the array)","status":"passed","title":"slices keeping the most recent items (tail of the array)","duration":0.5442500000000337,"failureMessages":[],"meta":{}}],"startTime":1775644945461,"endTime":1775644945464.5442,"status":"passed","message":"","name":"/Users/amauricia/Documents/GitHub/stable-lords/src/test/engine/storage/truncation.test.ts"},{"assertionResults":[{"ancestorTitles":["coachLogic","computeTrainerBonus"],"fullName":"coachLogic computeTrainerBonus should calculate bonus for relevant attributes and style","status":"passed","title":"should calculate bonus for relevant attributes and style","duration":0.8700830000000224,"failureMessages":[],"meta":{}},{"ancestorTitles":["coachLogic","getHealingTrainerBonus"],"fullName":"coachLogic getHealingTrainerBonus should calculate healing bonus","status":"passed","title":"should calculate healing bonus","duration":0.20329199999991943,"failureMessages":[],"meta":{}}],"startTime":1775644946825,"endTime":1775644946826.2034,"status":"passed","message":"","name":"/Users/amauricia/Documents/GitHub/stable-lords/src/test/engine/training/coachLogic.test.ts"},{"assertionResults":[{"ancestorTitles":["facilityUpkeep","getSeasonalGains"],"fullName":"facilityUpkeep getSeasonalGains should return empty object if no entry found","status":"passed","title":"should return empty object if no entry found","duration":2.5589169999999513,"failureMessages":[],"meta":{}},{"ancestorTitles":["facilityUpkeep","getSeasonalGains"],"fullName":"facilityUpkeep getSeasonalGains should return gains for specific warrior and season","status":"passed","title":"should return gains for specific warrior and season","duration":0.39674999999999727,"failureMessages":[],"meta":{}},{"ancestorTitles":["facilityUpkeep","updateSeasonalGains"],"fullName":"facilityUpkeep updateSeasonalGains should create new entry if none exists","status":"passed","title":"should create new entry if none exists","duration":1.2207089999999425,"failureMessages":[],"meta":{}},{"ancestorTitles":["facilityUpkeep","updateSeasonalGains"],"fullName":"facilityUpkeep updateSeasonalGains should update existing entry","status":"passed","title":"should update existing entry","duration":0.23066700000003948,"failureMessages":[],"meta":{}}],"startTime":1775644945280,"endTime":1775644945287.2307,"status":"passed","message":"","name":"/Users/amauricia/Documents/GitHub/stable-lords/src/test/engine/training/facilityUpkeep.test.ts"},{"assertionResults":[{"ancestorTitles":["trainingGains","processAttributeTraining"],"fullName":"trainingGains processAttributeTraining should block SZ training","status":"passed","title":"should block SZ training","duration":2.470250000000078,"failureMessages":[],"meta":{}},{"ancestorTitles":["trainingGains","processAttributeTraining"],"fullName":"trainingGains processAttributeTraining should hard cap training if at ATTRIBUTE_MAX","status":"passed","title":"should hard cap training if at ATTRIBUTE_MAX","duration":0.40487500000006094,"failureMessages":[],"meta":{}},{"ancestorTitles":["trainingGains","processAttributeTraining"],"fullName":"trainingGains processAttributeTraining should block if reaching seasonal cap","status":"passed","title":"should block if reaching seasonal cap","duration":0.3190829999999778,"failureMessages":[],"meta":{}},{"ancestorTitles":["trainingGains","processAttributeTraining"],"fullName":"trainingGains processAttributeTraining should reveal potential on failed roll occasionally","status":"passed","title":"should reveal potential on failed roll occasionally","duration":0.3992079999999305,"failureMessages":[],"meta":{}},{"ancestorTitles":["trainingGains","rollForTrainingInjury"],"fullName":"trainingGains rollForTrainingInjury should occasionally cause injury","status":"passed","title":"should occasionally cause injury","duration":0.3241249999999809,"failureMessages":[],"meta":{}},{"ancestorTitles":["trainingGains","rollForTrainingInjury"],"fullName":"trainingGains rollForTrainingInjury should return null if no injury","status":"passed","title":"should return null if no injury","duration":0.14945899999997891,"failureMessages":[],"meta":{}},{"ancestorTitles":["trainingGains","processRecovery"],"fullName":"trainingGains processRecovery should return no-op message if no injuries","status":"passed","title":"should return no-op message if no injuries","duration":0.497208999999998,"failureMessages":[],"meta":{}},{"ancestorTitles":["trainingGains","processRecovery"],"fullName":"trainingGains processRecovery should reduce weeks remaining","status":"passed","title":"should reduce weeks remaining","duration":0.183208000000036,"failureMessages":[],"meta":{}},{"ancestorTitles":["trainingGains","processRecovery"],"fullName":"trainingGains processRecovery should clear injury if weeks drop to 0","status":"passed","title":"should clear injury if weeks drop to 0","duration":0.5215840000000753,"failureMessages":[],"meta":{}},{"ancestorTitles":["processAttributeTraining - successful gain"],"fullName":"processAttributeTraining - successful gain should process attribute gain correctly","status":"passed","title":"should process attribute gain correctly","duration":0.3029579999999896,"failureMessages":[],"meta":{}},{"ancestorTitles":["processAttributeTraining - successful gain"],"fullName":"processAttributeTraining - successful gain should reveal true potential if near ceiling","status":"passed","title":"should reveal true potential if near ceiling","duration":0.11608300000000327,"failureMessages":[],"meta":{}}],"startTime":1775644945519,"endTime":1775644945525.303,"status":"passed","message":"","name":"/Users/amauricia/Documents/GitHub/stable-lords/src/test/engine/training/trainingGains.test.ts"},{"assertionResults":[{"ancestorTitles":["EconomySlice"],"fullName":"EconomySlice should initialize with zero treasury and empty ledger","status":"passed","title":"should initialize with zero treasury and empty ledger","duration":0.9972500000000082,"failureMessages":[],"meta":{}},{"ancestorTitles":["EconomySlice"],"fullName":"EconomySlice should add funds correctly","status":"passed","title":"should add funds correctly","duration":1.60775000000001,"failureMessages":[],"meta":{}},{"ancestorTitles":["EconomySlice"],"fullName":"EconomySlice should deduct funds correctly when treasury is sufficient","status":"passed","title":"should deduct funds correctly when treasury is sufficient","duration":0.6176669999999831,"failureMessages":[],"meta":{}},{"ancestorTitles":["EconomySlice"],"fullName":"EconomySlice should fail to deduct funds when treasury is insufficient","status":"passed","title":"should fail to deduct funds when treasury is insufficient","duration":0.1413750000000391,"failureMessages":[],"meta":{}}],"startTime":1775644945890,"endTime":1775644945893.6177,"status":"passed","message":"","name":"/Users/amauricia/Documents/GitHub/stable-lords/src/test/state/slices/economySlice.test.ts"},{"assertionResults":[{"ancestorTitles":["RosterSlice"],"fullName":"RosterSlice should add a warrior to the roster","status":"passed","title":"should add a warrior to the roster","duration":2.041917000000012,"failureMessages":[],"meta":{}},{"ancestorTitles":["RosterSlice"],"fullName":"RosterSlice should kill a warrior and move them to the graveyard","status":"passed","title":"should kill a warrior and move them to the graveyard","duration":1.1986670000000004,"failureMessages":[],"meta":{}},{"ancestorTitles":["RosterSlice"],"fullName":"RosterSlice should retire a warrior and move them to retired list","status":"passed","title":"should retire a warrior and move them to retired list","duration":0.523375000000101,"failureMessages":[],"meta":{}}],"startTime":1775644944820,"endTime":1775644944824.5234,"status":"passed","message":"","name":"/Users/amauricia/Documents/GitHub/stable-lords/src/test/state/slices/rosterSlice.test.ts"},{"assertionResults":[{"ancestorTitles":["WorldSlice"],"fullName":"WorldSlice should initialize a stable with starting capital","status":"passed","title":"should initialize a stable with starting capital","duration":1.8370839999998907,"failureMessages":[],"meta":{}},{"ancestorTitles":["WorldSlice"],"fullName":"WorldSlice should append a fight to the arena history","status":"passed","title":"should append a fight to the arena history","duration":0.7659170000000586,"failureMessages":[],"meta":{}},{"ancestorTitles":["WorldSlice"],"fullName":"WorldSlice should truncate arena history and remove old transcripts","status":"passed","title":"should truncate arena history and remove old transcripts","duration":1.4447920000000067,"failureMessages":[],"meta":{}}],"startTime":1775644943404,"endTime":1775644943408.4448,"status":"passed","message":"","name":"/Users/amauricia/Documents/GitHub/stable-lords/src/test/state/slices/worldSlice.test.ts"},{"assertionResults":[{"ancestorTitles":["processHallOfFame"],"fullName":"processHallOfFame returns state unchanged if not week 1 of a new year","status":"passed","title":"returns state unchanged if not week 1 of a new year","duration":0.7764590000000453,"failureMessages":[],"meta":{}},{"ancestorTitles":["processHallOfFame"],"fullName":"processHallOfFame returns state unchanged if it is the very first week of the game (Year 1)","status":"passed","title":"returns state unchanged if it is the very first week of the game (Year 1)","duration":0.20716600000002927,"failureMessages":[],"meta":{}},{"ancestorTitles":["processHallOfFame"],"fullName":"processHallOfFame correctly calculates and applies annual awards at Year 2 start","status":"passed","title":"correctly calculates and applies annual awards at Year 2 start","duration":0.6403329999999414,"failureMessages":[],"meta":{}}],"startTime":1775644947200,"endTime":1775644947201.6404,"status":"passed","message":"","name":"/Users/amauricia/Documents/GitHub/stable-lords/src/test/engine/pipeline/core/hallOfFame.test.ts"}]}