{"numTotalTestSuites":481,"numPassedTestSuites":446,"numFailedTestSuites":35,"numPendingTestSuites":0,"numTotalTests":1162,"numPassedTests":1112,"numFailedTests":50,"numPendingTests":0,"numTodoTests":0,"snapshot":{"added":0,"failure":false,"filesAdded":0,"filesRemoved":0,"filesRemovedList":[],"filesUnmatched":0,"filesUpdated":0,"matched":0,"total":0,"unchecked":0,"uncheckedKeysByFile":[],"unmatched":0,"updated":0,"didUpdate":false},"startTime":1778158641174,"success":false,"testResults":[{"assertionResults":[{"ancestorTitles":["Headless Simulation Harness"],"fullName":"Headless Simulation Harness runs a long-term balance check (104 weeks)","status":"passed","title":"runs a long-term balance check (104 weeks)","duration":2704.316875,"failureMessages":[],"meta":{}}],"startTime":1778158643482,"endTime":1778158646186.317,"status":"passed","message":"","name":"/Users/amauricia/Documents/GitHub/stable-lords/src/scripts/simulation.test.ts"},{"assertionResults":[{"ancestorTitles":["advanceWeek pipeline orchestration"],"fullName":"advanceWeek pipeline orchestration calls all impact computation functions","status":"passed","title":"calls all impact computation functions","duration":7.2980420000000095,"failureMessages":[],"meta":{}},{"ancestorTitles":["advanceWeek pipeline orchestration"],"fullName":"advanceWeek pipeline orchestration resolves collected impacts using resolveImpacts","status":"passed","title":"resolves collected impacts using resolveImpacts","duration":1.3017919999999776,"failureMessages":[],"meta":{}},{"ancestorTitles":["advanceWeek pipeline orchestration"],"fullName":"advanceWeek pipeline orchestration advances the week counter and returns a new state","status":"passed","title":"advances the week counter and returns a new state","duration":6.754625000000033,"failureMessages":[],"meta":{}}],"startTime":1778158648509,"endTime":1778158648524.7546,"status":"passed","message":"","name":"/Users/amauricia/Documents/GitHub/stable-lords/src/test/advanceWeek.test.ts"},{"assertionResults":[{"ancestorTitles":["Style Balance"],"fullName":"Style Balance should have no style with >75% overall win rate","status":"passed","title":"should have no style with >75% overall win rate","duration":1.459374999999909,"failureMessages":[],"meta":{}},{"ancestorTitles":["Style Balance"],"fullName":"Style Balance should have no style with <22% overall win rate (too weak)","status":"passed","title":"should have no style with <22% overall win rate (too weak)","duration":0.5567079999998441,"failureMessages":[],"meta":{}},{"ancestorTitles":["Style Balance"],"fullName":"Style Balance should have no single matchup worse than 80/20","status":"passed","title":"should have no single matchup worse than 80/20","duration":0.5857499999999618,"failureMessages":[],"meta":{}},{"ancestorTitles":["Kill Rate"],"fullName":"Kill Rate should be approximately 10% (between 6% and 16%)","status":"passed","title":"should be approximately 10% (between 6% and 16%)","duration":0.14679200000000492,"failureMessages":[],"meta":{}},{"ancestorTitles":["OE/KD Variability"],"fullName":"OE/KD Variability high OE (8) should win more fights than low OE (3) when facing the same opponent","status":"passed","title":"high OE (8) should win more fights than low OE (3) when facing the same opponent","duration":48.765625,"failureMessages":[],"meta":{}},{"ancestorTitles":["OE/KD Variability"],"fullName":"OE/KD Variability high killDesire (10) should produce more kills than low killDesire (1)","status":"passed","title":"high killDesire (10) should produce more kills than low killDesire (1)","duration":156.16195800000014,"failureMessages":[],"meta":{}}],"startTime":1778158646344,"endTime":1778158646552.1619,"status":"passed","message":"","name":"/Users/amauricia/Documents/GitHub/stable-lords/src/test/balance.test.ts"},{"assertionResults":[{"ancestorTitles":["simulateFight — determinism"],"fullName":"simulateFight — determinism produces identical results with the same seed","status":"passed","title":"produces identical results with the same seed","duration":9.527458999999908,"failureMessages":[],"meta":{}},{"ancestorTitles":["simulateFight — determinism"],"fullName":"simulateFight — determinism produces different results with different seeds","status":"passed","title":"produces different results with different seeds","duration":5.544750000000022,"failureMessages":[],"meta":{}},{"ancestorTitles":["simulateFight — outcome structure"],"fullName":"simulateFight — outcome structure always returns a valid FightOutcome","status":"passed","title":"always returns a valid FightOutcome","duration":1.2592919999999594,"failureMessages":[],"meta":{}},{"ancestorTitles":["simulateFight — outcome structure"],"fullName":"simulateFight — outcome structure log entries have valid minute and text","status":"passed","title":"log entries have valid minute and text","duration":1.6730420000000095,"failureMessages":[],"meta":{}},{"ancestorTitles":["simulateFight — outcome structure"],"fullName":"simulateFight — outcome structure post stats are consistent with outcome","status":"passed","title":"post stats are consistent with outcome","duration":0.6032910000000129,"failureMessages":[],"meta":{}},{"ancestorTitles":["simulateFight — kill logic"],"fullName":"simulateFight — kill logic kills are more likely with high killDesire and OE","status":"passed","title":"kills are more likely with high killDesire and OE","duration":13.354625000000055,"failureMessages":[],"meta":{}},{"ancestorTitles":["simulateFight — kill logic"],"fullName":"simulateFight — kill logic low killDesire reduces kill frequency","status":"passed","title":"low killDesire reduces kill frequency","duration":9.396999999999935,"failureMessages":[],"meta":{}},{"ancestorTitles":["simulateFight — style matchups"],"fullName":"simulateFight — style matchups Wall of Steel has defensive advantage over aggressive styles","status":"passed","title":"Wall of Steel has defensive advantage over aggressive styles","duration":4.169999999999959,"failureMessages":[],"meta":{}},{"ancestorTitles":["simulateFight — style matchups"],"fullName":"simulateFight — style matchups defaultPlanForWarrior returns sensible defaults per style","status":"passed","title":"defaultPlanForWarrior returns sensible defaults per style","duration":0.3543329999999969,"failureMessages":[],"meta":{}},{"ancestorTitles":["simulateFight — phase strategies"],"fullName":"simulateFight — phase strategies respects per-phase OE/AL overrides","status":"passed","title":"respects per-phase OE/AL overrides","duration":0.3843329999999696,"failureMessages":[],"meta":{}},{"ancestorTitles":["simulateFight — endurance and exhaustion"],"fullName":"simulateFight — endurance and exhaustion high OE+AL drains endurance faster","status":"passed","title":"high OE+AL drains endurance faster","duration":0.2950419999999667,"failureMessages":[],"meta":{}},{"ancestorTitles":["fameFromTags"],"fullName":"fameFromTags returns zero for no tags","status":"passed","title":"returns zero for no tags","duration":0.13049999999998363,"failureMessages":[],"meta":{}},{"ancestorTitles":["fameFromTags"],"fullName":"fameFromTags awards fame for Kill","status":"passed","title":"awards fame for Kill","duration":0.16554099999996197,"failureMessages":[],"meta":{}},{"ancestorTitles":["fameFromTags"],"fullName":"fameFromTags awards fame and pop for KO","status":"passed","title":"awards fame and pop for KO","duration":0.04766600000004928,"failureMessages":[],"meta":{}},{"ancestorTitles":["fameFromTags"],"fullName":"fameFromTags awards pop for Flashy","status":"passed","title":"awards pop for Flashy","duration":0.030624999999986358,"failureMessages":[],"meta":{}},{"ancestorTitles":["fameFromTags"],"fullName":"fameFromTags stacks multiple tags","status":"passed","title":"stacks multiple tags","duration":0.03837500000008731,"failureMessages":[],"meta":{}},{"ancestorTitles":["fameFromTags"],"fullName":"fameFromTags applies dampener above 5","status":"passed","title":"applies dampener above 5","duration":0.03370800000004692,"failureMessages":[],"meta":{}},{"ancestorTitles":["fameFromTags"],"fullName":"fameFromTags handles undefined tags gracefully","status":"passed","title":"handles undefined tags gracefully","duration":0.03879199999994398,"failureMessages":[],"meta":{}},{"ancestorTitles":["simulateFight — hit-location lethality"],"fullName":"simulateFight — hit-location lethality targeting head produces more kills than targeting limbs","status":"passed","title":"targeting head produces more kills than targeting limbs","duration":34.59483399999999,"failureMessages":[],"meta":{}},{"ancestorTitles":["simulateFight — hit-location lethality"],"fullName":"simulateFight — hit-location lethality head armor reduces lethality of head-targeted attacks","status":"passed","title":"head armor reduces lethality of head-targeted attacks","duration":19.541875000000005,"failureMessages":[],"meta":{}},{"ancestorTitles":["simulateFight — hit-location lethality"],"fullName":"simulateFight — hit-location lethality chest/torso attacks are a reliable kill path compared to legs","status":"passed","title":"chest/torso attacks are a reliable kill path compared to legs","duration":20.31154200000003,"failureMessages":[],"meta":{}}],"startTime":1778158646201,"endTime":1778158646323.3115,"status":"passed","message":"","name":"/Users/amauricia/Documents/GitHub/stable-lords/src/test/combat.test.ts"},{"assertionResults":[{"ancestorTitles":["example"],"fullName":"example should pass","status":"passed","title":"should pass","duration":0.6469170000000304,"failureMessages":[],"meta":{}}],"startTime":1778158654024,"endTime":1778158654024.647,"status":"passed","message":"","name":"/Users/amauricia/Documents/GitHub/stable-lords/src/test/example.test.ts"},{"assertionResults":[{"ancestorTitles":["Stable Lords 1.0 Rivalry Growth Audit"],"fullName":"Stable Lords 1.0 Rivalry Growth Audit verifies that rivalry intensity scales correctly with fame outcomes","status":"passed","title":"verifies that rivalry intensity scales correctly with fame outcomes","duration":1.1867500000000746,"failureMessages":[],"meta":{}},{"ancestorTitles":["Stable Lords 1.0 Rivalry Growth Audit"],"fullName":"Stable Lords 1.0 Rivalry Growth Audit verifies that rivalries reach Stage 5 (Blood Feud) over repeated bouts","status":"passed","title":"verifies that rivalries reach Stage 5 (Blood Feud) over repeated bouts","duration":0.33304099999998016,"failureMessages":[],"meta":{}}],"startTime":1778158653066,"endTime":1778158653067.333,"status":"passed","message":"","name":"/Users/amauricia/Documents/GitHub/stable-lords/src/test/rivalryGrowth.test.ts"},{"assertionResults":[{"ancestorTitles":["Scheduling Assistant Engine"],"fullName":"Scheduling Assistant Engine should correctly score a favorable style matchup (e.g. TP vs AB)","status":"passed","title":"should correctly score a favorable style matchup (e.g. TP vs AB)","duration":0.8217919999999594,"failureMessages":[],"meta":{}},{"ancestorTitles":["Scheduling Assistant Engine"],"fullName":"Scheduling Assistant Engine should correctly score an unfavorable style matchup (e.g. AB vs PR)","status":"passed","title":"should correctly score an unfavorable style matchup (e.g. AB vs PR)","duration":0.1785419999999931,"failureMessages":[],"meta":{}},{"ancestorTitles":["Scheduling Assistant Engine"],"fullName":"Scheduling Assistant Engine should return a sorted list of top challenges for a warrior","status":"passed","title":"should return a sorted list of top challenges for a warrior","duration":0.32037500000001273,"failureMessages":[],"meta":{}},{"ancestorTitles":["Scheduling Assistant Engine"],"fullName":"Scheduling Assistant Engine should penalize matchups where fame difference is too high","status":"passed","title":"should penalize matchups where fame difference is too high","duration":0.15812500000004093,"failureMessages":[],"meta":{}},{"ancestorTitles":["Scheduling Assistant Engine"],"fullName":"Scheduling Assistant Engine should return a sorted list of matchups to avoid","status":"passed","title":"should return a sorted list of matchups to avoid","duration":0.5912079999999378,"failureMessages":[],"meta":{}}],"startTime":1778158652623,"endTime":1778158652625.5913,"status":"passed","message":"","name":"/Users/amauricia/Documents/GitHub/stable-lords/src/test/schedulingAssistant.test.ts"},{"assertionResults":[{"ancestorTitles":["simulateFight — resolution phases"],"fullName":"simulateFight — resolution phases generates log entries across multiple phases","status":"passed","title":"generates log entries across multiple phases","duration":8.403125000000045,"failureMessages":[],"meta":{}},{"ancestorTitles":["simulateFight — resolution phases"],"fullName":"simulateFight — resolution phases phase-specific OE/AL overrides are respected","status":"passed","title":"phase-specific OE/AL overrides are respected","duration":2.4166249999999536,"failureMessages":[],"meta":{}},{"ancestorTitles":["simulateFight — tactic resolution"],"fullName":"simulateFight — tactic resolution Bash tactic bypasses parry more often","status":"passed","title":"Bash tactic bypasses parry more often","duration":29.32691699999998,"failureMessages":[],"meta":{}},{"ancestorTitles":["simulateFight — tactic resolution"],"fullName":"simulateFight — tactic resolution Dodge tactic skips parry and uses DEF","status":"passed","title":"Dodge tactic skips parry and uses DEF","duration":0.5489580000000842,"failureMessages":[],"meta":{}},{"ancestorTitles":["simulateFight — tactic resolution"],"fullName":"simulateFight — tactic resolution Lunge tactic increases attack at cost of defense","status":"passed","title":"Lunge tactic increases attack at cost of defense","duration":33.62016600000004,"failureMessages":[],"meta":{}},{"ancestorTitles":["simulateFight — tactic resolution"],"fullName":"simulateFight — tactic resolution Riposte tactic increases counter-attack frequency","status":"passed","title":"Riposte tactic increases counter-attack frequency","duration":8.43866700000001,"failureMessages":[],"meta":{}},{"ancestorTitles":["simulateFight — tactic overuse penalty"],"fullName":"simulateFight — tactic overuse penalty continuous tactic use degrades effectiveness","status":"passed","title":"continuous tactic use degrades effectiveness","duration":0.34483299999999417,"failureMessages":[],"meta":{}},{"ancestorTitles":["simulateFight — target and protect mechanics"],"fullName":"simulateFight — target and protect mechanics targeted attacks hit the specified location more often","status":"passed","title":"targeted attacks hit the specified location more often","duration":2.973165999999992,"failureMessages":[],"meta":{}},{"ancestorTitles":["simulateFight — target and protect mechanics"],"fullName":"simulateFight — target and protect mechanics protect reduces damage to covered locations","status":"passed","title":"protect reduces damage to covered locations","duration":0.5557919999999967,"failureMessages":[],"meta":{}},{"ancestorTitles":["simulateFight — outcome termination types"],"fullName":"simulateFight — outcome termination types can produce Kill outcomes","status":"passed","title":"can produce Kill outcomes","duration":9.029457999999977,"failureMessages":[],"meta":{}},{"ancestorTitles":["simulateFight — outcome termination types"],"fullName":"simulateFight — outcome termination types can produce KO outcomes","status":"passed","title":"can produce KO outcomes","duration":5.632624999999962,"failureMessages":[],"meta":{}},{"ancestorTitles":["simulateFight — outcome termination types"],"fullName":"simulateFight — outcome termination types can produce Exhaustion outcomes","status":"passed","title":"can produce Exhaustion outcomes","duration":7.7127499999999145,"failureMessages":[],"meta":{}},{"ancestorTitles":["simulateFight — outcome termination types"],"fullName":"simulateFight — outcome termination types can produce Stoppage outcomes","status":"passed","title":"can produce Stoppage outcomes","duration":11.323792000000026,"failureMessages":[],"meta":{}},{"ancestorTitles":["simulateFight — outcome termination types"],"fullName":"simulateFight — outcome termination types can produce Draw outcomes","status":"passed","title":"can produce Draw outcomes","duration":43.936375,"failureMessages":[],"meta":{}},{"ancestorTitles":["simulateFight — initiative and tempo"],"fullName":"simulateFight — initiative and tempo high AL improves initiative","status":"passed","title":"high AL improves initiative","duration":4.96104200000002,"failureMessages":[],"meta":{}},{"ancestorTitles":["simulateFight — style passives integration"],"fullName":"simulateFight — style passives integration Basher consecutive hits build momentum","status":"passed","title":"Basher consecutive hits build momentum","duration":5.487792000000013,"failureMessages":[],"meta":{}},{"ancestorTitles":["simulateFight — style passives integration"],"fullName":"simulateFight — style passives integration Total Parry has endurance efficiency advantage","status":"passed","title":"Total Parry has endurance efficiency advantage","duration":14.128874999999994,"failureMessages":[],"meta":{}},{"ancestorTitles":["simulateFight — equipment modifiers"],"fullName":"simulateFight — equipment modifiers heavy weapons increase damage","status":"passed","title":"heavy weapons increase damage","duration":0.37725000000000364,"failureMessages":[],"meta":{}},{"ancestorTitles":["simulateFight — equipment modifiers"],"fullName":"simulateFight — equipment modifiers shields improve defense","status":"passed","title":"shields improve defense","duration":3.0667079999999487,"failureMessages":[],"meta":{}},{"ancestorTitles":["simulateFight — narrative log quality"],"fullName":"simulateFight — narrative log quality generates warrior introductions at minute 0","status":"passed","title":"generates warrior introductions at minute 0","duration":0.2075839999999971,"failureMessages":[],"meta":{}},{"ancestorTitles":["simulateFight — narrative log quality"],"fullName":"simulateFight — narrative log quality includes bout ending narration","status":"passed","title":"includes bout ending narration","duration":0.23920899999995981,"failureMessages":[],"meta":{}},{"ancestorTitles":["simulateFight — narrative log quality"],"fullName":"simulateFight — narrative log quality log entries have increasing or stable minutes","status":"passed","title":"log entries have increasing or stable minutes","duration":0.9315420000000358,"failureMessages":[],"meta":{}},{"ancestorTitles":["defaultPlanForWarrior"],"fullName":"defaultPlanForWarrior returns appropriate defaults for each style","status":"passed","title":"returns appropriate defaults for each style","duration":0.8736249999999472,"failureMessages":[],"meta":{}},{"ancestorTitles":["defaultPlanForWarrior"],"fullName":"defaultPlanForWarrior Total Parry has low offensive defaults","status":"passed","title":"Total Parry has low offensive defaults","duration":0.05870900000002166,"failureMessages":[],"meta":{}},{"ancestorTitles":["defaultPlanForWarrior"],"fullName":"defaultPlanForWarrior Bashing Attack has high offensive defaults","status":"passed","title":"Bashing Attack has high offensive defaults","duration":0.04587500000002365,"failureMessages":[],"meta":{}},{"ancestorTitles":["simulateFight — determinism"],"fullName":"simulateFight — determinism identical seeds produce identical results","status":"passed","title":"identical seeds produce identical results","duration":0.3830409999999347,"failureMessages":[],"meta":{}},{"ancestorTitles":["simulateFight — determinism"],"fullName":"simulateFight — determinism different seeds produce varied results","status":"passed","title":"different seeds produce varied results","duration":2.537499999999909,"failureMessages":[],"meta":{}},{"ancestorTitles":["simulateFight — post-fight stats"],"fullName":"simulateFight — post-fight stats post.tags contains outcome tags","status":"passed","title":"post.tags contains outcome tags","duration":0.2882919999999558,"failureMessages":[],"meta":{}},{"ancestorTitles":["simulateFight — post-fight stats"],"fullName":"simulateFight — post-fight stats post.gotKillA/D matches outcome","status":"passed","title":"post.gotKillA/D matches outcome","duration":0.14266700000007404,"failureMessages":[],"meta":{}},{"ancestorTitles":["simulateFight — post-fight stats"],"fullName":"simulateFight — post-fight stats hit counts are non-negative","status":"passed","title":"hit counts are non-negative","duration":0.2965000000000373,"failureMessages":[],"meta":{}},{"ancestorTitles":["simulateFight — post-fight stats"],"fullName":"simulateFight — post-fight stats xp values are assigned","status":"passed","title":"xp values are assigned","duration":0.28612499999997,"failureMessages":[],"meta":{}},{"ancestorTitles":["simulateFight — arena system"],"fullName":"simulateFight — arena system smoke test: 100 fights with mudpit_arena complete without error","status":"passed","title":"smoke test: 100 fights with mudpit_arena complete without error","duration":23.782666000000063,"failureMessages":[],"meta":{}},{"ancestorTitles":["simulateFight — arena system"],"fullName":"simulateFight — arena system mudpit arena fights last at least as long as standard on average (higher endurance drain)","status":"passed","title":"mudpit arena fights last at least as long as standard on average (higher endurance drain)","duration":23.55958300000009,"failureMessages":[],"meta":{}},{"ancestorTitles":["simulateFight — arena system"],"fullName":"simulateFight — arena system non-default arena logs include arena intro line","status":"passed","title":"non-default arena logs include arena intro line","duration":0.22333400000002257,"failureMessages":[],"meta":{}},{"ancestorTitles":["simulateFight — distance system"],"fullName":"simulateFight — distance system Extended-preferring vs Grapple-preferring warriors produce RANGE_SHIFT narration over 20 fights","status":"passed","title":"Extended-preferring vs Grapple-preferring warriors produce RANGE_SHIFT narration over 20 fights","duration":1.7946249999999964,"failureMessages":[],"meta":{}},{"ancestorTitles":["simulateFight — distance system"],"fullName":"simulateFight — distance system feint-enabled warrior produces FEINT_SUCCESS or FEINT_FAIL narration over 30 fights","status":"passed","title":"feint-enabled warrior produces FEINT_SUCCESS or FEINT_FAIL narration over 30 fights","duration":0.5767089999999371,"failureMessages":[],"meta":{}},{"ancestorTitles":["spatial system integration"],"fullName":"spatial system integration simulateFight runs 100 fights with mudpit arena without throwing","status":"passed","title":"simulateFight runs 100 fights with mudpit arena without throwing","duration":45.39625000000001,"failureMessages":[],"meta":{}},{"ancestorTitles":["spatial system integration"],"fullName":"spatial system integration mudpit arena has higher endurance cost than standard (over 50 fights)","status":"passed","title":"mudpit arena has higher endurance cost than standard (over 50 fights)","duration":53.491457999999966,"failureMessages":[],"meta":{}},{"ancestorTitles":["spatial system integration"],"fullName":"spatial system integration RANGE_SHIFT events appear in the fight log when fighters have different range preferences","status":"passed","title":"RANGE_SHIFT events appear in the fight log when fighters have different range preferences","duration":0.38420799999994415,"failureMessages":[],"meta":{}}],"startTime":1778158644150,"endTime":1778158644499.3843,"status":"passed","message":"","name":"/Users/amauricia/Documents/GitHub/stable-lords/src/test/simulate.test.ts"},{"assertionResults":[{"ancestorTitles":["Stable Lords 1.0 Simulation Hardening Audit"],"fullName":"Stable Lords 1.0 Simulation Hardening Audit runs a 104-week high-stakes career simulation","status":"passed","title":"runs a 104-week high-stakes career simulation","duration":2837.828375,"failureMessages":[],"meta":{}}],"startTime":1778158643456,"endTime":1778158646293.8284,"status":"passed","message":"","name":"/Users/amauricia/Documents/GitHub/stable-lords/src/test/simulation_hardening.test.ts"},{"assertionResults":[{"ancestorTitles":["StableCrest Component"],"fullName":"StableCrest Component should render a crest with solid field","status":"passed","title":"should render a crest with solid field","duration":20.818750000000023,"failureMessages":[],"meta":{}},{"ancestorTitles":["StableCrest Component"],"fullName":"StableCrest Component should render with different sizes","status":"passed","title":"should render with different sizes","duration":11.917915999999991,"failureMessages":[],"meta":{}},{"ancestorTitles":["StableCrest Component"],"fullName":"StableCrest Component should render with custom numeric size","status":"passed","title":"should render with custom numeric size","duration":2.2865410000000566,"failureMessages":[],"meta":{}},{"ancestorTitles":["StableCrest Component"],"fullName":"StableCrest Component should render complex field patterns","status":"passed","title":"should render complex field patterns","duration":2.9819579999999632,"failureMessages":[],"meta":{}},{"ancestorTitles":["StableCrest Component"],"fullName":"StableCrest Component should have accessibility label","status":"passed","title":"should have accessibility label","duration":2.42450000000008,"failureMessages":[],"meta":{}},{"ancestorTitles":["StableCrest Component"],"fullName":"StableCrest Component should apply custom className","status":"passed","title":"should apply custom className","duration":2.1345000000000027,"failureMessages":[],"meta":{}},{"ancestorTitles":["StableCrest Component"],"fullName":"StableCrest Component should render with generation badge for inherited crests","status":"passed","title":"should render with generation badge for inherited crests","duration":2.793707999999924,"failureMessages":[],"meta":{}},{"ancestorTitles":["StableCrest Component"],"fullName":"StableCrest Component should render different shield shapes","status":"passed","title":"should render different shield shapes","duration":7.721207999999933,"failureMessages":[],"meta":{}},{"ancestorTitles":["StableCrest Component"],"fullName":"StableCrest Component should render different field types","status":"passed","title":"should render different field types","duration":33.26350000000002,"failureMessages":[],"meta":{}},{"ancestorTitles":["StableCrest Component"],"fullName":"StableCrest Component should render with animation","status":"passed","title":"should render with animation","duration":16.406292000000008,"failureMessages":[],"meta":{}}],"startTime":1778158646878,"endTime":1778158646980.4062,"status":"passed","message":"","name":"/Users/amauricia/Documents/GitHub/stable-lords/src/components/crest/StableCrest.test.tsx"},{"assertionResults":[{"ancestorTitles":["crestGenerator","generateCrest"],"fullName":"crestGenerator generateCrest should generate a crest with all required properties","status":"passed","title":"should generate a crest with all required properties","duration":1.6107500000000528,"failureMessages":[],"meta":{}},{"ancestorTitles":["crestGenerator","generateCrest"],"fullName":"crestGenerator generateCrest should be deterministic (same seed produces same crest)","status":"passed","title":"should be deterministic (same seed produces same crest)","duration":0.40104200000007495,"failureMessages":[],"meta":{}},{"ancestorTitles":["crestGenerator","generateCrest"],"fullName":"crestGenerator generateCrest should produce different crests with different seeds","status":"passed","title":"should produce different crests with different seeds","duration":0.15545800000006693,"failureMessages":[],"meta":{}},{"ancestorTitles":["crestGenerator","generateCrest"],"fullName":"crestGenerator generateCrest should influence charge type based on philosophy","status":"passed","title":"should influence charge type based on philosophy","duration":1.223957999999925,"failureMessages":[],"meta":{}},{"ancestorTitles":["crestGenerator","generateCrest"],"fullName":"crestGenerator generateCrest should include secondary color for non-solid fields","status":"passed","title":"should include secondary color for non-solid fields","duration":0.2825000000000273,"failureMessages":[],"meta":{}},{"ancestorTitles":["crestGenerator","inheritCrest"],"fullName":"crestGenerator inheritCrest should create a crest with increased generation","status":"passed","title":"should create a crest with increased generation","duration":0.12270899999998619,"failureMessages":[],"meta":{}},{"ancestorTitles":["crestGenerator","inheritCrest"],"fullName":"crestGenerator inheritCrest should inherit elements with diminishing probability","status":"passed","title":"should inherit elements with diminishing probability","duration":0.16649999999992815,"failureMessages":[],"meta":{}},{"ancestorTitles":["crestGenerator","inheritCrest"],"fullName":"crestGenerator inheritCrest should preserve some parent elements in early generations","status":"passed","title":"should preserve some parent elements in early generations","duration":0.3442499999999882,"failureMessages":[],"meta":{}},{"ancestorTitles":["crestGenerator","getCrestColor"],"fullName":"crestGenerator getCrestColor should return color hex for valid color keys","status":"passed","title":"should return color hex for valid color keys","duration":0.30416700000000674,"failureMessages":[],"meta":{}},{"ancestorTitles":["crestGenerator","getChargeDescription"],"fullName":"crestGenerator getChargeDescription should return charge description from definitions","status":"passed","title":"should return charge description from definitions","duration":0.1334590000000162,"failureMessages":[],"meta":{}},{"ancestorTitles":["crestGenerator","getChargeDescription"],"fullName":"crestGenerator getChargeDescription should handle charges without description in definitions","status":"passed","title":"should handle charges without description in definitions","duration":0.045291000000020176,"failureMessages":[],"meta":{}},{"ancestorTitles":["crestGenerator","getCrestDescription"],"fullName":"crestGenerator getCrestDescription should generate heraldic description with metal name and field","status":"passed","title":"should generate heraldic description with metal name and field","duration":0.17687499999999545,"failureMessages":[],"meta":{}},{"ancestorTitles":["crestGenerator","getCrestDescription"],"fullName":"crestGenerator getCrestDescription should include charge count for multiple charges","status":"passed","title":"should include charge count for multiple charges","duration":0.061790999999971064,"failureMessages":[],"meta":{}}],"startTime":1778158647629,"endTime":1778158647635.1768,"status":"passed","message":"","name":"/Users/amauricia/Documents/GitHub/stable-lords/src/engine/crest/crestGenerator.test.ts"},{"assertionResults":[{"ancestorTitles":["getTagDescription"],"fullName":"getTagDescription should return the correct description for flair tags","status":"passed","title":"should return the correct description for flair tags","duration":0.6397500000000491,"failureMessages":[],"meta":{}},{"ancestorTitles":["getTagDescription"],"fullName":"getTagDescription should return the correct description for title tags","status":"passed","title":"should return the correct description for title tags","duration":0.20362499999998818,"failureMessages":[],"meta":{}},{"ancestorTitles":["getTagDescription"],"fullName":"getTagDescription should return the correct description for injury tags","status":"passed","title":"should return the correct description for injury tags","duration":0.06799999999998363,"failureMessages":[],"meta":{}},{"ancestorTitles":["getTagDescription"],"fullName":"getTagDescription should return the correct description for status tags","status":"passed","title":"should return the correct description for status tags","duration":0.12858299999993505,"failureMessages":[],"meta":{}},{"ancestorTitles":["getTagDescription"],"fullName":"getTagDescription should return a fallback message for unknown tags","status":"passed","title":"should return a fallback message for unknown tags","duration":0.04975000000001728,"failureMessages":[],"meta":{}},{"ancestorTitles":["getTagDescription"],"fullName":"getTagDescription should handle empty strings by returning the fallback message","status":"passed","title":"should handle empty strings by returning the fallback message","duration":0.058832999999935964,"failureMessages":[],"meta":{}}],"startTime":1778158653715,"endTime":1778158653717.0588,"status":"passed","message":"","name":"/Users/amauricia/Documents/GitHub/stable-lords/src/test/data/tagDescriptions.test.ts"},{"assertionResults":[{"ancestorTitles":["Autosim Integration","Basic Autosim"],"fullName":"Autosim Integration Basic Autosim should advance specified number of weeks","status":"failed","title":"should advance specified number of weeks","duration":2.8896249999997963,"failureMessages":["TypeError: createFreshState is not a function\n    at /Users/amauricia/Documents/GitHub/stable-lords/src/test/integration/autosim.test.ts:76:20\n    at file:///Users/amauricia/Documents/GitHub/stable-lords/node_modules/@vitest/runner/dist/chunk-hooks.js:155:11\n    at file:///Users/amauricia/Documents/GitHub/stable-lords/node_modules/@vitest/runner/dist/chunk-hooks.js:1897:20\n    at new Promise (<anonymous>)\n    at runWithTimeout (file:///Users/amauricia/Documents/GitHub/stable-lords/node_modules/@vitest/runner/dist/chunk-hooks.js:1863:10)\n    at runHook (file:///Users/amauricia/Documents/GitHub/stable-lords/node_modules/@vitest/runner/dist/chunk-hooks.js:1436:51)\n    at callSuiteHook (file:///Users/amauricia/Documents/GitHub/stable-lords/node_modules/@vitest/runner/dist/chunk-hooks.js:1442:25)\n    at processTicksAndRejections (node:internal/process/task_queues:105:5)\n    at callSuiteHook (file:///Users/amauricia/Documents/GitHub/stable-lords/node_modules/@vitest/runner/dist/chunk-hooks.js:1429:21)\n    at runTest (file:///Users/amauricia/Documents/GitHub/stable-lords/node_modules/@vitest/runner/dist/chunk-hooks.js:1566:26)"],"meta":{}},{"ancestorTitles":["Autosim Integration","Basic Autosim"],"fullName":"Autosim Integration Basic Autosim should provide week summaries","status":"failed","title":"should provide week summaries","duration":0.22137500000008004,"failureMessages":["TypeError: createFreshState is not a function\n    at /Users/amauricia/Documents/GitHub/stable-lords/src/test/integration/autosim.test.ts:76:20\n    at file:///Users/amauricia/Documents/GitHub/stable-lords/node_modules/@vitest/runner/dist/chunk-hooks.js:155:11\n    at file:///Users/amauricia/Documents/GitHub/stable-lords/node_modules/@vitest/runner/dist/chunk-hooks.js:1897:20\n    at new Promise (<anonymous>)\n    at runWithTimeout (file:///Users/amauricia/Documents/GitHub/stable-lords/node_modules/@vitest/runner/dist/chunk-hooks.js:1863:10)\n    at runHook (file:///Users/amauricia/Documents/GitHub/stable-lords/node_modules/@vitest/runner/dist/chunk-hooks.js:1436:51)\n    at callSuiteHook (file:///Users/amauricia/Documents/GitHub/stable-lords/node_modules/@vitest/runner/dist/chunk-hooks.js:1442:25)\n    at processTicksAndRejections (node:internal/process/task_queues:105:5)\n    at callSuiteHook (file:///Users/amauricia/Documents/GitHub/stable-lords/node_modules/@vitest/runner/dist/chunk-hooks.js:1429:21)\n    at runTest (file:///Users/amauricia/Documents/GitHub/stable-lords/node_modules/@vitest/runner/dist/chunk-hooks.js:1566:26)"],"meta":{}},{"ancestorTitles":["Autosim Integration","Basic Autosim"],"fullName":"Autosim Integration Basic Autosim should call progress callback for each week","status":"failed","title":"should call progress callback for each week","duration":0.12466700000004494,"failureMessages":["TypeError: createFreshState is not a function\n    at /Users/amauricia/Documents/GitHub/stable-lords/src/test/integration/autosim.test.ts:76:20\n    at file:///Users/amauricia/Documents/GitHub/stable-lords/node_modules/@vitest/runner/dist/chunk-hooks.js:155:11\n    at file:///Users/amauricia/Documents/GitHub/stable-lords/node_modules/@vitest/runner/dist/chunk-hooks.js:1897:20\n    at new Promise (<anonymous>)\n    at runWithTimeout (file:///Users/amauricia/Documents/GitHub/stable-lords/node_modules/@vitest/runner/dist/chunk-hooks.js:1863:10)\n    at runHook (file:///Users/amauricia/Documents/GitHub/stable-lords/node_modules/@vitest/runner/dist/chunk-hooks.js:1436:51)\n    at callSuiteHook (file:///Users/amauricia/Documents/GitHub/stable-lords/node_modules/@vitest/runner/dist/chunk-hooks.js:1442:25)\n    at processTicksAndRejections (node:internal/process/task_queues:105:5)\n    at callSuiteHook (file:///Users/amauricia/Documents/GitHub/stable-lords/node_modules/@vitest/runner/dist/chunk-hooks.js:1429:21)\n    at runTest (file:///Users/amauricia/Documents/GitHub/stable-lords/node_modules/@vitest/runner/dist/chunk-hooks.js:1566:26)"],"meta":{}},{"ancestorTitles":["Autosim Integration","Stop Conditions"],"fullName":"Autosim Integration Stop Conditions should stop when no valid pairings available","status":"failed","title":"should stop when no valid pairings available","duration":0.36366599999973914,"failureMessages":["TypeError: createFreshState is not a function\n    at /Users/amauricia/Documents/GitHub/stable-lords/src/test/integration/autosim.test.ts:76:20\n    at file:///Users/amauricia/Documents/GitHub/stable-lords/node_modules/@vitest/runner/dist/chunk-hooks.js:155:11\n    at file:///Users/amauricia/Documents/GitHub/stable-lords/node_modules/@vitest/runner/dist/chunk-hooks.js:1897:20\n    at new Promise (<anonymous>)\n    at runWithTimeout (file:///Users/amauricia/Documents/GitHub/stable-lords/node_modules/@vitest/runner/dist/chunk-hooks.js:1863:10)\n    at runHook (file:///Users/amauricia/Documents/GitHub/stable-lords/node_modules/@vitest/runner/dist/chunk-hooks.js:1436:51)\n    at callSuiteHook (file:///Users/amauricia/Documents/GitHub/stable-lords/node_modules/@vitest/runner/dist/chunk-hooks.js:1442:25)\n    at processTicksAndRejections (node:internal/process/task_queues:105:5)\n    at callSuiteHook (file:///Users/amauricia/Documents/GitHub/stable-lords/node_modules/@vitest/runner/dist/chunk-hooks.js:1429:21)\n    at runTest (file:///Users/amauricia/Documents/GitHub/stable-lords/node_modules/@vitest/runner/dist/chunk-hooks.js:1566:26)"],"meta":{}},{"ancestorTitles":["Autosim Integration","Stop Conditions"],"fullName":"Autosim Integration Stop Conditions should provide stop details","status":"failed","title":"should provide stop details","duration":0.13583299999982046,"failureMessages":["TypeError: createFreshState is not a function\n    at /Users/amauricia/Documents/GitHub/stable-lords/src/test/integration/autosim.test.ts:76:20\n    at file:///Users/amauricia/Documents/GitHub/stable-lords/node_modules/@vitest/runner/dist/chunk-hooks.js:155:11\n    at file:///Users/amauricia/Documents/GitHub/stable-lords/node_modules/@vitest/runner/dist/chunk-hooks.js:1897:20\n    at new Promise (<anonymous>)\n    at runWithTimeout (file:///Users/amauricia/Documents/GitHub/stable-lords/node_modules/@vitest/runner/dist/chunk-hooks.js:1863:10)\n    at runHook (file:///Users/amauricia/Documents/GitHub/stable-lords/node_modules/@vitest/runner/dist/chunk-hooks.js:1436:51)\n    at callSuiteHook (file:///Users/amauricia/Documents/GitHub/stable-lords/node_modules/@vitest/runner/dist/chunk-hooks.js:1442:25)\n    at processTicksAndRejections (node:internal/process/task_queues:105:5)\n    at callSuiteHook (file:///Users/amauricia/Documents/GitHub/stable-lords/node_modules/@vitest/runner/dist/chunk-hooks.js:1429:21)\n    at runTest (file:///Users/amauricia/Documents/GitHub/stable-lords/node_modules/@vitest/runner/dist/chunk-hooks.js:1566:26)"],"meta":{}},{"ancestorTitles":["Autosim Integration","Stop Conditions"],"fullName":"Autosim Integration Stop Conditions should stop at max weeks when no other conditions trigger","status":"failed","title":"should stop at max weeks when no other conditions trigger","duration":0.10016700000005585,"failureMessages":["TypeError: createFreshState is not a function\n    at /Users/amauricia/Documents/GitHub/stable-lords/src/test/integration/autosim.test.ts:76:20\n    at file:///Users/amauricia/Documents/GitHub/stable-lords/node_modules/@vitest/runner/dist/chunk-hooks.js:155:11\n    at file:///Users/amauricia/Documents/GitHub/stable-lords/node_modules/@vitest/runner/dist/chunk-hooks.js:1897:20\n    at new Promise (<anonymous>)\n    at runWithTimeout (file:///Users/amauricia/Documents/GitHub/stable-lords/node_modules/@vitest/runner/dist/chunk-hooks.js:1863:10)\n    at runHook (file:///Users/amauricia/Documents/GitHub/stable-lords/node_modules/@vitest/runner/dist/chunk-hooks.js:1436:51)\n    at callSuiteHook (file:///Users/amauricia/Documents/GitHub/stable-lords/node_modules/@vitest/runner/dist/chunk-hooks.js:1442:25)\n    at processTicksAndRejections (node:internal/process/task_queues:105:5)\n    at callSuiteHook (file:///Users/amauricia/Documents/GitHub/stable-lords/node_modules/@vitest/runner/dist/chunk-hooks.js:1429:21)\n    at runTest (file:///Users/amauricia/Documents/GitHub/stable-lords/node_modules/@vitest/runner/dist/chunk-hooks.js:1566:26)"],"meta":{}},{"ancestorTitles":["Autosim Integration","State Consistency"],"fullName":"Autosim Integration State Consistency should maintain roster integrity during autosim","status":"failed","title":"should maintain roster integrity during autosim","duration":0.15766600000006292,"failureMessages":["TypeError: createFreshState is not a function\n    at /Users/amauricia/Documents/GitHub/stable-lords/src/test/integration/autosim.test.ts:76:20\n    at file:///Users/amauricia/Documents/GitHub/stable-lords/node_modules/@vitest/runner/dist/chunk-hooks.js:155:11\n    at file:///Users/amauricia/Documents/GitHub/stable-lords/node_modules/@vitest/runner/dist/chunk-hooks.js:1897:20\n    at new Promise (<anonymous>)\n    at runWithTimeout (file:///Users/amauricia/Documents/GitHub/stable-lords/node_modules/@vitest/runner/dist/chunk-hooks.js:1863:10)\n    at runHook (file:///Users/amauricia/Documents/GitHub/stable-lords/node_modules/@vitest/runner/dist/chunk-hooks.js:1436:51)\n    at callSuiteHook (file:///Users/amauricia/Documents/GitHub/stable-lords/node_modules/@vitest/runner/dist/chunk-hooks.js:1442:25)\n    at processTicksAndRejections (node:internal/process/task_queues:105:5)\n    at callSuiteHook (file:///Users/amauricia/Documents/GitHub/stable-lords/node_modules/@vitest/runner/dist/chunk-hooks.js:1429:21)\n    at runTest (file:///Users/amauricia/Documents/GitHub/stable-lords/node_modules/@vitest/runner/dist/chunk-hooks.js:1566:26)"],"meta":{}},{"ancestorTitles":["Autosim Integration","State Consistency"],"fullName":"Autosim Integration State Consistency should preserve warrior data during simulation","status":"failed","title":"should preserve warrior data during simulation","duration":0.14666699999997945,"failureMessages":["TypeError: createFreshState is not a function\n    at /Users/amauricia/Documents/GitHub/stable-lords/src/test/integration/autosim.test.ts:76:20\n    at file:///Users/amauricia/Documents/GitHub/stable-lords/node_modules/@vitest/runner/dist/chunk-hooks.js:155:11\n    at file:///Users/amauricia/Documents/GitHub/stable-lords/node_modules/@vitest/runner/dist/chunk-hooks.js:1897:20\n    at new Promise (<anonymous>)\n    at runWithTimeout (file:///Users/amauricia/Documents/GitHub/stable-lords/node_modules/@vitest/runner/dist/chunk-hooks.js:1863:10)\n    at runHook (file:///Users/amauricia/Documents/GitHub/stable-lords/node_modules/@vitest/runner/dist/chunk-hooks.js:1436:51)\n    at callSuiteHook (file:///Users/amauricia/Documents/GitHub/stable-lords/node_modules/@vitest/runner/dist/chunk-hooks.js:1442:25)\n    at processTicksAndRejections (node:internal/process/task_queues:105:5)\n    at callSuiteHook (file:///Users/amauricia/Documents/GitHub/stable-lords/node_modules/@vitest/runner/dist/chunk-hooks.js:1429:21)\n    at runTest (file:///Users/amauricia/Documents/GitHub/stable-lords/node_modules/@vitest/runner/dist/chunk-hooks.js:1566:26)"],"meta":{}},{"ancestorTitles":["Autosim Integration","State Consistency"],"fullName":"Autosim Integration State Consistency should accumulate newsletter entries","status":"failed","title":"should accumulate newsletter entries","duration":0.2448340000000826,"failureMessages":["TypeError: createFreshState is not a function\n    at /Users/amauricia/Documents/GitHub/stable-lords/src/test/integration/autosim.test.ts:76:20\n    at file:///Users/amauricia/Documents/GitHub/stable-lords/node_modules/@vitest/runner/dist/chunk-hooks.js:155:11\n    at file:///Users/amauricia/Documents/GitHub/stable-lords/node_modules/@vitest/runner/dist/chunk-hooks.js:1897:20\n    at new Promise (<anonymous>)\n    at runWithTimeout (file:///Users/amauricia/Documents/GitHub/stable-lords/node_modules/@vitest/runner/dist/chunk-hooks.js:1863:10)\n    at runHook (file:///Users/amauricia/Documents/GitHub/stable-lords/node_modules/@vitest/runner/dist/chunk-hooks.js:1436:51)\n    at callSuiteHook (file:///Users/amauricia/Documents/GitHub/stable-lords/node_modules/@vitest/runner/dist/chunk-hooks.js:1442:25)\n    at processTicksAndRejections (node:internal/process/task_queues:105:5)\n    at callSuiteHook (file:///Users/amauricia/Documents/GitHub/stable-lords/node_modules/@vitest/runner/dist/chunk-hooks.js:1429:21)\n    at runTest (file:///Users/amauricia/Documents/GitHub/stable-lords/node_modules/@vitest/runner/dist/chunk-hooks.js:1566:26)"],"meta":{}},{"ancestorTitles":["Autosim Integration","State Consistency"],"fullName":"Autosim Integration State Consistency should process economy correctly","status":"failed","title":"should process economy correctly","duration":0.1253750000000764,"failureMessages":["TypeError: createFreshState is not a function\n    at /Users/amauricia/Documents/GitHub/stable-lords/src/test/integration/autosim.test.ts:76:20\n    at file:///Users/amauricia/Documents/GitHub/stable-lords/node_modules/@vitest/runner/dist/chunk-hooks.js:155:11\n    at file:///Users/amauricia/Documents/GitHub/stable-lords/node_modules/@vitest/runner/dist/chunk-hooks.js:1897:20\n    at new Promise (<anonymous>)\n    at runWithTimeout (file:///Users/amauricia/Documents/GitHub/stable-lords/node_modules/@vitest/runner/dist/chunk-hooks.js:1863:10)\n    at runHook (file:///Users/amauricia/Documents/GitHub/stable-lords/node_modules/@vitest/runner/dist/chunk-hooks.js:1436:51)\n    at callSuiteHook (file:///Users/amauricia/Documents/GitHub/stable-lords/node_modules/@vitest/runner/dist/chunk-hooks.js:1442:25)\n    at processTicksAndRejections (node:internal/process/task_queues:105:5)\n    at callSuiteHook (file:///Users/amauricia/Documents/GitHub/stable-lords/node_modules/@vitest/runner/dist/chunk-hooks.js:1429:21)\n    at runTest (file:///Users/amauricia/Documents/GitHub/stable-lords/node_modules/@vitest/runner/dist/chunk-hooks.js:1566:26)"],"meta":{}},{"ancestorTitles":["Autosim Integration","Week Summaries"],"fullName":"Autosim Integration Week Summaries should track bouts per week","status":"failed","title":"should track bouts per week","duration":0.1453750000000582,"failureMessages":["TypeError: createFreshState is not a function\n    at /Users/amauricia/Documents/GitHub/stable-lords/src/test/integration/autosim.test.ts:76:20\n    at file:///Users/amauricia/Documents/GitHub/stable-lords/node_modules/@vitest/runner/dist/chunk-hooks.js:155:11\n    at file:///Users/amauricia/Documents/GitHub/stable-lords/node_modules/@vitest/runner/dist/chunk-hooks.js:1897:20\n    at new Promise (<anonymous>)\n    at runWithTimeout (file:///Users/amauricia/Documents/GitHub/stable-lords/node_modules/@vitest/runner/dist/chunk-hooks.js:1863:10)\n    at runHook (file:///Users/amauricia/Documents/GitHub/stable-lords/node_modules/@vitest/runner/dist/chunk-hooks.js:1436:51)\n    at callSuiteHook (file:///Users/amauricia/Documents/GitHub/stable-lords/node_modules/@vitest/runner/dist/chunk-hooks.js:1442:25)\n    at processTicksAndRejections (node:internal/process/task_queues:105:5)\n    at callSuiteHook (file:///Users/amauricia/Documents/GitHub/stable-lords/node_modules/@vitest/runner/dist/chunk-hooks.js:1429:21)\n    at runTest (file:///Users/amauricia/Documents/GitHub/stable-lords/node_modules/@vitest/runner/dist/chunk-hooks.js:1566:26)"],"meta":{}},{"ancestorTitles":["Autosim Integration","Week Summaries"],"fullName":"Autosim Integration Week Summaries should track deaths and injuries","status":"failed","title":"should track deaths and injuries","duration":0.08558300000004238,"failureMessages":["TypeError: createFreshState is not a function\n    at /Users/amauricia/Documents/GitHub/stable-lords/src/test/integration/autosim.test.ts:76:20\n    at file:///Users/amauricia/Documents/GitHub/stable-lords/node_modules/@vitest/runner/dist/chunk-hooks.js:155:11\n    at file:///Users/amauricia/Documents/GitHub/stable-lords/node_modules/@vitest/runner/dist/chunk-hooks.js:1897:20\n    at new Promise (<anonymous>)\n    at runWithTimeout (file:///Users/amauricia/Documents/GitHub/stable-lords/node_modules/@vitest/runner/dist/chunk-hooks.js:1863:10)\n    at runHook (file:///Users/amauricia/Documents/GitHub/stable-lords/node_modules/@vitest/runner/dist/chunk-hooks.js:1436:51)\n    at callSuiteHook (file:///Users/amauricia/Documents/GitHub/stable-lords/node_modules/@vitest/runner/dist/chunk-hooks.js:1442:25)\n    at processTicksAndRejections (node:internal/process/task_queues:105:5)\n    at callSuiteHook (file:///Users/amauricia/Documents/GitHub/stable-lords/node_modules/@vitest/runner/dist/chunk-hooks.js:1429:21)\n    at runTest (file:///Users/amauricia/Documents/GitHub/stable-lords/node_modules/@vitest/runner/dist/chunk-hooks.js:1566:26)"],"meta":{}},{"ancestorTitles":["Autosim Integration","Week Summaries"],"fullName":"Autosim Integration Week Summaries should include week numbers","status":"failed","title":"should include week numbers","duration":0.08562499999970896,"failureMessages":["TypeError: createFreshState is not a function\n    at /Users/amauricia/Documents/GitHub/stable-lords/src/test/integration/autosim.test.ts:76:20\n    at file:///Users/amauricia/Documents/GitHub/stable-lords/node_modules/@vitest/runner/dist/chunk-hooks.js:155:11\n    at file:///Users/amauricia/Documents/GitHub/stable-lords/node_modules/@vitest/runner/dist/chunk-hooks.js:1897:20\n    at new Promise (<anonymous>)\n    at runWithTimeout (file:///Users/amauricia/Documents/GitHub/stable-lords/node_modules/@vitest/runner/dist/chunk-hooks.js:1863:10)\n    at runHook (file:///Users/amauricia/Documents/GitHub/stable-lords/node_modules/@vitest/runner/dist/chunk-hooks.js:1436:51)\n    at callSuiteHook (file:///Users/amauricia/Documents/GitHub/stable-lords/node_modules/@vitest/runner/dist/chunk-hooks.js:1442:25)\n    at processTicksAndRejections (node:internal/process/task_queues:105:5)\n    at callSuiteHook (file:///Users/amauricia/Documents/GitHub/stable-lords/node_modules/@vitest/runner/dist/chunk-hooks.js:1429:21)\n    at runTest (file:///Users/amauricia/Documents/GitHub/stable-lords/node_modules/@vitest/runner/dist/chunk-hooks.js:1566:26)"],"meta":{}},{"ancestorTitles":["Autosim Integration","Long-term Simulation"],"fullName":"Autosim Integration Long-term Simulation should handle multi-week simulation","status":"failed","title":"should handle multi-week simulation","duration":0.0779579999998532,"failureMessages":["TypeError: createFreshState is not a function\n    at /Users/amauricia/Documents/GitHub/stable-lords/src/test/integration/autosim.test.ts:76:20\n    at file:///Users/amauricia/Documents/GitHub/stable-lords/node_modules/@vitest/runner/dist/chunk-hooks.js:155:11\n    at file:///Users/amauricia/Documents/GitHub/stable-lords/node_modules/@vitest/runner/dist/chunk-hooks.js:1897:20\n    at new Promise (<anonymous>)\n    at runWithTimeout (file:///Users/amauricia/Documents/GitHub/stable-lords/node_modules/@vitest/runner/dist/chunk-hooks.js:1863:10)\n    at runHook (file:///Users/amauricia/Documents/GitHub/stable-lords/node_modules/@vitest/runner/dist/chunk-hooks.js:1436:51)\n    at callSuiteHook (file:///Users/amauricia/Documents/GitHub/stable-lords/node_modules/@vitest/runner/dist/chunk-hooks.js:1442:25)\n    at processTicksAndRejections (node:internal/process/task_queues:105:5)\n    at callSuiteHook (file:///Users/amauricia/Documents/GitHub/stable-lords/node_modules/@vitest/runner/dist/chunk-hooks.js:1429:21)\n    at runTest (file:///Users/amauricia/Documents/GitHub/stable-lords/node_modules/@vitest/runner/dist/chunk-hooks.js:1566:26)"],"meta":{}},{"ancestorTitles":["Autosim Integration","Long-term Simulation"],"fullName":"Autosim Integration Long-term Simulation should complete in reasonable time","status":"failed","title":"should complete in reasonable time","duration":0.09974999999985812,"failureMessages":["TypeError: createFreshState is not a function\n    at /Users/amauricia/Documents/GitHub/stable-lords/src/test/integration/autosim.test.ts:76:20\n    at file:///Users/amauricia/Documents/GitHub/stable-lords/node_modules/@vitest/runner/dist/chunk-hooks.js:155:11\n    at file:///Users/amauricia/Documents/GitHub/stable-lords/node_modules/@vitest/runner/dist/chunk-hooks.js:1897:20\n    at new Promise (<anonymous>)\n    at runWithTimeout (file:///Users/amauricia/Documents/GitHub/stable-lords/node_modules/@vitest/runner/dist/chunk-hooks.js:1863:10)\n    at runHook (file:///Users/amauricia/Documents/GitHub/stable-lords/node_modules/@vitest/runner/dist/chunk-hooks.js:1436:51)\n    at callSuiteHook (file:///Users/amauricia/Documents/GitHub/stable-lords/node_modules/@vitest/runner/dist/chunk-hooks.js:1442:25)\n    at processTicksAndRejections (node:internal/process/task_queues:105:5)\n    at callSuiteHook (file:///Users/amauricia/Documents/GitHub/stable-lords/node_modules/@vitest/runner/dist/chunk-hooks.js:1429:21)\n    at runTest (file:///Users/amauricia/Documents/GitHub/stable-lords/node_modules/@vitest/runner/dist/chunk-hooks.js:1566:26)"],"meta":{}},{"ancestorTitles":["Autosim Integration","Edge Cases"],"fullName":"Autosim Integration Edge Cases should handle empty roster gracefully","status":"failed","title":"should handle empty roster gracefully","duration":0.08075000000008004,"failureMessages":["TypeError: createFreshState is not a function\n    at /Users/amauricia/Documents/GitHub/stable-lords/src/test/integration/autosim.test.ts:76:20\n    at file:///Users/amauricia/Documents/GitHub/stable-lords/node_modules/@vitest/runner/dist/chunk-hooks.js:155:11\n    at file:///Users/amauricia/Documents/GitHub/stable-lords/node_modules/@vitest/runner/dist/chunk-hooks.js:1897:20\n    at new Promise (<anonymous>)\n    at runWithTimeout (file:///Users/amauricia/Documents/GitHub/stable-lords/node_modules/@vitest/runner/dist/chunk-hooks.js:1863:10)\n    at runHook (file:///Users/amauricia/Documents/GitHub/stable-lords/node_modules/@vitest/runner/dist/chunk-hooks.js:1436:51)\n    at callSuiteHook (file:///Users/amauricia/Documents/GitHub/stable-lords/node_modules/@vitest/runner/dist/chunk-hooks.js:1442:25)\n    at processTicksAndRejections (node:internal/process/task_queues:105:5)\n    at callSuiteHook (file:///Users/amauricia/Documents/GitHub/stable-lords/node_modules/@vitest/runner/dist/chunk-hooks.js:1429:21)\n    at runTest (file:///Users/amauricia/Documents/GitHub/stable-lords/node_modules/@vitest/runner/dist/chunk-hooks.js:1566:26)"],"meta":{}},{"ancestorTitles":["Autosim Integration","Edge Cases"],"fullName":"Autosim Integration Edge Cases should handle zero weeks to advance","status":"failed","title":"should handle zero weeks to advance","duration":0.07633299999997689,"failureMessages":["TypeError: createFreshState is not a function\n    at /Users/amauricia/Documents/GitHub/stable-lords/src/test/integration/autosim.test.ts:76:20\n    at file:///Users/amauricia/Documents/GitHub/stable-lords/node_modules/@vitest/runner/dist/chunk-hooks.js:155:11\n    at file:///Users/amauricia/Documents/GitHub/stable-lords/node_modules/@vitest/runner/dist/chunk-hooks.js:1897:20\n    at new Promise (<anonymous>)\n    at runWithTimeout (file:///Users/amauricia/Documents/GitHub/stable-lords/node_modules/@vitest/runner/dist/chunk-hooks.js:1863:10)\n    at runHook (file:///Users/amauricia/Documents/GitHub/stable-lords/node_modules/@vitest/runner/dist/chunk-hooks.js:1436:51)\n    at callSuiteHook (file:///Users/amauricia/Documents/GitHub/stable-lords/node_modules/@vitest/runner/dist/chunk-hooks.js:1442:25)\n    at processTicksAndRejections (node:internal/process/task_queues:105:5)\n    at callSuiteHook (file:///Users/amauricia/Documents/GitHub/stable-lords/node_modules/@vitest/runner/dist/chunk-hooks.js:1429:21)\n    at runTest (file:///Users/amauricia/Documents/GitHub/stable-lords/node_modules/@vitest/runner/dist/chunk-hooks.js:1566:26)"],"meta":{}},{"ancestorTitles":["Autosim Integration","Result Metadata"],"fullName":"Autosim Integration Result Metadata should provide accurate weeks simmed count","status":"failed","title":"should provide accurate weeks simmed count","duration":0.0834170000002814,"failureMessages":["TypeError: createFreshState is not a function\n    at /Users/amauricia/Documents/GitHub/stable-lords/src/test/integration/autosim.test.ts:76:20\n    at file:///Users/amauricia/Documents/GitHub/stable-lords/node_modules/@vitest/runner/dist/chunk-hooks.js:155:11\n    at file:///Users/amauricia/Documents/GitHub/stable-lords/node_modules/@vitest/runner/dist/chunk-hooks.js:1897:20\n    at new Promise (<anonymous>)\n    at runWithTimeout (file:///Users/amauricia/Documents/GitHub/stable-lords/node_modules/@vitest/runner/dist/chunk-hooks.js:1863:10)\n    at runHook (file:///Users/amauricia/Documents/GitHub/stable-lords/node_modules/@vitest/runner/dist/chunk-hooks.js:1436:51)\n    at callSuiteHook (file:///Users/amauricia/Documents/GitHub/stable-lords/node_modules/@vitest/runner/dist/chunk-hooks.js:1442:25)\n    at processTicksAndRejections (node:internal/process/task_queues:105:5)\n    at callSuiteHook (file:///Users/amauricia/Documents/GitHub/stable-lords/node_modules/@vitest/runner/dist/chunk-hooks.js:1429:21)\n    at runTest (file:///Users/amauricia/Documents/GitHub/stable-lords/node_modules/@vitest/runner/dist/chunk-hooks.js:1566:26)"],"meta":{}},{"ancestorTitles":["Autosim Integration","Result Metadata"],"fullName":"Autosim Integration Result Metadata should always have a stop reason","status":"failed","title":"should always have a stop reason","duration":0.0779579999998532,"failureMessages":["TypeError: createFreshState is not a function\n    at /Users/amauricia/Documents/GitHub/stable-lords/src/test/integration/autosim.test.ts:76:20\n    at file:///Users/amauricia/Documents/GitHub/stable-lords/node_modules/@vitest/runner/dist/chunk-hooks.js:155:11\n    at file:///Users/amauricia/Documents/GitHub/stable-lords/node_modules/@vitest/runner/dist/chunk-hooks.js:1897:20\n    at new Promise (<anonymous>)\n    at runWithTimeout (file:///Users/amauricia/Documents/GitHub/stable-lords/node_modules/@vitest/runner/dist/chunk-hooks.js:1863:10)\n    at runHook (file:///Users/amauricia/Documents/GitHub/stable-lords/node_modules/@vitest/runner/dist/chunk-hooks.js:1436:51)\n    at callSuiteHook (file:///Users/amauricia/Documents/GitHub/stable-lords/node_modules/@vitest/runner/dist/chunk-hooks.js:1442:25)\n    at processTicksAndRejections (node:internal/process/task_queues:105:5)\n    at callSuiteHook (file:///Users/amauricia/Documents/GitHub/stable-lords/node_modules/@vitest/runner/dist/chunk-hooks.js:1429:21)\n    at runTest (file:///Users/amauricia/Documents/GitHub/stable-lords/node_modules/@vitest/runner/dist/chunk-hooks.js:1566:26)"],"meta":{}},{"ancestorTitles":["Autosim Integration","Result Metadata"],"fullName":"Autosim Integration Result Metadata should provide descriptive stop details","status":"failed","title":"should provide descriptive stop details","duration":0.08241700000007768,"failureMessages":["TypeError: createFreshState is not a function\n    at /Users/amauricia/Documents/GitHub/stable-lords/src/test/integration/autosim.test.ts:76:20\n    at file:///Users/amauricia/Documents/GitHub/stable-lords/node_modules/@vitest/runner/dist/chunk-hooks.js:155:11\n    at file:///Users/amauricia/Documents/GitHub/stable-lords/node_modules/@vitest/runner/dist/chunk-hooks.js:1897:20\n    at new Promise (<anonymous>)\n    at runWithTimeout (file:///Users/amauricia/Documents/GitHub/stable-lords/node_modules/@vitest/runner/dist/chunk-hooks.js:1863:10)\n    at runHook (file:///Users/amauricia/Documents/GitHub/stable-lords/node_modules/@vitest/runner/dist/chunk-hooks.js:1436:51)\n    at callSuiteHook (file:///Users/amauricia/Documents/GitHub/stable-lords/node_modules/@vitest/runner/dist/chunk-hooks.js:1442:25)\n    at processTicksAndRejections (node:internal/process/task_queues:105:5)\n    at callSuiteHook (file:///Users/amauricia/Documents/GitHub/stable-lords/node_modules/@vitest/runner/dist/chunk-hooks.js:1429:21)\n    at runTest (file:///Users/amauricia/Documents/GitHub/stable-lords/node_modules/@vitest/runner/dist/chunk-hooks.js:1566:26)"],"meta":{}}],"startTime":1778158643470,"endTime":1778158643475.0999,"status":"failed","message":"","name":"/Users/amauricia/Documents/GitHub/stable-lords/src/test/integration/autosim.test.ts"},{"assertionResults":[{"ancestorTitles":["Week Advancement Integration","Basic Week Progression"],"fullName":"Week Advancement Integration Basic Week Progression should advance week counter","status":"failed","title":"should advance week counter","duration":3.32616599999983,"failureMessages":["TypeError: createFreshState is not a function\n    at /Users/amauricia/Documents/GitHub/stable-lords/src/test/integration/weekAdvancement.test.ts:46:20\n    at file:///Users/amauricia/Documents/GitHub/stable-lords/node_modules/@vitest/runner/dist/chunk-hooks.js:155:11\n    at file:///Users/amauricia/Documents/GitHub/stable-lords/node_modules/@vitest/runner/dist/chunk-hooks.js:1897:20\n    at new Promise (<anonymous>)\n    at runWithTimeout (file:///Users/amauricia/Documents/GitHub/stable-lords/node_modules/@vitest/runner/dist/chunk-hooks.js:1863:10)\n    at runHook (file:///Users/amauricia/Documents/GitHub/stable-lords/node_modules/@vitest/runner/dist/chunk-hooks.js:1436:51)\n    at callSuiteHook (file:///Users/amauricia/Documents/GitHub/stable-lords/node_modules/@vitest/runner/dist/chunk-hooks.js:1442:25)\n    at processTicksAndRejections (node:internal/process/task_queues:105:5)\n    at callSuiteHook (file:///Users/amauricia/Documents/GitHub/stable-lords/node_modules/@vitest/runner/dist/chunk-hooks.js:1429:21)\n    at runTest (file:///Users/amauricia/Documents/GitHub/stable-lords/node_modules/@vitest/runner/dist/chunk-hooks.js:1566:26)"],"meta":{}},{"ancestorTitles":["Week Advancement Integration","Basic Week Progression"],"fullName":"Week Advancement Integration Basic Week Progression should maintain roster across weeks","status":"failed","title":"should maintain roster across weeks","duration":0.22658400000000256,"failureMessages":["TypeError: createFreshState is not a function\n    at /Users/amauricia/Documents/GitHub/stable-lords/src/test/integration/weekAdvancement.test.ts:46:20\n    at file:///Users/amauricia/Documents/GitHub/stable-lords/node_modules/@vitest/runner/dist/chunk-hooks.js:155:11\n    at file:///Users/amauricia/Documents/GitHub/stable-lords/node_modules/@vitest/runner/dist/chunk-hooks.js:1897:20\n    at new Promise (<anonymous>)\n    at runWithTimeout (file:///Users/amauricia/Documents/GitHub/stable-lords/node_modules/@vitest/runner/dist/chunk-hooks.js:1863:10)\n    at runHook (file:///Users/amauricia/Documents/GitHub/stable-lords/node_modules/@vitest/runner/dist/chunk-hooks.js:1436:51)\n    at callSuiteHook (file:///Users/amauricia/Documents/GitHub/stable-lords/node_modules/@vitest/runner/dist/chunk-hooks.js:1442:25)\n    at processTicksAndRejections (node:internal/process/task_queues:105:5)\n    at callSuiteHook (file:///Users/amauricia/Documents/GitHub/stable-lords/node_modules/@vitest/runner/dist/chunk-hooks.js:1429:21)\n    at runTest (file:///Users/amauricia/Documents/GitHub/stable-lords/node_modules/@vitest/runner/dist/chunk-hooks.js:1566:26)"],"meta":{}},{"ancestorTitles":["Week Advancement Integration","Basic Week Progression"],"fullName":"Week Advancement Integration Basic Week Progression should preserve warrior IDs across weeks","status":"failed","title":"should preserve warrior IDs across weeks","duration":0.12700000000040745,"failureMessages":["TypeError: createFreshState is not a function\n    at /Users/amauricia/Documents/GitHub/stable-lords/src/test/integration/weekAdvancement.test.ts:46:20\n    at file:///Users/amauricia/Documents/GitHub/stable-lords/node_modules/@vitest/runner/dist/chunk-hooks.js:155:11\n    at file:///Users/amauricia/Documents/GitHub/stable-lords/node_modules/@vitest/runner/dist/chunk-hooks.js:1897:20\n    at new Promise (<anonymous>)\n    at runWithTimeout (file:///Users/amauricia/Documents/GitHub/stable-lords/node_modules/@vitest/runner/dist/chunk-hooks.js:1863:10)\n    at runHook (file:///Users/amauricia/Documents/GitHub/stable-lords/node_modules/@vitest/runner/dist/chunk-hooks.js:1436:51)\n    at callSuiteHook (file:///Users/amauricia/Documents/GitHub/stable-lords/node_modules/@vitest/runner/dist/chunk-hooks.js:1442:25)\n    at processTicksAndRejections (node:internal/process/task_queues:105:5)\n    at callSuiteHook (file:///Users/amauricia/Documents/GitHub/stable-lords/node_modules/@vitest/runner/dist/chunk-hooks.js:1429:21)\n    at runTest (file:///Users/amauricia/Documents/GitHub/stable-lords/node_modules/@vitest/runner/dist/chunk-hooks.js:1566:26)"],"meta":{}},{"ancestorTitles":["Week Advancement Integration","Basic Week Progression"],"fullName":"Week Advancement Integration Basic Week Progression should not mutate the input state","status":"failed","title":"should not mutate the input state","duration":0.34591699999964476,"failureMessages":["TypeError: createFreshState is not a function\n    at /Users/amauricia/Documents/GitHub/stable-lords/src/test/integration/weekAdvancement.test.ts:46:20\n    at file:///Users/amauricia/Documents/GitHub/stable-lords/node_modules/@vitest/runner/dist/chunk-hooks.js:155:11\n    at file:///Users/amauricia/Documents/GitHub/stable-lords/node_modules/@vitest/runner/dist/chunk-hooks.js:1897:20\n    at new Promise (<anonymous>)\n    at runWithTimeout (file:///Users/amauricia/Documents/GitHub/stable-lords/node_modules/@vitest/runner/dist/chunk-hooks.js:1863:10)\n    at runHook (file:///Users/amauricia/Documents/GitHub/stable-lords/node_modules/@vitest/runner/dist/chunk-hooks.js:1436:51)\n    at callSuiteHook (file:///Users/amauricia/Documents/GitHub/stable-lords/node_modules/@vitest/runner/dist/chunk-hooks.js:1442:25)\n    at processTicksAndRejections (node:internal/process/task_queues:105:5)\n    at callSuiteHook (file:///Users/amauricia/Documents/GitHub/stable-lords/node_modules/@vitest/runner/dist/chunk-hooks.js:1429:21)\n    at runTest (file:///Users/amauricia/Documents/GitHub/stable-lords/node_modules/@vitest/runner/dist/chunk-hooks.js:1566:26)"],"meta":{}},{"ancestorTitles":["Week Advancement Integration","Multi-Week Simulation"],"fullName":"Week Advancement Integration Multi-Week Simulation should successfully advance 52 weeks (1 year)","status":"failed","title":"should successfully advance 52 weeks (1 year)","duration":0.1475829999999405,"failureMessages":["TypeError: createFreshState is not a function\n    at /Users/amauricia/Documents/GitHub/stable-lords/src/test/integration/weekAdvancement.test.ts:46:20\n    at file:///Users/amauricia/Documents/GitHub/stable-lords/node_modules/@vitest/runner/dist/chunk-hooks.js:155:11\n    at file:///Users/amauricia/Documents/GitHub/stable-lords/node_modules/@vitest/runner/dist/chunk-hooks.js:1897:20\n    at new Promise (<anonymous>)\n    at runWithTimeout (file:///Users/amauricia/Documents/GitHub/stable-lords/node_modules/@vitest/runner/dist/chunk-hooks.js:1863:10)\n    at runHook (file:///Users/amauricia/Documents/GitHub/stable-lords/node_modules/@vitest/runner/dist/chunk-hooks.js:1436:51)\n    at callSuiteHook (file:///Users/amauricia/Documents/GitHub/stable-lords/node_modules/@vitest/runner/dist/chunk-hooks.js:1442:25)\n    at processTicksAndRejections (node:internal/process/task_queues:105:5)\n    at callSuiteHook (file:///Users/amauricia/Documents/GitHub/stable-lords/node_modules/@vitest/runner/dist/chunk-hooks.js:1429:21)\n    at runTest (file:///Users/amauricia/Documents/GitHub/stable-lords/node_modules/@vitest/runner/dist/chunk-hooks.js:1566:26)"],"meta":{}},{"ancestorTitles":["Week Advancement Integration","Multi-Week Simulation"],"fullName":"Week Advancement Integration Multi-Week Simulation should maintain data integrity over 100 weeks","status":"failed","title":"should maintain data integrity over 100 weeks","duration":0.125583000000006,"failureMessages":["TypeError: createFreshState is not a function\n    at /Users/amauricia/Documents/GitHub/stable-lords/src/test/integration/weekAdvancement.test.ts:46:20\n    at file:///Users/amauricia/Documents/GitHub/stable-lords/node_modules/@vitest/runner/dist/chunk-hooks.js:155:11\n    at file:///Users/amauricia/Documents/GitHub/stable-lords/node_modules/@vitest/runner/dist/chunk-hooks.js:1897:20\n    at new Promise (<anonymous>)\n    at runWithTimeout (file:///Users/amauricia/Documents/GitHub/stable-lords/node_modules/@vitest/runner/dist/chunk-hooks.js:1863:10)\n    at runHook (file:///Users/amauricia/Documents/GitHub/stable-lords/node_modules/@vitest/runner/dist/chunk-hooks.js:1436:51)\n    at callSuiteHook (file:///Users/amauricia/Documents/GitHub/stable-lords/node_modules/@vitest/runner/dist/chunk-hooks.js:1442:25)\n    at processTicksAndRejections (node:internal/process/task_queues:105:5)\n    at callSuiteHook (file:///Users/amauricia/Documents/GitHub/stable-lords/node_modules/@vitest/runner/dist/chunk-hooks.js:1429:21)\n    at runTest (file:///Users/amauricia/Documents/GitHub/stable-lords/node_modules/@vitest/runner/dist/chunk-hooks.js:1566:26)"],"meta":{}},{"ancestorTitles":["Week Advancement Integration","Multi-Week Simulation"],"fullName":"Week Advancement Integration Multi-Week Simulation should accumulate newsletter entries over time","status":"failed","title":"should accumulate newsletter entries over time","duration":0.09579100000019025,"failureMessages":["TypeError: createFreshState is not a function\n    at /Users/amauricia/Documents/GitHub/stable-lords/src/test/integration/weekAdvancement.test.ts:46:20\n    at file:///Users/amauricia/Documents/GitHub/stable-lords/node_modules/@vitest/runner/dist/chunk-hooks.js:155:11\n    at file:///Users/amauricia/Documents/GitHub/stable-lords/node_modules/@vitest/runner/dist/chunk-hooks.js:1897:20\n    at new Promise (<anonymous>)\n    at runWithTimeout (file:///Users/amauricia/Documents/GitHub/stable-lords/node_modules/@vitest/runner/dist/chunk-hooks.js:1863:10)\n    at runHook (file:///Users/amauricia/Documents/GitHub/stable-lords/node_modules/@vitest/runner/dist/chunk-hooks.js:1436:51)\n    at callSuiteHook (file:///Users/amauricia/Documents/GitHub/stable-lords/node_modules/@vitest/runner/dist/chunk-hooks.js:1442:25)\n    at processTicksAndRejections (node:internal/process/task_queues:105:5)\n    at callSuiteHook (file:///Users/amauricia/Documents/GitHub/stable-lords/node_modules/@vitest/runner/dist/chunk-hooks.js:1429:21)\n    at runTest (file:///Users/amauricia/Documents/GitHub/stable-lords/node_modules/@vitest/runner/dist/chunk-hooks.js:1566:26)"],"meta":{}},{"ancestorTitles":["Week Advancement Integration","Season Transitions"],"fullName":"Week Advancement Integration Season Transitions should cycle through seasons correctly","status":"failed","title":"should cycle through seasons correctly","duration":0.09712499999977808,"failureMessages":["TypeError: createFreshState is not a function\n    at /Users/amauricia/Documents/GitHub/stable-lords/src/test/integration/weekAdvancement.test.ts:46:20\n    at file:///Users/amauricia/Documents/GitHub/stable-lords/node_modules/@vitest/runner/dist/chunk-hooks.js:155:11\n    at file:///Users/amauricia/Documents/GitHub/stable-lords/node_modules/@vitest/runner/dist/chunk-hooks.js:1897:20\n    at new Promise (<anonymous>)\n    at runWithTimeout (file:///Users/amauricia/Documents/GitHub/stable-lords/node_modules/@vitest/runner/dist/chunk-hooks.js:1863:10)\n    at runHook (file:///Users/amauricia/Documents/GitHub/stable-lords/node_modules/@vitest/runner/dist/chunk-hooks.js:1436:51)\n    at callSuiteHook (file:///Users/amauricia/Documents/GitHub/stable-lords/node_modules/@vitest/runner/dist/chunk-hooks.js:1442:25)\n    at processTicksAndRejections (node:internal/process/task_queues:105:5)\n    at callSuiteHook (file:///Users/amauricia/Documents/GitHub/stable-lords/node_modules/@vitest/runner/dist/chunk-hooks.js:1429:21)\n    at runTest (file:///Users/amauricia/Documents/GitHub/stable-lords/node_modules/@vitest/runner/dist/chunk-hooks.js:1566:26)"],"meta":{}},{"ancestorTitles":["Week Advancement Integration","Season Transitions"],"fullName":"Week Advancement Integration Season Transitions should not crash on seasonal growth check","status":"failed","title":"should not crash on seasonal growth check","duration":0.2962080000002061,"failureMessages":["TypeError: createFreshState is not a function\n    at /Users/amauricia/Documents/GitHub/stable-lords/src/test/integration/weekAdvancement.test.ts:46:20\n    at file:///Users/amauricia/Documents/GitHub/stable-lords/node_modules/@vitest/runner/dist/chunk-hooks.js:155:11\n    at file:///Users/amauricia/Documents/GitHub/stable-lords/node_modules/@vitest/runner/dist/chunk-hooks.js:1897:20\n    at new Promise (<anonymous>)\n    at runWithTimeout (file:///Users/amauricia/Documents/GitHub/stable-lords/node_modules/@vitest/runner/dist/chunk-hooks.js:1863:10)\n    at runHook (file:///Users/amauricia/Documents/GitHub/stable-lords/node_modules/@vitest/runner/dist/chunk-hooks.js:1436:51)\n    at callSuiteHook (file:///Users/amauricia/Documents/GitHub/stable-lords/node_modules/@vitest/runner/dist/chunk-hooks.js:1442:25)\n    at processTicksAndRejections (node:internal/process/task_queues:105:5)\n    at callSuiteHook (file:///Users/amauricia/Documents/GitHub/stable-lords/node_modules/@vitest/runner/dist/chunk-hooks.js:1429:21)\n    at runTest (file:///Users/amauricia/Documents/GitHub/stable-lords/node_modules/@vitest/runner/dist/chunk-hooks.js:1566:26)"],"meta":{}},{"ancestorTitles":["Week Advancement Integration","Aging System"],"fullName":"Week Advancement Integration Aging System should age warriors after 52 weeks","status":"failed","title":"should age warriors after 52 weeks","duration":0.11599999999998545,"failureMessages":["TypeError: createFreshState is not a function\n    at /Users/amauricia/Documents/GitHub/stable-lords/src/test/integration/weekAdvancement.test.ts:46:20\n    at file:///Users/amauricia/Documents/GitHub/stable-lords/node_modules/@vitest/runner/dist/chunk-hooks.js:155:11\n    at file:///Users/amauricia/Documents/GitHub/stable-lords/node_modules/@vitest/runner/dist/chunk-hooks.js:1897:20\n    at new Promise (<anonymous>)\n    at runWithTimeout (file:///Users/amauricia/Documents/GitHub/stable-lords/node_modules/@vitest/runner/dist/chunk-hooks.js:1863:10)\n    at runHook (file:///Users/amauricia/Documents/GitHub/stable-lords/node_modules/@vitest/runner/dist/chunk-hooks.js:1436:51)\n    at callSuiteHook (file:///Users/amauricia/Documents/GitHub/stable-lords/node_modules/@vitest/runner/dist/chunk-hooks.js:1442:25)\n    at processTicksAndRejections (node:internal/process/task_queues:105:5)\n    at callSuiteHook (file:///Users/amauricia/Documents/GitHub/stable-lords/node_modules/@vitest/runner/dist/chunk-hooks.js:1429:21)\n    at runTest (file:///Users/amauricia/Documents/GitHub/stable-lords/node_modules/@vitest/runner/dist/chunk-hooks.js:1566:26)"],"meta":{}},{"ancestorTitles":["Week Advancement Integration","Economic Consistency"],"fullName":"Week Advancement Integration Economic Consistency should process economy every week","status":"failed","title":"should process economy every week","duration":0.09154199999966295,"failureMessages":["TypeError: createFreshState is not a function\n    at /Users/amauricia/Documents/GitHub/stable-lords/src/test/integration/weekAdvancement.test.ts:46:20\n    at file:///Users/amauricia/Documents/GitHub/stable-lords/node_modules/@vitest/runner/dist/chunk-hooks.js:155:11\n    at file:///Users/amauricia/Documents/GitHub/stable-lords/node_modules/@vitest/runner/dist/chunk-hooks.js:1897:20\n    at new Promise (<anonymous>)\n    at runWithTimeout (file:///Users/amauricia/Documents/GitHub/stable-lords/node_modules/@vitest/runner/dist/chunk-hooks.js:1863:10)\n    at runHook (file:///Users/amauricia/Documents/GitHub/stable-lords/node_modules/@vitest/runner/dist/chunk-hooks.js:1436:51)\n    at callSuiteHook (file:///Users/amauricia/Documents/GitHub/stable-lords/node_modules/@vitest/runner/dist/chunk-hooks.js:1442:25)\n    at processTicksAndRejections (node:internal/process/task_queues:105:5)\n    at callSuiteHook (file:///Users/amauricia/Documents/GitHub/stable-lords/node_modules/@vitest/runner/dist/chunk-hooks.js:1429:21)\n    at runTest (file:///Users/amauricia/Documents/GitHub/stable-lords/node_modules/@vitest/runner/dist/chunk-hooks.js:1566:26)"],"meta":{}},{"ancestorTitles":["Week Advancement Integration","Economic Consistency"],"fullName":"Week Advancement Integration Economic Consistency should maintain treasury balance over time","status":"failed","title":"should maintain treasury balance over time","duration":0.1245840000001408,"failureMessages":["TypeError: createFreshState is not a function\n    at /Users/amauricia/Documents/GitHub/stable-lords/src/test/integration/weekAdvancement.test.ts:46:20\n    at file:///Users/amauricia/Documents/GitHub/stable-lords/node_modules/@vitest/runner/dist/chunk-hooks.js:155:11\n    at file:///Users/amauricia/Documents/GitHub/stable-lords/node_modules/@vitest/runner/dist/chunk-hooks.js:1897:20\n    at new Promise (<anonymous>)\n    at runWithTimeout (file:///Users/amauricia/Documents/GitHub/stable-lords/node_modules/@vitest/runner/dist/chunk-hooks.js:1863:10)\n    at runHook (file:///Users/amauricia/Documents/GitHub/stable-lords/node_modules/@vitest/runner/dist/chunk-hooks.js:1436:51)\n    at callSuiteHook (file:///Users/amauricia/Documents/GitHub/stable-lords/node_modules/@vitest/runner/dist/chunk-hooks.js:1442:25)\n    at processTicksAndRejections (node:internal/process/task_queues:105:5)\n    at callSuiteHook (file:///Users/amauricia/Documents/GitHub/stable-lords/node_modules/@vitest/runner/dist/chunk-hooks.js:1429:21)\n    at runTest (file:///Users/amauricia/Documents/GitHub/stable-lords/node_modules/@vitest/runner/dist/chunk-hooks.js:1566:26)"],"meta":{}},{"ancestorTitles":["Week Advancement Integration","Roster Management"],"fullName":"Week Advancement Integration Roster Management should maintain roster integrity across deaths","status":"failed","title":"should maintain roster integrity across deaths","duration":0.07962499999985084,"failureMessages":["TypeError: createFreshState is not a function\n    at /Users/amauricia/Documents/GitHub/stable-lords/src/test/integration/weekAdvancement.test.ts:46:20\n    at file:///Users/amauricia/Documents/GitHub/stable-lords/node_modules/@vitest/runner/dist/chunk-hooks.js:155:11\n    at file:///Users/amauricia/Documents/GitHub/stable-lords/node_modules/@vitest/runner/dist/chunk-hooks.js:1897:20\n    at new Promise (<anonymous>)\n    at runWithTimeout (file:///Users/amauricia/Documents/GitHub/stable-lords/node_modules/@vitest/runner/dist/chunk-hooks.js:1863:10)\n    at runHook (file:///Users/amauricia/Documents/GitHub/stable-lords/node_modules/@vitest/runner/dist/chunk-hooks.js:1436:51)\n    at callSuiteHook (file:///Users/amauricia/Documents/GitHub/stable-lords/node_modules/@vitest/runner/dist/chunk-hooks.js:1442:25)\n   
[...]
eMessages":[],"meta":{}},{"ancestorTitles":["TournamentSelectionCommittee","committeeSelection"],"fullName":"TournamentSelectionCommittee committeeSelection should respect locked warrior IDs","status":"passed","title":"should respect locked warrior IDs","duration":0.9972910000000184,"failureMessages":[],"meta":{}},{"ancestorTitles":["TournamentSelectionCommittee","committeeSelection"],"fullName":"TournamentSelectionCommittee committeeSelection should exclude warriors on rest","status":"passed","title":"should exclude warriors on rest","duration":0.8724169999999276,"failureMessages":[],"meta":{}},{"ancestorTitles":["TournamentSelectionCommittee","committeeSelection"],"fullName":"TournamentSelectionCommittee committeeSelection should apply weather skepticism for rainy weather","status":"passed","title":"should apply weather skepticism for rainy weather","duration":1.3604579999999942,"failureMessages":[],"meta":{}},{"ancestorTitles":["TournamentSelectionCommittee","committeeSelection"],"fullName":"TournamentSelectionCommittee committeeSelection should apply weather skepticism for scalding weather","status":"passed","title":"should apply weather skepticism for scalding weather","duration":1.2067080000000487,"failureMessages":[],"meta":{}},{"ancestorTitles":["TournamentSelectionCommittee","committeeSelection"],"fullName":"TournamentSelectionCommittee committeeSelection should include style champions","status":"passed","title":"should include style champions","duration":0.9619999999999891,"failureMessages":[],"meta":{}},{"ancestorTitles":["TournamentSelectionCommittee","committeeSelection"],"fullName":"TournamentSelectionCommittee committeeSelection should generate emergency fillers if pool is insufficient","status":"passed","title":"should generate emergency fillers if pool is insufficient","duration":3.234916999999996,"failureMessages":[],"meta":{}},{"ancestorTitles":["TournamentSelectionCommittee","committeeSelection"],"fullName":"TournamentSelectionCommittee committeeSelection should return updated locked IDs","status":"passed","title":"should return updated locked IDs","duration":1.0774579999999787,"failureMessages":[],"meta":{}},{"ancestorTitles":["TournamentSelectionCommittee","TOURNAMENT_TIERS"],"fullName":"TournamentSelectionCommittee TOURNAMENT_TIERS should export 4 tournament tiers","status":"passed","title":"should export 4 tournament tiers","duration":4.8777919999999995,"failureMessages":[],"meta":{}},{"ancestorTitles":["TournamentSelectionCommittee","TOURNAMENT_TIERS"],"fullName":"TournamentSelectionCommittee TOURNAMENT_TIERS should have correct tier IDs","status":"passed","title":"should have correct tier IDs","duration":1.513249999999971,"failureMessages":[],"meta":{}},{"ancestorTitles":["TournamentSelectionCommittee","TOURNAMENT_TIERS"],"fullName":"TournamentSelectionCommittee TOURNAMENT_TIERS should have correct rank ranges","status":"passed","title":"should have correct rank ranges","duration":4.611999999999966,"failureMessages":[],"meta":{}}],"startTime":1778158646921,"endTime":1778158646955.612,"status":"passed","message":"","name":"/Users/amauricia/Documents/GitHub/stable-lords/src/test/engine/matchmaking/tournament/tournamentSelectionCommittee.test.ts"},{"assertionResults":[{"ancestorTitles":["TournamentStateMutator","findWarriorById"],"fullName":"TournamentStateMutator findWarriorById should find warrior in player roster","status":"passed","title":"should find warrior in player roster","duration":3.0534999999999854,"failureMessages":[],"meta":{}},{"ancestorTitles":["TournamentStateMutator","findWarriorById"],"fullName":"TournamentStateMutator findWarriorById should find warrior in rival roster","status":"passed","title":"should find warrior in rival roster","duration":0.7047909999998865,"failureMessages":[],"meta":{}},{"ancestorTitles":["TournamentStateMutator","findWarriorById"],"fullName":"TournamentStateMutator findWarriorById should return undefined for non-existent warrior","status":"passed","title":"should return undefined for non-existent warrior","duration":0.7056249999999409,"failureMessages":[],"meta":{}},{"ancestorTitles":["TournamentStateMutator","findWarriorById"],"fullName":"TournamentStateMutator findWarriorById should find warrior in tournament participants","status":"passed","title":"should find warrior in tournament participants","duration":0.5583749999999554,"failureMessages":[],"meta":{}},{"ancestorTitles":["TournamentStateMutator","findWarriorById"],"fullName":"TournamentStateMutator findWarriorById should prioritize tournament participants over rosters","status":"passed","title":"should prioritize tournament participants over rosters","duration":0.5769999999999982,"failureMessages":[],"meta":{}},{"ancestorTitles":["TournamentStateMutator","modifyWarrior"],"fullName":"TournamentStateMutator modifyWarrior should modify warrior in player roster","status":"passed","title":"should modify warrior in player roster","duration":1.0080420000000458,"failureMessages":[],"meta":{}},{"ancestorTitles":["TournamentStateMutator","modifyWarrior"],"fullName":"TournamentStateMutator modifyWarrior should modify warrior in rival roster","status":"passed","title":"should modify warrior in rival roster","duration":0.5530420000000049,"failureMessages":[],"meta":{}},{"ancestorTitles":["TournamentStateMutator","modifyWarrior"],"fullName":"TournamentStateMutator modifyWarrior should return unchanged state for non-existent warrior","status":"passed","title":"should return unchanged state for non-existent warrior","duration":0.3827919999999949,"failureMessages":[],"meta":{}},{"ancestorTitles":["TournamentStateMutator","modifyWarrior"],"fullName":"TournamentStateMutator modifyWarrior should apply complex transform function","status":"passed","title":"should apply complex transform function","duration":0.36704100000008566,"failureMessages":[],"meta":{}},{"ancestorTitles":["TournamentStateMutator","modifyWarrior"],"fullName":"TournamentStateMutator modifyWarrior should not mutate original state","status":"passed","title":"should not mutate original state","duration":0.2648340000000644,"failureMessages":[],"meta":{}}],"startTime":1778158648720,"endTime":1778158648728.367,"status":"passed","message":"","name":"/Users/amauricia/Documents/GitHub/stable-lords/src/test/engine/matchmaking/tournament/tournamentStateMutator.test.ts"},{"assertionResults":[{"ancestorTitles":["processHallOfFame"],"fullName":"processHallOfFame returns state unchanged if not week 1 of a new year","status":"passed","title":"returns state unchanged if not week 1 of a new year","duration":1.0454170000000431,"failureMessages":[],"meta":{}},{"ancestorTitles":["processHallOfFame"],"fullName":"processHallOfFame returns state unchanged if it is the very first week of the game (Year 1)","status":"passed","title":"returns state unchanged if it is the very first week of the game (Year 1)","duration":0.22879199999999855,"failureMessages":[],"meta":{}},{"ancestorTitles":["processHallOfFame"],"fullName":"processHallOfFame correctly calculates and applies annual awards at Year 2 start","status":"passed","title":"correctly calculates and applies annual awards at Year 2 start","duration":0.8446659999999611,"failureMessages":[],"meta":{}}],"startTime":1778158651908,"endTime":1778158651909.8447,"status":"passed","message":"","name":"/Users/amauricia/Documents/GitHub/stable-lords/src/test/engine/pipeline/core/hallOfFame.test.ts"},{"assertionResults":[{"ancestorTitles":["EventPass"],"fullName":"EventPass should rarely trigger the Lost Relic Discovery event and correctly modify stats","status":"passed","title":"should rarely trigger the Lost Relic Discovery event and correctly modify stats","duration":3.693040999999994,"failureMessages":[],"meta":{}},{"ancestorTitles":["EventPass"],"fullName":"EventPass should trigger the Tavern Brawl event, award +5 fame and add a Black Eye injury","status":"passed","title":"should trigger the Tavern Brawl event, award +5 fame and add a Black Eye injury","duration":0.8502500000000737,"failureMessages":[],"meta":{}},{"ancestorTitles":["EventPass"],"fullName":"EventPass should trigger the Mysterious Patron event and correctly update treasuryDelta","status":"passed","title":"should trigger the Mysterious Patron event and correctly update treasuryDelta","duration":0.22612500000002456,"failureMessages":[],"meta":{}}],"startTime":1778158652990,"endTime":1778158652995.226,"status":"passed","message":"","name":"/Users/amauricia/Documents/GitHub/stable-lords/src/test/engine/pipeline/passes/EventPass.test.ts"},{"assertionResults":[{"ancestorTitles":["PromoterPass","Personality-based purse modifiers"],"fullName":"PromoterPass Personality-based purse modifiers should apply +15% purse modifier for Greedy promoters","status":"passed","title":"should apply +15% purse modifier for Greedy promoters","duration":9.256208000000015,"failureMessages":[],"meta":{}},{"ancestorTitles":["PromoterPass","Personality-based purse modifiers"],"fullName":"PromoterPass Personality-based purse modifiers should apply +20% purse when both warriors have fame > 75 for Flashy promoters","status":"passed","title":"should apply +20% purse when both warriors have fame > 75 for Flashy promoters","duration":1.692957999999976,"failureMessages":[],"meta":{}},{"ancestorTitles":["PromoterPass","Personality-based purse modifiers"],"fullName":"PromoterPass Personality-based purse modifiers should apply +5% purse for Corporate promoters","status":"passed","title":"should apply +5% purse for Corporate promoters","duration":1.3470419999999876,"failureMessages":[],"meta":{}},{"ancestorTitles":["PromoterPass","Personality-based hype modifiers"],"fullName":"PromoterPass Personality-based hype modifiers should reduce hype by 10% for Greedy promoters","status":"passed","title":"should reduce hype by 10% for Greedy promoters","duration":1.079166999999984,"failureMessages":[],"meta":{}},{"ancestorTitles":["PromoterPass","Personality-based hype modifiers"],"fullName":"PromoterPass Personality-based hype modifiers should increase hype by 10% for Honorable promoters when fame difference < 50","status":"passed","title":"should increase hype by 10% for Honorable promoters when fame difference < 50","duration":1.20737500000007,"failureMessages":[],"meta":{}},{"ancestorTitles":["PromoterPass","Personality-based hype modifiers"],"fullName":"PromoterPass Personality-based hype modifiers should increase hype by 25 for Sadistic promoters with high-kill warriors","status":"passed","title":"should increase hype by 25 for Sadistic promoters with high-kill warriors","duration":1.2514170000000604,"failureMessages":[],"meta":{}},{"ancestorTitles":["PromoterPass","Personality-based hype modifiers"],"fullName":"PromoterPass Personality-based hype modifiers should increase hype by 15 for Flashy promoters when warriors have fame > 100","status":"passed","title":"should increase hype by 15 for Flashy promoters when warriors have fame > 100","duration":1.0669169999999895,"failureMessages":[],"meta":{}},{"ancestorTitles":["PromoterPass","Personality-based skill gap thresholds"],"fullName":"PromoterPass Personality-based skill gap thresholds should allow larger skill gaps (0.35) for Greedy promoters","status":"passed","title":"should allow larger skill gaps (0.35) for Greedy promoters","duration":1.2477910000000065,"failureMessages":[],"meta":{}},{"ancestorTitles":["PromoterPass","Personality-based skill gap thresholds"],"fullName":"PromoterPass Personality-based skill gap thresholds should restrict skill gaps to 0.10 for Honorable promoters","status":"passed","title":"should restrict skill gaps to 0.10 for Honorable promoters","duration":1.25162499999999,"failureMessages":[],"meta":{}},{"ancestorTitles":["PromoterPass","Personality-based skill gap thresholds"],"fullName":"PromoterPass Personality-based skill gap thresholds should use 0.25 skill gap for Sadistic and Flashy promoters","status":"passed","title":"should use 0.25 skill gap for Sadistic and Flashy promoters","duration":2.1375829999999496,"failureMessages":[],"meta":{}},{"ancestorTitles":["PromoterPass","Personality-based skill gap thresholds"],"fullName":"PromoterPass Personality-based skill gap thresholds should use 0.20 skill gap for Corporate promoters","status":"passed","title":"should use 0.20 skill gap for Corporate promoters","duration":2.2037090000000035,"failureMessages":[],"meta":{}},{"ancestorTitles":["PromoterPass","Tournament week warrior exclusion"],"fullName":"PromoterPass Tournament week warrior exclusion should exclude tournament-locked warriors from regular bout offers","status":"passed","title":"should exclude tournament-locked warriors from regular bout offers","duration":2.3587909999999965,"failureMessages":[],"meta":{}},{"ancestorTitles":["PromoterPass","Tournament week warrior exclusion"],"fullName":"PromoterPass Tournament week warrior exclusion should still generate offers for non-tournament warriors during tournament weeks","status":"passed","title":"should still generate offers for non-tournament warriors during tournament weeks","duration":1.2549589999999853,"failureMessages":[],"meta":{}},{"ancestorTitles":["PromoterPass","Tournament week warrior exclusion"],"fullName":"PromoterPass Tournament week warrior exclusion should not affect offer generation when isTournamentWeek is false","status":"passed","title":"should not affect offer generation when isTournamentWeek is false","duration":3.90137500000003,"failureMessages":[],"meta":{}},{"ancestorTitles":["PromoterPass","Sadistic promoter injury-risk matching"],"fullName":"PromoterPass Sadistic promoter injury-risk matching should prefer injury-risk matchups for Sadistic promoters","status":"passed","title":"should prefer injury-risk matchups for Sadistic promoters","duration":1.288583000000017,"failureMessages":[],"meta":{}},{"ancestorTitles":["PromoterPass","Sadistic promoter injury-risk matching"],"fullName":"PromoterPass Sadistic promoter injury-risk matching should apply +20% purse modifier for injury-risk matchups with Sadistic promoters","status":"passed","title":"should apply +20% purse modifier for injury-risk matchups with Sadistic promoters","duration":1.2927079999999478,"failureMessages":[],"meta":{}},{"ancestorTitles":["PromoterPass","Flashy promoter showy-style matching"],"fullName":"PromoterPass Flashy promoter showy-style matching should prefer showy styles (Lunging, AimedBlow, ParryLunge) for Flashy promoters","status":"passed","title":"should prefer showy styles (Lunging, AimedBlow, ParryLunge) for Flashy promoters","duration":1.275541999999973,"failureMessages":[],"meta":{}},{"ancestorTitles":["PromoterPass","Flashy promoter showy-style matching"],"fullName":"PromoterPass Flashy promoter showy-style matching should apply +10% hype when both warriors have showy styles","status":"passed","title":"should apply +10% hype when both warriors have showy styles","duration":1.366041999999993,"failureMessages":[],"meta":{}},{"ancestorTitles":["PromoterPass","Edge cases and error handling"],"fullName":"PromoterPass Edge cases and error handling should handle empty promoters gracefully","status":"passed","title":"should handle empty promoters gracefully","duration":0.7999999999999545,"failureMessages":[],"meta":{}},{"ancestorTitles":["PromoterPass","Edge cases and error handling"],"fullName":"PromoterPass Edge cases and error handling should handle promoters with zero capacity","status":"passed","title":"should handle promoters with zero capacity","duration":0.7418329999999287,"failureMessages":[],"meta":{}},{"ancestorTitles":["PromoterPass","Edge cases and error handling"],"fullName":"PromoterPass Edge cases and error handling should garbage collect expired offers","status":"passed","title":"should garbage collect expired offers","duration":1.041291000000001,"failureMessages":[],"meta":{}},{"ancestorTitles":["PromoterPass","Edge cases and error handling"],"fullName":"PromoterPass Edge cases and error handling should preserve signed offers for current week","status":"passed","title":"should preserve signed offers for current week","duration":0.997208999999998,"failureMessages":[],"meta":{}}],"startTime":1778158646912,"endTime":1778158646952.9973,"status":"passed","message":"","name":"/Users/amauricia/Documents/GitHub/stable-lords/src/test/engine/pipeline/passes/PromoterPass.test.ts"},{"assertionResults":[{"ancestorTitles":["runSeasonalPass"],"fullName":"runSeasonalPass should not do anything if nextWeek is not 1","status":"passed","title":"should not do anything if nextWeek is not 1","duration":1.0366250000000719,"failureMessages":[],"meta":{}},{"ancestorTitles":["runSeasonalPass"],"fullName":"runSeasonalPass should trigger the black_market_raid offseason event, deduct gold, and newsletter","status":"passed","title":"should trigger the black_market_raid offseason event, deduct gold, and newsletter","duration":1.0811669999999367,"failureMessages":[],"meta":{}},{"ancestorTitles":["runSeasonalPass"],"fullName":"runSeasonalPass should trigger the grand_feast offseason event, deduct gold, award XP to all active","status":"passed","title":"should trigger the grand_feast offseason event, deduct gold, award XP to all active","duration":0.31920800000000327,"failureMessages":[],"meta":{}},{"ancestorTitles":["runSeasonalPass"],"fullName":"runSeasonalPass should run offseason event when nextWeek is 1","status":"passed","title":"should run offseason event when nextWeek is 1","duration":0.12179100000003018,"failureMessages":[],"meta":{}},{"ancestorTitles":["runSeasonalPass"],"fullName":"runSeasonalPass should trigger the tavern_brawl offseason event, award fame, and add a Bruised Ribs injury","status":"passed","title":"should trigger the tavern_brawl offseason event, award fame, and add a Bruised Ribs injury","duration":0.36579200000005585,"failureMessages":[],"meta":{}},{"ancestorTitles":["runSeasonalPass"],"fullName":"runSeasonalPass should not add a Bruised Ribs injury to an already-injured warrior in tavern_brawl","status":"passed","title":"should not add a Bruised Ribs injury to an already-injured warrior in tavern_brawl","duration":0.09608400000001893,"failureMessages":[],"meta":{}},{"ancestorTitles":["runSeasonalPass"],"fullName":"runSeasonalPass should trigger wandering_healer and cure an injury if someone is injured","status":"passed","title":"should trigger wandering_healer and cure an injury if someone is injured","duration":0.36275000000000546,"failureMessages":[],"meta":{}},{"ancestorTitles":["runSeasonalPass"],"fullName":"runSeasonalPass should trigger wandering_healer and offer snake oil if no one is injured","status":"passed","title":"should trigger wandering_healer and offer snake oil if no one is injured","duration":0.1944579999999405,"failureMessages":[],"meta":{}},{"ancestorTitles":["runSeasonalPass"],"fullName":"runSeasonalPass should trigger the mystic_vision offseason event, award xp and fame, and add a newsletter item","status":"passed","title":"should trigger the mystic_vision offseason event, award xp and fame, and add a newsletter item","duration":0.6506669999999986,"failureMessages":[],"meta":{}},{"ancestorTitles":["runSeasonalPass"],"fullName":"runSeasonalPass should trigger the wild_animal_attack offseason event, award fame, and add a Bite Wound injury","status":"passed","title":"should trigger the wild_animal_attack offseason event, award fame, and add a Bite Wound injury","duration":0.1499580000000833,"failureMessages":[],"meta":{}},{"ancestorTitles":["runSeasonalPass"],"fullName":"runSeasonalPass should trigger the loyal_stray offseason event, award xp and fame, and deduct gold","status":"passed","title":"should trigger the loyal_stray offseason event, award xp and fame, and deduct gold","duration":0.28054100000008475,"failureMessages":[],"meta":{}}],"startTime":1778158648292,"endTime":1778158648296.2805,"status":"passed","message":"","name":"/Users/amauricia/Documents/GitHub/stable-lords/src/test/engine/pipeline/passes/SeasonalPass.test.ts"}]}
